Log file open, 12/19/18 14:14:44
LogInit:Display: Running engine for game: juego3D
LogPlatformFile: Not using cached read wrapper
LogInit:Display: RandInit(1063055688) SRandInit(1063055688).
LogTaskGraph: Started task graph with 5 named threads and 8 total threads with 1 sets of task threads.
LogStats: Stats thread started at 0.098915
LogInit: Using libcurl 7.47.1
LogInit:  - built for x86_64-pc-win32
LogInit:  - supports SSL with OpenSSL/1.0.2g
LogInit:  - supports HTTP deflate (compression) using libz 1.2.8
LogInit:  - other features:
LogInit:      CURL_VERSION_SSL
LogInit:      CURL_VERSION_LIBZ
LogInit:      CURL_VERSION_IPV6
LogInit:      CURL_VERSION_ASYNCHDNS
LogInit:      CURL_VERSION_LARGEFILE
LogInit:      CURL_VERSION_IDN
LogInit:  CurlRequestOptions (configurable via config and command line):
LogInit:  - bVerifyPeer = false  - Libcurl will NOT verify peer certificate
LogInit:  - bUseHttpProxy = false  - Libcurl will NOT use HTTP proxy
LogInit:  - bDontReuseConnections = false  - Libcurl will reuse connections
LogInit:  - CertBundlePath = nullptr  - Libcurl will use whatever was configured at build time.
LogInit: Build: ++UE4+Release-4.15-CL-3450819
LogInit: Engine Version: 4.15.3-3450819+++UE4+Release-4.15
LogInit: Compatible Engine Version: 4.15.0-3299760+++UE4+Release-4.15
LogInit: Net CL: 3299760
LogDevObjectVersion: Number of dev versions registered: 14
LogDevObjectVersion:   Dev-Blueprints (B0D832E4-1F89-4F0D-ACCF-7EB736FD4AA2): 8
LogDevObjectVersion:   Dev-Build (E1C64328-A22C-4D53-A36C-8E866417BD8C): 0
LogDevObjectVersion:   Dev-Core (375EC13C-06E4-48FB-B500-84F0262A717E): 2
LogDevObjectVersion:   Dev-Editor (E4B068ED-F494-42E9-A231-DA0B2E46BB41): 14
LogDevObjectVersion:   Dev-Framework (CFFC743F-43B0-4480-9391-14DF171D2073): 22
LogDevObjectVersion:   Dev-Mobile (B02B49B5-BB20-44E9-A304-32B752E40360): 0
LogDevObjectVersion:   Dev-Networking (A4E4105C-59A1-49B5-A7C5-40C4547EDFEE): 0
LogDevObjectVersion:   Dev-Online (39C831C9-5AE6-47DC-9A44-9C173E1C8E7C): 0
LogDevObjectVersion:   Dev-Physics (78F01B33-EBEA-4F98-B9B4-84EACCB95AA2): 0
LogDevObjectVersion:   Dev-Platform (6631380F-2D4D-43E0-8009-CF276956A95A): 0
LogDevObjectVersion:   Dev-Rendering (12F88B9F-8875-4AFC-A67C-D90C383ABD29): 12
LogDevObjectVersion:   Dev-Sequencer (7B5AE74C-D270-4C10-A958-57980B212A5A): 3
LogDevObjectVersion:   Dev-VR (D7296918-1DD6-4BDD-9DE2-64A83CC13884): 0
LogDevObjectVersion:   Dev-LoadTimes (C2A15278-BFE7-4AFE-6C17-90FF531DF755): 1
LogInit: Compiled (64-bit): May 21 2017 11:02:34
LogInit: Compiled with Visual C++: 19.00.23026.00
LogInit: Build Configuration: Development
LogInit: Branch Name: ++UE4+Release-4.15
LogInit: Command line: -EpicPortal  -epicusername="julen.gasco" -epicuserid=355ab556deea40e5b0fccf190ca75605 -epiclocale=en-US
LogInit: Base directory: C:/Program Files/Epic Games/UE_4.15/Engine/Binaries/Win64/
LogInit: Installed Engine Build: 1
LogInit: Presizing for max 8388607 objects, including 0 objects not considered by GC, pre-allocating 0 bytes for permanent pool.
LogInit: Object subsystem initialized
[2018.12.19-13.14.46:393][  0]LogInit: Selected Device Profile: [Windows]
[2018.12.19-13.14.46:393][  0]LogInit: Applying CVar settings loaded from the selected device profile: [Windows]
[2018.12.19-13.14.46:437][  0]LogInit: Computer: U105419
[2018.12.19-13.14.46:437][  0]LogInit: User: Alumno
[2018.12.19-13.14.46:437][  0]LogInit: CPU Page size=65536, Cores=4
[2018.12.19-13.14.46:437][  0]LogInit: High frequency timer resolution =3.507226 MHz
[2018.12.19-13.14.46:437][  0]LogMemory: Memory total: Physical=7.9GB (8GB approx)
[2018.12.19-13.14.46:437][  0]LogMemory: Platform Memory Stats for Windows
[2018.12.19-13.14.46:437][  0]LogMemory: Process Physical Memory: 266.82 MB used, 266.82 MB peak
[2018.12.19-13.14.46:437][  0]LogMemory: Process Virtual Memory: 266.38 MB used, 266.38 MB peak
[2018.12.19-13.14.46:437][  0]LogMemory: Physical Memory: 3255.96 MB used,  4861.77 MB free, 8117.73 MB total
[2018.12.19-13.14.46:437][  0]LogMemory: Virtual Memory: 652.46 MB used,  4861.77 MB free, 8388608.00 MB total
[2018.12.19-13.14.46:568][  0]LogInit: Overriding culture en with editor configuration.
[2018.12.19-13.14.48:059][  0]LogD3D11RHI: D3D11 adapters:
[2018.12.19-13.14.48:084][  0]LogD3D11RHI:    0. 'NVIDIA Quadro K4000' (Feature Level 11_0)
[2018.12.19-13.14.48:084][  0]LogD3D11RHI:       3008/0/3802 MB DedicatedVideo/DedicatedSystem/SharedSystem, Outputs:1, VendorId:0x10de
[2018.12.19-13.14.48:084][  0]LogD3D11RHI: Chosen D3D11 Adapter: 0
[2018.12.19-13.14.48:089][  0]LogD3D11RHI: Creating new Direct3DDevice
[2018.12.19-13.14.48:090][  0]LogD3D11RHI:     GPU DeviceId: 0x11fa (for the marketing name, search the web for "GPU Device Id")
[2018.12.19-13.14.48:090][  0]LogWindows: EnumDisplayDevices:
[2018.12.19-13.14.48:090][  0]LogWindows:    0. 'NVIDIA Quadro K4000' (P:1 D:1)
[2018.12.19-13.14.48:090][  0]LogWindows:    1. 'NVIDIA Quadro K4000' (P:0 D:0)
[2018.12.19-13.14.48:090][  0]LogWindows:    2. 'NVIDIA Quadro K4000' (P:0 D:0)
[2018.12.19-13.14.48:090][  0]LogWindows:    3. 'NVIDIA Quadro K4000' (P:0 D:0)
[2018.12.19-13.14.48:090][  0]LogWindows:    4. 'RDPDD Chained DD' (P:0 D:0)
[2018.12.19-13.14.48:090][  0]LogWindows:    5. 'RDP Encoder Mirror Driver' (P:0 D:0)
[2018.12.19-13.14.48:091][  0]LogWindows:    6. 'RDP Reflector Display Driver' (P:0 D:0)
[2018.12.19-13.14.48:091][  0]LogWindows: DebugString: GetVideoDriverDetailsInvalid PrimaryIsNotTheChoosenAdapter GetVideoDriverDetailsInvalid PrimaryIsNotTheChoosenAdapter GetVideoDriverDetailsInvalid PrimaryIsNotTheChoosenAdapter FoundDriverCount:4 
[2018.12.19-13.14.48:091][  0]LogD3D11RHI:     Adapter Name: NVIDIA Quadro K4000
[2018.12.19-13.14.48:091][  0]LogD3D11RHI:   Driver Version: 377.48 (internal:21.21.13.7748, unified:377.48)
[2018.12.19-13.14.48:091][  0]LogD3D11RHI:      Driver Date: 6-8-2017
[2018.12.19-13.14.48:091][  0]LogRHI: Texture pool is 1361 MB (70% of 1945 MB)
[2018.12.19-13.14.48:104][  0]LogD3D11RHI:Warning: Timestamp queries are currently disabled on this hardware due to instability. Realtime GPU stats will not be available. You can override this behaviour by setting r.NVIDIATimestampWorkaround to 0
[2018.12.19-13.14.48:105][  0]LogD3D11RHI: Async texture creation enabled
[2018.12.19-13.14.48:120][  0]LogD3D11RHI: GPU Timing Frequency: 1000.000000 (Debug: 2 2)
[2018.12.19-13.14.48:122][  0]LogShaderCompilers: Guid format shader working directory is -6 characters bigger than the processId version (D:/Usuarios/Alumno/Documentos/Unreal Projects/juego3d/Intermediate/Shaders/WorkingDirectory/7172/).
[2018.12.19-13.14.48:122][  0]LogShaderCompilers: Cleaned the shader compiler working directory 'C:/Users/Alumno/AppData/Local/Temp/UnrealShaderWorkingDir/6303EDE6407660C4CA91AB92E67304D5/'.
[2018.12.19-13.14.48:122][  0]LogShaderCompilers:Display: Using Local Shader Compiler.
[2018.12.19-13.14.49:777][  0]LogTemp:Display: Loaded TP AllDesktopTargetPlatform
[2018.12.19-13.14.49:926][  0]LogTemp:Display: Loaded TP MacClientTargetPlatform
[2018.12.19-13.14.50:069][  0]LogTemp:Display: Loaded TP MacNoEditorTargetPlatform
[2018.12.19-13.14.50:214][  0]LogTemp:Display: Loaded TP MacServerTargetPlatform
[2018.12.19-13.14.50:360][  0]LogTemp:Display: Loaded TP MacTargetPlatform
[2018.12.19-13.14.50:504][  0]LogTemp:Display: Loaded TP WindowsClientTargetPlatform
[2018.12.19-13.14.50:656][  0]LogTemp:Display: Loaded TP WindowsNoEditorTargetPlatform
[2018.12.19-13.14.50:812][  0]LogTemp:Display: Loaded TP WindowsServerTargetPlatform
[2018.12.19-13.14.50:944][  0]LogTemp:Display: Loaded TP WindowsTargetPlatform
[2018.12.19-13.14.51:087][  0]LogTemp:Display: Loaded TP AndroidTargetPlatform
[2018.12.19-13.14.51:230][  0]LogTemp:Display: Loaded TP Android_ASTCTargetPlatform
[2018.12.19-13.14.51:372][  0]LogTemp:Display: Loaded TP Android_ATCTargetPlatform
[2018.12.19-13.14.51:515][  0]LogTemp:Display: Loaded TP Android_DXTTargetPlatform
[2018.12.19-13.14.51:659][  0]LogTemp:Display: Loaded TP Android_ETC1TargetPlatform
[2018.12.19-13.14.51:805][  0]LogTemp:Display: Loaded TP Android_ETC2TargetPlatform
[2018.12.19-13.14.52:090][  0]LogTemp:Display: Loaded TP Android_MultiTargetPlatform
[2018.12.19-13.14.52:090][  0]LogTemp:Display: Loaded TP Android_PVRTCTargetPlatform
[2018.12.19-13.14.52:213][  0]LogTemp:Display: Loaded TP HTML5TargetPlatform
[2018.12.19-13.14.52:414][  0]LogTemp:Display: Loaded TP IOSTargetPlatform
[2018.12.19-13.14.52:466][  0]LogTemp:Display: Loaded TP TVOSTargetPlatform
[2018.12.19-13.14.52:610][  0]LogTemp:Display: Loaded TP LinuxClientTargetPlatform
[2018.12.19-13.14.52:756][  0]LogTemp:Display: Loaded TP LinuxNoEditorTargetPlatform
[2018.12.19-13.14.52:902][  0]LogTemp:Display: Loaded TP LinuxServerTargetPlatform
[2018.12.19-13.14.53:047][  0]LogTemp:Display: Loaded TP LinuxTargetPlatform
[2018.12.19-13.14.53:047][  0]LogTargetPlatformManager:Display: Building Assets For Windows
[2018.12.19-13.14.53:975][  0]LogDerivedDataCache:Display: Max Cache Size: 512 MB
[2018.12.19-13.14.54:037][  0]LogDerivedDataCache: Loaded boot cache 0.06s 50MB C:/Users/Alumno/AppData/Local/UnrealEngine/4.15/DerivedDataCache/Boot.ddc.
[2018.12.19-13.14.54:037][  0]LogDerivedDataCache:Display: Loaded Boot cache: C:/Users/Alumno/AppData/Local/UnrealEngine/4.15/DerivedDataCache/Boot.ddc
[2018.12.19-13.14.54:038][  0]LogDerivedDataCache: FDerivedDataBackendGraph:  Pak pak cache file D:/Usuarios/Alumno/Documentos/Unreal Projects/juego3d/DerivedDataCache/DDC.ddp not found, will not use a pak cache.
[2018.12.19-13.14.54:038][  0]LogDerivedDataCache: Unable to find inner node Pak for hierarchical cache Hierarchy.
[2018.12.19-13.14.54:038][  0]LogDerivedDataCache: FDerivedDataBackendGraph:  CompressedPak pak cache file D:/Usuarios/Alumno/Documentos/Unreal Projects/juego3d/DerivedDataCache/Compressed.ddp not found, will not use a pak cache.
[2018.12.19-13.14.54:038][  0]LogDerivedDataCache: Unable to find inner node CompressedPak for hierarchical cache Hierarchy.
[2018.12.19-13.14.54:058][  0]LogDerivedDataCache:Display: Pak cache opened for reading ../../../Engine/DerivedDataCache/Compressed.ddp.
[2018.12.19-13.14.54:073][  0]LogDerivedDataCache: Using Local data cache path C:/Users/Alumno/AppData/Local/UnrealEngine/Common/DerivedDataCache: Writable
[2018.12.19-13.14.54:083][  0]LogSlate: Using Freetype 2.6.0
[2018.12.19-13.14.54:086][  0]LogSlate: SlateFontCache - WITH_FREETYPE: 1, WITH_HARFBUZZ: 1
[2018.12.19-13.14.54:086][  0]LogSlate: SlateFontCache - WITH_FREETYPE: 1, WITH_HARFBUZZ: 1
[2018.12.19-13.14.54:617][  0]LogInit: Selected Device Profile: [Windows]
[2018.12.19-13.14.54:621][  0]LogContentStreaming: Texture pool size is 0.00 MB
[2018.12.19-13.14.55:055][  0]LogMeshUtilities: Using QuadricMeshReduction for automatic static mesh reduction
[2018.12.19-13.14.55:188][  0]LogSimplygon: Simplygon DLL not present - disabling.
[2018.12.19-13.14.55:322][  0]LogMeshUtilities: Using SimplygonSwarm for distributed automatic mesh merging
[2018.12.19-13.14.55:322][  0]LogMeshUtilities: No automatic skeletal mesh reduction module available
[2018.12.19-13.14.55:322][  0]LogMeshUtilities: No automatic mesh merging module available
[2018.12.19-13.14.56:266][  0]LogNetVersion: GetLocalNetworkVersion: CL: 3299760, ProjectName: juego3d, ProjectVersion: , EngineNetworkVersion: 2, GameNetworkVersion: 0, NetworkChecksum: 1390200241
[2018.12.19-13.14.56:330][  0]LogAssetRegistry: FAssetRegistry took 0.0198 seconds to start up
[2018.12.19-13.14.56:400][  0]LogPackageLocalizationCache: Processed 3 localized package path(s) for 1 prioritized culture(s) in 0.035010 seconds
[2018.12.19-13.14.56:405][  0]LogUObjectArray: 32493 objects as part of root set at end of initial load.
[2018.12.19-13.14.56:405][  0]LogUObjectAllocator: 7077032 out of 0 bytes used by permanent object pool.
[2018.12.19-13.14.56:405][  0]LogUObjectArray: CloseDisregardForGC: 0/0 objects in disregard for GC pool
[2018.12.19-13.14.56:506][  0]LogInit: WinSock: version 1.1 (2.2), MaxSocks=32767, MaxUdp=65467
[2018.12.19-13.15.00:775][  0]LogTcpMessaging: Initializing TcpMessaging bridge
[2018.12.19-13.15.00:837][  0]LogUdpMessaging: Initializing bridge on interface 0.0.0.0:0 to multicast group 230.0.0.1:6666.
[2018.12.19-13.15.02:084][  0]LogMaterial: Uniform references updated for custom material expression Custom.
[2018.12.19-13.15.03:225][  0]SourceControl: Info Source control is disabled
[2018.12.19-13.15.09:970][  0]LogEngine: Initializing Engine...
[2018.12.19-13.15.09:972][  0]LogHMD: Failed to initialize OpenVR with code 110
[2018.12.19-13.15.10:106][  0]LogStats: UGameplayTagsManager::ConstructGameplayTagTree: Construct from data asset -  0.000 s
[2018.12.19-13.15.10:106][  0]LogStats: UGameplayTagsManager::ConstructGameplayTagTree: GameplayTagTreeChangedEvent.Broadcast -  0.000 s
[2018.12.19-13.15.10:496][  0]LogAIModule: Creating AISystem for world Untitled
[2018.12.19-13.15.10:506][  0]LogInit: XAudio2 using 'Altavoces (Realtek High Definition Audio)' : 2 channels at 48 kHz using 32 bits per sample (channel mask 0x3)
[2018.12.19-13.15.10:531][  0]LogInit: FAudioDevice initialized.
[2018.12.19-13.15.10:561][  0]LogDerivedDataCache: Saved boot cache 0.03s 50MB C:/Users/Alumno/AppData/Local/UnrealEngine/4.15/DerivedDataCache/Boot.ddc.
[2018.12.19-13.15.10:567][  0]LogInit: Texture streaming: Enabled
[2018.12.19-13.15.10:729][  0]LogEngineSessionManager: EngineSessionManager initialized
[2018.12.19-13.15.11:011][  0]LogInit: Transaction tracking system initialized
[2018.12.19-13.15.12:069][  0]BlueprintLog: New page: Editor Load
[2018.12.19-13.15.14:610][  0]LocalizationService: Info Localization service is disabled
[2018.12.19-13.15.16:629][  0]LogConsoleResponse:Display: 
[2018.12.19-13.15.16:843][  0]LogCook:Display: Max memory allowance for cook 16384mb min free memory 0mb
[2018.12.19-13.15.16:843][  0]LogCook:Display: Mobile HDR setting 1
[2018.12.19-13.15.17:456][  0]LogFileCache: Scanning file cache for directory 'D:/Usuarios/Alumno/Documentos/Unreal Projects/juego3d/Content/' took 0.02s
[2018.12.19-13.15.20:587][  0]Cmd: MAP LOAD FILE="D:/Usuarios/Alumno/Documentos/Unreal Projects/juego3d/Content/StarterContent/Maps/Minimal_Default.umap" TEMPLATE=0 SHOWPROGRESS=1 FEATURELEVEL=3
[2018.12.19-13.15.20:616][  0]LightingResults: New page: Lighting Build
[2018.12.19-13.15.20:744][  0]MapCheck: New page: Map Check
[2018.12.19-13.15.20:744][  0]LightingResults: New page: Lighting Build
[2018.12.19-13.15.21:774][  0]LogAIModule: Creating AISystem for world Minimal_Default
[2018.12.19-13.15.21:829][  0]LogEditorServer: Finished looking for orphan Actors (0.000 secs)
[2018.12.19-13.15.21:834][  0]Cmd: MAP CHECKDEP NOCLEARLOG
[2018.12.19-13.15.21:982][  0]MapCheck: Info Map check complete: 0 Error(s), 0 Warning(s), took 148.13ms to complete.
[2018.12.19-13.15.21:982][  0]LogFileHelpers: Loading map 'Minimal_Default' took 1.396
[2018.12.19-13.15.22:354][  0]LogCollectionManager: Loaded 0 collections in 0.001568 seconds
[2018.12.19-13.15.22:556][  0]LogFileCache: Scanning file cache for directory 'D:/Usuarios/Alumno/Documentos/Unreal Projects/juego3d/Saved/Collections/' took 0.01s
[2018.12.19-13.15.22:556][  0]LogFileCache: Scanning file cache for directory 'D:/Usuarios/Alumno/Documentos/Unreal Projects/juego3d/Content/Developers/Alumno/Collections/' took 0.01s
[2018.12.19-13.15.22:556][  0]LogFileCache: Scanning file cache for directory 'D:/Usuarios/Alumno/Documentos/Unreal Projects/juego3d/Content/Collections/' took 0.01s
[2018.12.19-13.15.22:556][  0]LogCollectionManager: Rebuilt the GUID cache for 0 collections in 0.000002 seconds
[2018.12.19-13.15.22:569][  0]LogContentBrowser: Native class hierarchy populated in 0.0119 seconds. Added 2245 classes and 453 folders.
[2018.12.19-13.15.22:746][  0]LogContentBrowser: Native class hierarchy updated for 'WidgetCarousel' in 0.0006 seconds. Added 0 classes and 0 folders.
[2018.12.19-13.15.23:577][  0]LogContentBrowser: Native class hierarchy updated for 'AddContentDialog' in 0.0006 seconds. Added 0 classes and 0 folders.
[2018.12.19-13.15.23:726][  0]LogContentBrowser: Native class hierarchy updated for 'SceneOutliner' in 0.0006 seconds. Added 1 classes and 2 folders.
[2018.12.19-13.15.24:026][  0]LogCrashTracker: Crashtracker disabled due to settings.
[2018.12.19-13.15.24:053][  0]LogUObjectGlobals:Warning: Failed to find object 'Class None.'
[2018.12.19-13.15.24:216][  0]LogContentBrowser: Native class hierarchy updated for 'HierarchicalLODOutliner' in 0.0006 seconds. Added 1 classes and 2 folders.
[2018.12.19-13.15.24:216][  0]LogLoad: (Engine Initialization) Total time: 42.32 seconds
[2018.12.19-13.15.24:216][  0]LogLoad: (Engine Initialization) Total Blueprint compile time: 0.18 seconds
[2018.12.19-13.15.24:216][  0]LogExternalProfiler: No external profilers were discovered.  External profiling features will not be available.
[2018.12.19-13.15.24:229][  0]LogOcInput: OculusInput pre-init called
[2018.12.19-13.15.24:260][  0]SourceControl: Info On branch vehicle
[2018.12.19-13.15.24:260][  0]SourceControl: Info Your branch is ahead of 'origin/vehicle' by 4 commits.
[2018.12.19-13.15.24:261][  0]SourceControl: Info   (use "git push" to publish your local commits)
[2018.12.19-13.15.24:261][  0]SourceControl: Info Changes to be committed:
[2018.12.19-13.15.24:261][  0]SourceControl: Info   (use "git reset HEAD <file>..." to unstage)
[2018.12.19-13.15.24:261][  0]SourceControl: Info 	new file:   Content/MyVehicle/NewAnimBlueprint.uasset
[2018.12.19-13.15.24:261][  0]SourceControl: Info 	new file:   Content/MyVehicle/NewBlueprint.uasset
[2018.12.19-13.15.24:261][  0]SourceControl: Info 	new file:   Content/VehicleAdvBP/Blueprints/VehicleAdvGameMode.uasset
[2018.12.19-13.15.24:261][  0]SourceControl: Info Changes not staged for commit:
[2018.12.19-13.15.24:261][  0]SourceControl: Info   (use "git add/rm <file>..." to update what will be committed)
[2018.12.19-13.15.24:261][  0]SourceControl: Info   (use "git checkout -- <file>..." to discard changes in working directory)
[2018.12.19-13.15.24:261][  0]SourceControl: Info 	modified:   Config/DefaultEditor.ini
[2018.12.19-13.15.24:261][  0]SourceControl: Info 	modified:   Config/DefaultEngine.ini
[2018.12.19-13.15.24:261][  0]SourceControl: Info 	modified:   Config/DefaultInput.ini
[2018.12.19-13.15.24:261][  0]SourceControl: Info 	modified:   Content/Blueprints/MyGameProjectMode.uasset
[2018.12.19-13.15.24:261][  0]SourceControl: Info 	modified:   Content/Blueprints/Vehicle.uasset
[2018.12.19-13.15.24:261][  0]SourceControl: Info 	modified:   Content/MyVehicle/MyBackWheel.uasset
[2018.12.19-13.15.24:261][  0]SourceControl: Info 	modified:   Content/MyVehicle/MyCar.uasset
[2018.12.19-13.15.24:261][  0]SourceControl: Info 	modified:   Content/MyVehicle/MyFrontWheel.uasset
[2018.12.19-13.15.24:261][  0]SourceControl: Info 	modified:   Content/MyVehicle/SK_Car.uasset
[2018.12.19-13.15.24:261][  0]SourceControl: Info 	modified:   Content/MyVehicle/SK_Car_PhysicsAsset.uasset
[2018.12.19-13.15.24:261][  0]SourceControl: Info 	modified:   Content/StarterContent/Maps/Minimal_Default.umap
[2018.12.19-13.15.24:261][  0]SourceControl: Info 	modified:   Content/StarterContent/Maps/Minimal_Default_BuiltData.uasset
[2018.12.19-13.15.24:261][  0]SourceControl: Info 	modified:   Content/mapa1.umap
[2018.12.19-13.15.24:261][  0]SourceControl: Info 	modified:   Intermediate/CachedAssetRegistry.bin
[2018.12.19-13.15.24:261][  0]SourceControl: Info 	modified:   Intermediate/Config/CoalescedSourceConfigs/Editor.ini
[2018.12.19-13.15.24:261][  0]SourceControl: Info 	modified:   Intermediate/Config/CoalescedSourceConfigs/Engine.ini
[2018.12.19-13.15.24:261][  0]SourceControl: Info 	modified:   Intermediate/Config/CoalescedSourceConfigs/Input.ini
[2018.12.19-13.15.24:261][  0]SourceControl: Info 	modified:   Saved/Autosaves/PackageRestoreData.json
[2018.12.19-13.15.24:261][  0]SourceControl: Info 	modified:   Saved/Config/Windows/Editor.ini
[2018.12.19-13.15.24:261][  0]SourceControl: Info 	modified:   Saved/Config/Windows/EditorPerProjectUserSettings.ini
[2018.12.19-13.15.24:261][  0]SourceControl: Info 	modified:   Saved/Config/Windows/Engine.ini
[2018.12.19-13.15.24:261][  0]SourceControl: Info 	modified:   Saved/Config/Windows/Input.ini
[2018.12.19-13.15.24:261][  0]SourceControl: Info 	modified:   Saved/Config/Windows/SourceControlSettings.ini
[2018.12.19-13.15.24:261][  0]SourceControl: Info 	deleted:    Saved/Logs/UE4CC-Windows-6F45C98D47B0E97BE58C309F483F8A7C/CrashReportClient.ini
[2018.12.19-13.15.24:261][  0]SourceControl: Info 	modified:   Saved/Logs/juego3D.log
[2018.12.19-13.15.24:261][  0]SourceControl: Info Untracked files:
[2018.12.19-13.15.24:261][  0]SourceControl: Info   (use "git add <file>..." to include in what will be committed)
[2018.12.19-13.15.24:261][  0]SourceControl: Info 	Content/Blueprints/prueba/Aston_Martin_One-77.uasset
[2018.12.19-13.15.24:261][  0]SourceControl: Info 	Content/Blueprints/prueba/gum.uasset
[2018.12.19-13.15.24:261][  0]SourceControl: Info 	Content/Blueprints/prueba/gum1.uasset
[2018.12.19-13.15.24:261][  0]SourceControl: Info 	Content/Blueprints/prueba/int.uasset
[2018.12.19-13.15.24:261][  0]SourceControl: Info 	Content/Blueprints/prueba/int_3.uasset
[2018.12.19-13.15.24:261][  0]SourceControl: Info 	Content/Blueprints/prueba/int_4.uasset
[2018.12.19-13.15.24:261][  0]SourceControl: Info 	Content/Blueprints/prueba/logo.uasset
[2018.12.19-13.15.24:261][  0]SourceControl: Info 	Content/Blueprints/prueba/red.uasset
[2018.12.19-13.15.24:261][  0]SourceControl: Info 	Content/Effects/Blueprints/
[2018.12.19-13.15.24:261][  0]SourceControl: Info 	Content/Effects/Effects/
[2018.12.19-13.15.24:261][  0]SourceControl: Info 	Content/Effects/Materials/M_dust_dynamic_rotate.uasset
[2018.12.19-13.15.24:261][  0]SourceControl: Info 	Content/Effects/Materials/M_explosion_SubUV.uasset
[2018.12.19-13.15.24:261][  0]SourceControl: Info 	Content/Effects/Materials/M_radial_ramp_vertex.uasset
[2018.12.19-13.15.24:261][  0]SourceControl: Info 	Content/Effects/Materials/M_tyre_track2.uasset
[2018.12.19-13.15.24:261][  0]SourceControl: Info 	Content/Effects/Materials/M_water_splash.uasset
[2018.12.19-13.15.24:261][  0]SourceControl: Info 	Content/Effects/Meshes/
[2018.12.19-13.15.24:261][  0]SourceControl: Info 	Content/Effects/Textures/
[2018.12.19-13.15.24:261][  0]SourceControl: Info 	Content/Maps/
[2018.12.19-13.15.24:261][  0]SourceControl: Info 	Content/Sounds/
[2018.12.19-13.15.24:261][  0]SourceControl: Info 	Content/UI/
[2018.12.19-13.15.24:261][  0]SourceControl: Info 	Content/VehicleAdv/
[2018.12.19-13.15.24:261][  0]SourceControl: Info 	Content/VehicleAdvBP/AdvancedVehicleOverview.uasset
[2018.12.19-13.15.24:261][  0]SourceControl: Info 	Content/VehicleAdvBP/Blueprints/VehicleAdvHud.uasset
[2018.12.19-13.15.24:261][  0]SourceControl: Info 	Content/VehicleAdvBP/Blueprints/VehicleBlueprint.uasset
[2018.12.19-13.15.24:261][  0]SourceControl: Info 	Content/VehicleAdvBP/Blueprints/WheelData/
[2018.12.19-13.15.24:261][  0]SourceControl: Info 	Content/VehicleAdvBP/Maps/
[2018.12.19-13.15.24:261][  0]SourceControl: Info 	Content/VehicleAdvBP/new.uasset
[2018.12.19-13.15.24:261][  0]SourceControl: Info 	Content/VehicleAdvBP/new2.uasset
[2018.12.19-13.15.24:261][  0]SourceControl: Info 	Intermediate/AssetRegistryCache/2657c409.bin
[2018.12.19-13.15.24:261][  0]SourceControl: Info 	Intermediate/AssetRegistryCache/866581fd.bin
[2018.12.19-13.15.24:261][  0]SourceControl: Info 	Intermediate/AssetRegistryCache/8c0e1344.bin
[2018.12.19-13.15.24:261][  0]SourceControl: Info 	Potato/
[2018.12.19-13.15.24:261][  0]SourceControl: Info 	Saved/AutoScreenshot.png
[2018.12.19-13.15.24:262][  0]SourceControl: Info 	Saved/Autosaves/Engine/
[2018.12.19-13.15.24:262][  0]SourceControl: Info 	Saved/Autosaves/Game/
[2018.12.19-13.15.24:262][  0]SourceControl: Info 	Saved/Backup/3dParticleOpacity_Mat_2018-12-12-15-58-24.uasset
[2018.12.19-13.15.24:262][  0]SourceControl: Info 	Saved/Backup/3dParticleOpacity_Mat_2018-12-12-16-58-26.uasset
[2018.12.19-13.15.24:262][  0]SourceControl: Info 	Saved/Backup/AlphaBrushMaterial_2018-12-12-15-58-24.uasset
[2018.12.19-13.15.24:262][  0]SourceControl: Info 	Saved/Backup/AlphaBrushMaterial_2018-12-12-16-58-26.uasset
[2018.12.19-13.15.24:262][  0]SourceControl: Info 	Saved/Backup/BackgroundMaterial_2018-12-12-16-16-08.uasset
[2018.12.19-13.15.24:262][  0]SourceControl: Info 	Saved/Backup/BackgroundMaterial_2018-12-12-16-58-26.uasset
[2018.12.19-13.15.24:262][  0]SourceControl: Info 	Saved/Backup/BaseFlattenMaterial_2018-12-12-16-16-08.uasset
[2018.12.19-13.15.24:262][  0]SourceControl: Info 	Saved/Backup/BaseFlattenMaterial_2018-12-12-16-58-26.uasset
[2018.12.19-13.15.24:262][  0]SourceControl: Info 	Saved/Backup/BasicAsset03_2018-12-12-16-16-08.uasset
[2018.12.19-13.15.24:262][  0]SourceControl: Info 	Saved/Backup/BasicAsset03_2018-12-12-16-58-26.uasset
[2018.12.19-13.15.24:262][  0]SourceControl: Info 	Saved/Backup/CASC_ModuleDisable_MAT_2018-12-12-16-16-08.uasset
[2018.12.19-13.15.24:262][  0]SourceControl: Info 	Saved/Backup/CASC_ModuleDisable_MAT_2018-12-12-16-58-26.uasset
[2018.12.19-13.15.24:262][  0]SourceControl: Info 	Saved/Backup/CASC_RenderNormal_MAT_2018-12-12-16-16-08.uasset
[2018.12.19-13.15.24:262][  0]SourceControl: Info 	Saved/Backup/CASC_RenderNormal_MAT_2018-12-12-16-58-26.uasset
[2018.12.19-13.15.24:262][  0]SourceControl: Info 	Saved/Backup/Cross_Mat_2018-12-12-16-16-07.uasset
[2018.12.19-13.15.24:262][  0]SourceControl: Info 	Saved/Backup/Cross_Mat_2018-12-12-16-58-26.uasset
[2018.12.19-13.15.24:262][  0]SourceControl: Info 	Saved/Backup/DaylightAmbientCubemap_Mat_2018-12-12-16-16-08.uasset
[2018.12.19-13.15.24:262][  0]SourceControl: Info 	Saved/Backup/DaylightAmbientCubemap_Mat_2018-12-12-16-58-26.uasset
[2018.12.19-13.15.24:262][  0]SourceControl: Info 	Saved/Backup/FlowMaps_2018-12-12-16-16-08.uasset
[2018.12.19-13.15.24:262][  0]SourceControl: Info 	Saved/Backup/FlowMaps_2018-12-12-16-58-26.uasset
[2018.12.19-13.15.24:262][  0]SourceControl: Info 	Saved/Backup/GradientMap_Multi_Example_2018-12-12-16-16-08.uasset
[2018.12.19-13.15.24:262][  0]SourceControl: Info 	Saved/Backup/GradientMap_Multi_Example_2018-12-12-16-58-26.uasset
[2018.12.19-13.15.24:262][  0]SourceControl: Info 	Saved/Backup/Minimal_Default_2018-12-05-14-49-34.umap
[2018.12.19-13.15.24:262][  0]SourceControl: Info 	Saved/Backup/Minimal_Default_2018-12-05-15-09-07.umap
[2018.12.19-13.15.24:262][  0]SourceControl: Info 	Saved/Backup/Minimal_Default_2018-12-05-16-05-51.umap
[2018.12.19-13.15.24:262][  0]SourceControl: Info 	Saved/Backup/Minimal_Default_2018-12-12-15-07-35.umap
[2018.12.19-13.15.24:262][  0]SourceControl: Info 	Saved/Backup/Minimal_Default_2018-12-12-15-28-50.umap
[2018.12.19-13.15.24:262][  0]SourceControl: Info 	Saved/Backup/Minimal_Default_2018-12-12-15-58-24.umap
[2018.12.19-13.15.24:262][  0]SourceControl: Info 	Saved/Backup/Minimal_Default_2018-12-12-16-17-44.umap
[2018.12.19-13.15.24:262][  0]SourceControl: Info 	Saved/Backup/Minimal_Default_2018-12-12-16-28-06.umap
[2018.12.19-13.15.24:262][  0]SourceControl: Info 	Saved/Backup/Minimal_Default_2018-12-12-16-49-49.umap
[2018.12.19-13.15.24:262][  0]SourceControl: Info 	Saved/Backup/Minimal_Default_2018-12-12-16-57-39.umap
[2018.12.19-13.15.24:262][  0]SourceControl: Info 	Saved/Backup/Minimal_Default_BuiltData_2018-12-12-15-29-18.uasset
[2018.12.19-13.15.24:262][  0]SourceControl: Info 	Saved/Backup/Minimal_Default_BuiltData_2018-12-12-16-17-44.uasset
[2018.12.19-13.15.24:262][  0]SourceControl: Info 	Saved/Backup/Minimal_Default_BuiltData_2018-12-12-16-28-07.uasset
[2018.12.19-13.15.24:262][  0]SourceControl: Info 	Saved/Backup/Minimal_Default_BuiltData_2018-12-12-16-57-39.uasset
[2018.12.19-13.15.24:262][  0]SourceControl: Info 	Saved/Backup/MyBackWheel_2018-12-12-15-20-00.uasset
[2018.12.19-13.15.24:262][  0]SourceControl: Info 	Saved/Backup/MyBackWheel_2018-12-12-15-28-49.uasset
[2018.12.19-13.15.24:262][  0]SourceControl: Info 	Saved/Backup/MyBackWheel_2018-12-12-15-43-46.uasset
[2018.12.19-13.15.24:262][  0]SourceControl: Info 	Saved/Backup/MyBackWheel_2018-12-12-16-29-54.uasset
[2018.12.19-13.15.24:262][  0]SourceControl: Info 	Saved/Backup/MyBackWheel_2018-12-18-18-59-51.uasset
[2018.12.19-13.15.24:262][  0]SourceControl: Info 	Saved/Backup/MyBackWheel_2018-12-18-19-05-25.uasset
[2018.12.19-13.15.24:262][  0]SourceControl: Info 	Saved/Backup/MyBackWheel_2018-12-18-19-19-22.uasset
[2018.12.19-13.15.24:262][  0]SourceControl: Info 	Saved/Backup/MyBackWheel_2018-12-18-19-25-18.uasset
[2018.12.19-13.15.24:262][  0]SourceControl: Info 	Saved/Backup/MyBackWheel_2018-12-18-19-46-57.uasset
[2018.12.19-13.15.24:262][  0]SourceControl: Info 	Saved/Backup/MyCarAnim_2018-12-12-15-10-33.uasset
[2018.12.19-13.15.24:262][  0]SourceControl: Info 	Saved/Backup/MyCar_2018-12-12-14-44-28.uasset
[2018.12.19-13.15.24:262][  0]SourceControl: Info 	Saved/Backup/MyCar_2018-12-12-14-56-16.uasset
[2018.12.19-13.15.24:262][  0]SourceControl: Info 	Saved/Backup/MyCar_2018-12-12-15-01-28.uasset
[2018.12.19-13.15.24:262][  0]SourceControl: Info 	Saved/Backup/MyCar_2018-12-12-15-11-05.uasset
[2018.12.19-13.15.24:262][  0]SourceControl: Info 	Saved/Backup/MyCar_2018-12-12-15-27-39.uasset
[2018.12.19-13.15.24:262][  0]SourceControl: Info 	Saved/Backup/MyCar_2018-12-12-15-42-52.uasset
[2018.12.19-13.15.24:262][  0]SourceControl: Info 	Saved/Backup/MyCar_2018-12-12-15-48-33.uasset
[2018.12.19-13.15.24:262][  0]SourceControl: Info 	Saved/Backup/MyCar_2018-12-12-15-57-12.uasset
[2018.12.19-13.15.24:262][  0]SourceControl: Info 	Saved/Backup/MyCar_2018-12-12-16-02-40.uasset
[2018.12.19-13.15.24:262][  0]SourceControl: Info 	Saved/Backup/MyCar_2018-12-12-16-11-11.uasset
[2018.12.19-13.15.24:262][  0]SourceControl: Info 	Saved/Backup/MyCar_2018-12-12-16-17-05.uasset
[2018.12.19-13.15.24:262][  0]SourceControl: Info 	Saved/Backup/MyCar_2018-12-12-16-36-07.uasset
[2018.12.19-13.15.24:262][  0]SourceControl: Info 	Saved/Backup/MyCar_2018-12-18-18-31-14.uasset
[2018.12.19-13.15.24:262][  0]SourceControl: Info 	Saved/Backup/MyCar_2018-12-18-19-06-47.uasset
[2018.12.19-13.15.24:262][  0]SourceControl: Info 	Saved/Backup/MyCar_2018-12-18-19-12-36.uasset
[2018.12.19-13.15.24:262][  0]SourceControl: Info 	Saved/Backup/MyCar_2018-12-18-19-18-40.uasset
[2018.12.19-13.15.24:262][  0]SourceControl: Info 	Saved/Backup/MyCar_2018-12-18-19-26-08.uasset
[2018.12.19-13.15.24:262][  0]SourceControl: Info 	Saved/Backup/MyCar_2018-12-18-19-40-11.uasset
[2018.12.19-13.15.24:262][  0]SourceControl: Info 	Saved/Backup/MyCar_2018-12-18-19-46-47.uasset
[2018.12.19-13.15.24:263][  0]SourceControl: Info 	Saved/Backup/MyFrontWheel_2018-12-12-16-12-30.uasset
[2018.12.19-13.15.24:263][  0]SourceControl: Info 	Saved/Backup/MyFrontWheel_2018-12-12-16-28-56.uasset
[2018.12.19-13.15.24:263][  0]SourceControl: Info 	Saved/Backup/MyFrontWheel_2018-12-18-18-59-53.uasset
[2018.12.19-13.15.24:263][  0]SourceControl: Info 	Saved/Backup/MyFrontWheel_2018-12-18-19-05-24.uasset
[2018.12.19-13.15.24:263][  0]SourceControl: Info 	Saved/Backup/MyFrontWheel_2018-12-18-19-19-05.uasset
[2018.12.19-13.15.24:263][  0]SourceControl: Info 	Saved/Backup/MyFrontWheel_2018-12-18-19-25-15.uasset
[2018.12.19-13.15.24:263][  0]SourceControl: Info 	Saved/Backup/MyFrontWheel_2018-12-18-19-47-00.uasset
[2018.12.19-13.15.24:263][  0]SourceControl: Info 	Saved/Backup/MyGameProjectMode_2018-12-12-14-44-57.uasset
[2018.12.19-13.15.24:263][  0]SourceControl: Info 	Saved/Backup/MyGameProjectMode_2018-12-18-18-31-14.uasset
[2018.12.19-13.15.24:263][  0]SourceControl: Info 	Saved/Backup/MyGameProjectMode_2018-12-18-19-54-29.uasset
[2018.12.19-13.15.24:263][  0]SourceControl: Info 	Saved/Backup/SK_Car_2018-12-18-18-29-15.uasset
[2018.12.19-13.15.24:263][  0]SourceControl: Info 	Saved/Backup/SK_Car_PhysicsAsset_2018-12-12-15-02-48.uasset
[2018.12.19-13.15.24:263][  0]SourceControl: Info 	Saved/Backup/SK_Car_PhysicsAsset_2018-12-18-19-05-02.uasset
[2018.12.19-13.15.24:263][  0]SourceControl: Info 	Saved/Backup/SK_Car_PhysicsAsset_2018-12-18-19-10-19.uasset
[2018.12.19-13.15.24:263][  0]SourceControl: Info 	Saved/Backup/SK_Car_PhysicsAsset_2018-12-18-19-16-22.uasset
[2018.12.19-13.15.24:263][  0]SourceControl: Info 	Saved/Backup/SK_Car_PhysicsAsset_2018-12-18-19-45-00.uasset
[2018.12.19-13.15.24:263][  0]SourceControl: Info 	Saved/Backup/VehicleAdvExampleMap_2018-12-18-18-37-46.umap
[2018.12.19-13.15.24:263][  0]SourceControl: Info 	Saved/Backup/VehicleAdvExampleMap_2018-12-18-19-23-40.umap
[2018.12.19-13.15.24:263][  0]SourceControl: Info 	Saved/Backup/VehicleAdvExampleMap_2018-12-18-19-41-21.umap
[2018.12.19-13.15.24:263][  0]SourceControl: Info 	Saved/Backup/VehicleAdvExampleMap_2018-12-18-19-56-09.umap
[2018.12.19-13.15.24:263][  0]SourceControl: Info 	Saved/Backup/VehicleAdvExampleMap_2018-12-18-20-07-25.umap
[2018.12.19-13.15.24:263][  0]SourceControl: Info 	Saved/Backup/VehicleAdvExampleMap_BuiltData_2018-12-18-18-37-47.uasset
[2018.12.19-13.15.24:263][  0]SourceControl: Info 	Saved/Backup/VehicleAdvExampleMap_BuiltData_2018-12-18-19-56-09.uasset
[2018.12.19-13.15.24:263][  0]SourceControl: Info 	Saved/Backup/VehicleBlueprint_2018-12-18-19-58-57.uasset
[2018.12.19-13.15.24:263][  0]SourceControl: Info 	Saved/Backup/VehicleBlueprint_2018-12-18-20-06-36.uasset
[2018.12.19-13.15.24:263][  0]SourceControl: Info 	Saved/Backup/Vehicle_2018-12-05-14-45-10.uasset
[2018.12.19-13.15.24:263][  0]SourceControl: Info 	Saved/Backup/Vehicle_2018-12-05-14-50-36.uasset
[2018.12.19-13.15.24:263][  0]SourceControl: Info 	Saved/Backup/Vehicle_2018-12-05-15-09-07.uasset
[2018.12.19-13.15.24:263][  0]SourceControl: Info 	Saved/Backup/Vehicle_2018-12-05-15-20-26.uasset
[2018.12.19-13.15.24:263][  0]SourceControl: Info 	Saved/Backup/Vehicle_2018-12-05-15-27-23.uasset
[2018.12.19-13.15.24:263][  0]SourceControl: Info 	Saved/Backup/Vehicle_2018-12-05-15-55-15.uasset
[2018.12.19-13.15.24:263][  0]SourceControl: Info 	Saved/Backup/Vehicle_2018-12-05-16-05-51.uasset
[2018.12.19-13.15.24:263][  0]SourceControl: Info 	Saved/Backup/Vehicle_2018-12-05-16-20-51.uasset
[2018.12.19-13.15.24:263][  0]SourceControl: Info 	Saved/Backup/Vehicle_2018-12-18-18-23-05.uasset
[2018.12.19-13.15.24:263][  0]SourceControl: Info 	Saved/Backup/mapa1_2018-12-18-18-31-14.umap
[2018.12.19-13.15.24:263][  0]SourceControl: Info 	Saved/Config/WorldState/
[2018.12.19-13.15.24:263][  0]SourceControl: Info 	Saved/Logs/UE4CC-Windows-2DC79E1F491CD827F9927D8FD8EB96B9/
[2018.12.19-13.15.24:263][  0]SourceControl: Info 	Saved/Logs/UE4CC-Windows-2DC79E1F491CD827F9927D8FD8EB96B9_0000/
[2018.12.19-13.15.24:263][  0]SourceControl: Info 	Saved/Logs/UE4CC-Windows-5674B8254C1336E64D4939B860A96D74/
[2018.12.19-13.15.24:263][  0]SourceControl: Info 	Saved/Logs/juego3D-backup-2018.12.18-18.09.54.log
[2018.12.19-13.15.24:263][  0]SourceControl: Info 	Saved/Logs/juego3D-backup-2018.12.19-14.14.44.log
[2018.12.19-13.15.24:263][  0]SourceControl: Info 	Saved/Logs/juego3D_2.log
[2018.12.19-13.15.24:263][  0]SourceControl: Info 	Saved/Screenshots/
[2018.12.19-13.15.24:263][  0]LogContentStreaming: Texture pool size now 1000 MB
[2018.12.19-13.15.24:265][  0]LogSlate: Took 0.000836 seconds to synchronously load lazily loaded font '../../../Engine/Content/Slate/Fonts/Roboto-Regular.ttf' (155K)
[2018.12.19-13.15.24:270][  0]LogSlate: Took 0.000848 seconds to synchronously load lazily loaded font '../../../Engine/Content/Slate/Fonts/Roboto-Bold.ttf' (160K)
[2018.12.19-13.15.24:295][  0]LogSlate: Took 0.009792 seconds to synchronously load lazily loaded font '../../../Engine/Content/Editor/Slate/Fonts/FontAwesome.ttf' (139K)
[2018.12.19-13.15.24:710][  0]LogSlate: Took 0.009669 seconds to synchronously load lazily loaded font '../../../Engine/Content/Slate/Fonts/Roboto-Light.ttf' (159K)
[2018.12.19-13.15.24:750][  0]LogRenderer: Reallocating scene render targets to support 1208x576 NumSamples 1 (Frame:2).
[2018.12.19-13.15.25:022][  2]LogAssetRegistry: Asset discovery search completed in 28.7115 seconds
[2018.12.19-13.15.25:022][  2]LogCollectionManager: Rebuilt the object cache for 0 collections in 0.000008 seconds (found 0 objects)
[2018.12.19-13.15.25:022][  2]LogCollectionManager: Fixed up redirectors for 0 collections in 0.000025 seconds (updated 0 objects)
[2018.12.19-13.15.25:311][  6]LogSlate: Took 0.001848 seconds to synchronously load lazily loaded font '../../../Engine/Content/Slate/Fonts/Roboto-Light.ttf' (159K)
[2018.12.19-13.15.32:995][773]LogSlate: Took 0.000669 seconds to synchronously load lazily loaded font '../../../Engine/Content/Slate/Fonts/Roboto-Light.ttf' (159K)
[2018.12.19-13.15.33:934][773]LogContentBrowser: Native class hierarchy updated for 'BlueprintGraph' in 0.0010 seconds. Added 112 classes and 0 folders.
[2018.12.19-13.15.35:847][773]LogContentBrowser: Native class hierarchy updated for 'PhAT' in 0.0006 seconds. Added 1 classes and 2 folders.
[2018.12.19-13.15.36:652][773]LogContentBrowser: Native class hierarchy updated for 'SkeletonEditor' in 0.0007 seconds. Added 1 classes and 2 folders.
[2018.12.19-13.15.36:876][773]LogActorComponent: RegisterComponentWithWorld: (/Engine/Transient.World_5:PersistentLevel.Actor_0.DebugSkelMeshComponent_0) Already registered. Aborting.
[2018.12.19-13.15.37:002][773]LogSkeletalMesh: USkeletalMeshComponent::InitArticulated : Bodies already created (/Engine/Transient.World_5:PersistentLevel.Actor_0.DebugSkelMeshComponent_0) - call TermArticulated first.
[2018.12.19-13.15.37:384][773]LogBlueprint:Warning: [Compiler VehicleBlueprint] Warning InputAction Event references unknown Action 'Handbrake' for  InputAction Handbrake
[2018.12.19-13.15.37:384][773]LogBlueprint:Warning: [Compiler VehicleBlueprint] Warning InputAction Event references unknown Action 'ResetVR' for  InputAction ResetVR
[2018.12.19-13.15.37:385][773]LogBlueprint:Warning: [Compiler VehicleBlueprint] Warning Get Input Axis references unknown Axis 'LookUp' for  Get LookUp
[2018.12.19-13.15.37:385][773]LogBlueprint:Warning: [Compiler VehicleBlueprint] Warning Get Input Axis references unknown Axis 'LookRight' for  Get LookRight
[2018.12.19-13.15.37:385][773]LogBlueprint:Warning: [Compiler VehicleBlueprint] Warning InputAction Event references unknown Action 'SwitchCamera' for  InputAction SwitchCamera
[2018.12.19-13.15.37:395][773]LogBlueprint:Warning: [Compiler VehicleBlueprint] Warning [0055.50] Compile of VehicleBlueprint successful, but with 5 Warning(s) [in 17 ms] (/Game/VehicleAdvBP/Blueprints/VehicleBlueprint.VehicleBlueprint)
[2018.12.19-13.15.37:395][773]LogBlueprint:Warning: [Compiler VehicleBlueprint] Warning [0055.50] Compile of VehicleBlueprint successful, but with 6 Warning(s) [in 0 ms] (/Game/VehicleAdvBP/Blueprints/VehicleBlueprint.VehicleBlueprint)
[2018.12.19-13.15.37:395][773]LogBlueprint:Warning: [Compiler VehicleBlueprint] Warning [0055.50] Compile of VehicleBlueprint successful, but with 7 Warning(s) [in 0 ms] (/Game/VehicleAdvBP/Blueprints/VehicleBlueprint.VehicleBlueprint)
[2018.12.19-13.15.37:413][773]LogBlueprint:Warning: [Compiler VehicleBlueprint] Warning InputAction Event references unknown Action 'Handbrake' for  InputAction Handbrake
[2018.12.19-13.15.37:413][773]LogBlueprint:Warning: [Compiler VehicleBlueprint] Warning InputAction Event references unknown Action 'ResetVR' for  InputAction ResetVR
[2018.12.19-13.15.37:413][773]LogBlueprint:Warning: [Compiler VehicleBlueprint] Warning Get Input Axis references unknown Axis 'LookUp' for  Get LookUp
[2018.12.19-13.15.37:413][773]LogBlueprint:Warning: [Compiler VehicleBlueprint] Warning Get Input Axis references unknown Axis 'LookRight' for  Get LookRight
[2018.12.19-13.15.37:414][773]LogBlueprint:Warning: [Compiler VehicleBlueprint] Warning InputAction Event references unknown Action 'SwitchCamera' for  InputAction SwitchCamera
[2018.12.19-13.15.37:422][773]LogBlueprint:Warning: [Compiler VehicleBlueprint] Warning [0055.53] Compile of VehicleBlueprint successful, but with 5 Warning(s) [in 15 ms] (/Game/VehicleAdvBP/Blueprints/VehicleBlueprint.VehicleBlueprint)
[2018.12.19-13.15.37:422][773]LogBlueprint:Warning: [Compiler VehicleBlueprint] Warning [0055.53] Compile of VehicleBlueprint successful, but with 6 Warning(s) [in 0 ms] (/Game/VehicleAdvBP/Blueprints/VehicleBlueprint.VehicleBlueprint)
[2018.12.19-13.15.37:423][773]LogBlueprint:Warning: [Compiler VehicleBlueprint] Warning [0055.53] Compile of VehicleBlueprint successful, but with 7 Warning(s) [in 0 ms] (/Game/VehicleAdvBP/Blueprints/VehicleBlueprint.VehicleBlueprint)
[2018.12.19-13.15.40:174][773]LogSlate: Took 0.006669 seconds to synchronously load lazily loaded font '../../../Engine/Content/Editor/Slate/Fonts/Roboto-BoldCondensed.ttf' (158K)
[2018.12.19-13.15.40:571][774]LogSlate: Took 0.013555 seconds to synchronously load lazily loaded font '../../../Engine/Content/Editor/Slate/Fonts/Roboto-Italic.ttf' (157K)
[2018.12.19-13.15.44:374][983]LogActorComponent: UnregisterComponent: (/Engine/Transient.EditorFloorComp) Not registered. Aborting.
[2018.12.19-13.15.44:467][983]LogActorComponent: UnregisterComponent: (/Engine/Transient.EditorFloorComp) Not registered. Aborting.
[2018.12.19-13.15.44:558][983]LogActorComponent: UnregisterComponent: (/Engine/Transient.EditorFloorComp) Not registered. Aborting.
[2018.12.19-13.16.07:428][ 50]LogAIModule: Creating AISystem for world mapa1
[2018.12.19-13.16.07:497][ 50]Cmd: MAP LOAD FILE="D:/Usuarios/Alumno/Documentos/Unreal Projects/juego3d/Content/mapa1.umap" TEMPLATE=0 SHOWPROGRESS=1 FEATURELEVEL=3
[2018.12.19-13.16.07:497][ 50]LightingResults: New page: Lighting Build
[2018.12.19-13.16.07:499][ 50]LoadErrors: New page: Loading map: mapa1.umap
[2018.12.19-13.16.07:499][ 50]MapCheck: New page: Map Check
[2018.12.19-13.16.07:499][ 50]LightingResults: New page: Lighting Build
[2018.12.19-13.16.08:908][ 50]LogEditorServer: Finished looking for orphan Actors (0.000 secs)
[2018.12.19-13.16.08:953][ 50]Cmd: MAP CHECKDEP NOCLEARLOG
[2018.12.19-13.16.09:147][ 50]MapCheck: Info Map check complete: 0 Error(s), 0 Warning(s), took 194.553ms to complete.
[2018.12.19-13.16.09:149][ 50]LogSlate: Took 0.000431 seconds to synchronously load lazily loaded font '../../../Engine/Content/Slate/Fonts/Roboto-Regular.ttf' (155K)
[2018.12.19-13.16.09:152][ 50]LogFileHelpers: Loading map 'mapa1' took 1.656
[2018.12.19-13.16.13:066][430]LogTemp: Repeting last play command: Selected Viewport
[2018.12.19-13.16.13:095][430]LogPlayLevel: PlayLevel: No blueprints needed recompiling
[2018.12.19-13.16.13:095][430]PIE: New page: PIE session: mapa1 (Dec 19, 2018, 3:16:13 PM)
[2018.12.19-13.16.13:101][430]LogPlayLevel: Creating play world package: /Game/UEDPIE_0_mapa1
[2018.12.19-13.16.13:133][430]LogPlayLevel: PIE: StaticDuplicateObject took: (0.031717s)
[2018.12.19-13.16.13:134][430]LogAIModule: Creating AISystem for world mapa1
[2018.12.19-13.16.13:134][430]LogPlayLevel: PIE: World Init took: (0.000729s)
[2018.12.19-13.16.13:134][430]LogPlayLevel: PIE: Created PIE world by copying editor world from /Game/mapa1.mapa1 to /Game/UEDPIE_0_mapa1.mapa1 (0.038650s)
[2018.12.19-13.16.13:149][430]LogInit: XAudio2 using 'Altavoces (Realtek High Definition Audio)' : 2 channels at 48 kHz using 32 bits per sample (channel mask 0x3)
[2018.12.19-13.16.13:157][430]LogInit: FAudioDevice initialized.
[2018.12.19-13.16.13:288][430]LogLoad: Game class is 'VehicleAdvGameMode_C'
[2018.12.19-13.16.13:303][430]LogWorld: Bringing World /Game/UEDPIE_0_mapa1.mapa1 up for play (max tick rate 0) at 2018.12.19-14.16.13
[2018.12.19-13.16.13:308][430]LogWorld: Bringing up level for play took: 0.017104
[2018.12.19-13.16.13:488][430]LogContentBrowser: Native class hierarchy updated for 'MovieSceneCapture' in 0.0007 seconds. Added 11 classes and 0 folders.
[2018.12.19-13.16.13:520][430]PIE: Info Play in editor start time for /Game/UEDPIE_0_mapa1 0.671
[2018.12.19-13.16.19:947][925]LogTemp: Repeting last play command: Selected Viewport
[2018.12.19-13.16.19:971][925]LogPlayLevel: PlayLevel: No blueprints needed recompiling
[2018.12.19-13.16.19:971][925]PIE: New page: PIE session: mapa1 (Dec 19, 2018, 3:16:19 PM)
[2018.12.19-13.16.19:971][925]LogPlayLevel: Creating play world package: /Game/UEDPIE_0_mapa1
[2018.12.19-13.16.19:993][925]LogPlayLevel: PIE: StaticDuplicateObject took: (0.021231s)
[2018.12.19-13.16.19:993][925]LogAIModule: Creating AISystem for world mapa1
[2018.12.19-13.16.19:994][925]LogPlayLevel: PIE: World Init took: (0.000752s)
[2018.12.19-13.16.19:994][925]LogPlayLevel: PIE: Created PIE world by copying editor world from /Game/mapa1.mapa1 to /Game/UEDPIE_0_mapa1.mapa1 (0.022222s)
[2018.12.19-13.16.20:010][925]LogInit: XAudio2 using 'Altavoces (Realtek High Definition Audio)' : 2 channels at 48 kHz using 32 bits per sample (channel mask 0x3)
[2018.12.19-13.16.20:019][925]LogInit: FAudioDevice initialized.
[2018.12.19-13.16.20:045][925]LogLoad: Game class is 'VehicleAdvGameMode_C'
[2018.12.19-13.16.20:052][925]LogWorld: Bringing World /Game/UEDPIE_0_mapa1.mapa1 up for play (max tick rate 0) at 2018.12.19-14.16.20
[2018.12.19-13.16.20:053][925]LogWorld: Bringing up level for play took: 0.006035
[2018.12.19-13.16.20:055][925]PIE: Info Play in editor start time for /Game/UEDPIE_0_mapa1 -0.794
[2018.12.19-13.18.29:761][264]SourceControl: Info fatal: C:/Program Files/Epic Games/UE_4.15/Engine/Content/: 'C:/Program Files/Epic Games/UE_4.15/Engine/Content/' is outside repository
[2018.12.19-13.18.29:889][264]LogPackageName:Error: Illegal call to DoesPackageExist: 'D:/Usuarios/Alumno/Documentos/Unreal Projects/juego3d/juego3D.uproject' is not a standard unreal filename or a long path name. Reason: Path should be no less than 4 characters long.
[2018.12.19-13.18.30:593][264]LogStats: FPlatformStackWalk::StackWalkAndDump -  0.699 s
[2018.12.19-13.18.30:593][264]LogOutputDevice:Error: === Handled ensure: ===
[2018.12.19-13.18.30:593][264]LogOutputDevice:Error: 
[2018.12.19-13.18.30:593][264]LogOutputDevice:Error: Ensure condition failed: false [File:D:\Build\++UE4+Release-4.15+Compile\Sync\Engine\Source\Runtime\CoreUObject\Private\Misc\PackageName.cpp] [Line: 650]
[2018.12.19-13.18.30:593][264]LogOutputDevice:Error: Illegal call to DoesPackageExist: 'D:/Usuarios/Alumno/Documentos/Unreal Projects/juego3d/juego3D.uproject' is not a standard unreal filename or a long path name. Reason: Path should be no less than 4 characters long.
[2018.12.19-13.18.30:593][264]LogOutputDevice:Error: Stack: 
[2018.12.19-13.18.30:593][264]LogOutputDevice:Error: UE4Editor-Core.dll!0x00000000DBD495E6
[2018.12.19-13.18.30:593][264]LogOutputDevice:Error: UE4Editor-Core.dll!0x00000000DBAF9B82
[2018.12.19-13.18.30:593][264]LogOutputDevice:Error: UE4Editor-Core.dll!0x00000000DBB0B666
[2018.12.19-13.18.30:593][264]LogOutputDevice:Error: UE4Editor-CoreUObject.dll!0x00000000DB4DA6E8
[2018.12.19-13.18.30:593][264]LogOutputDevice:Error: UE4Editor-SourceControl.dll!0x00000000D1133D22
[2018.12.19-13.18.30:593][264]LogOutputDevice:Error: UE4Editor-SourceControl.dll!0x00000000D1133EB9
[2018.12.19-13.18.30:593][264]LogOutputDevice:Error: UE4Editor-SourceControlWindows.dll!0x00000000CDDD1D2E
[2018.12.19-13.18.30:593][264]LogOutputDevice:Error: UE4Editor-SourceControlWindows.dll!0x00000000CDD8B4B5
[2018.12.19-13.18.30:593][264]LogOutputDevice:Error: UE4Editor-SourceControlWindows.dll!0x00000000CDD8AA8D
[2018.12.19-13.18.30:593][264]LogOutputDevice:Error: UE4Editor-SourceControlWindows.dll!0x00000000CDD9F274
[2018.12.19-13.18.30:593][264]LogOutputDevice:Error: UE4Editor-GitSourceControl.dll!0x00000000C7B1B851
[2018.12.19-13.18.30:593][264]LogOutputDevice:Error: UE4Editor-GitSourceControl.dll!0x00000000C7B2D1ED
[2018.12.19-13.18.30:593][264]LogOutputDevice:Error: UE4Editor-SourceControl.dll!0x00000000D1139C5C
[2018.12.19-13.18.30:593][264]LogOutputDevice:Error: UE4Editor-UnrealEd.dll!0x00000000D4957517
[2018.12.19-13.18.30:593][264]LogOutputDevice:Error: UE4Editor-UnrealEd.dll!0x00000000D5162196
[2018.12.19-13.18.30:593][264]LogOutputDevice:Error: UE4Editor.exe!0x000000003F8FDEE3
[2018.12.19-13.18.30:593][264]LogOutputDevice:Error: UE4Editor.exe!0x000000003F8EEB40
[2018.12.19-13.18.30:593][264]LogOutputDevice:Error: UE4Editor.exe!0x000000003F8EEBBA
[2018.12.19-13.18.30:593][264]LogOutputDevice:Error: UE4Editor.exe!0x000000003F900A29
[2018.12.19-13.18.30:593][264]LogOutputDevice:Error: UE4Editor.exe!0x000000003F9022B6
[2018.12.19-13.18.30:593][264]LogOutputDevice:Error: kernel32.dll!0x0000000076CE59CD
[2018.12.19-13.18.30:593][264]LogOutputDevice:Error: ntdll.dll!0x0000000076F4385D
[2018.12.19-13.18.30:593][264]LogOutputDevice:Error: 
[2018.12.19-13.18.30:603][264]LogStats:                SubmitErrorReport -  0.000 s
