Log file open, 12/26/18 12:27:53
LogInit:Display: Running engine for game: juego3D
LogPlatformFile: Not using cached read wrapper
LogInit:Display: RandInit(907194866) SRandInit(907194866).
LogTaskGraph: Started task graph with 5 named threads and 8 total threads with 1 sets of task threads.
LogStats: Stats thread started at 0.101066
LogInit: Using libcurl 7.47.1
LogInit:  - built for x86_64-pc-win32
LogInit:  - supports SSL with OpenSSL/1.0.2g
LogInit:  - supports HTTP deflate (compression) using libz 1.2.8
LogInit:  - other features:
LogInit:      CURL_VERSION_SSL
LogInit:      CURL_VERSION_LIBZ
LogInit:      CURL_VERSION_IPV6
LogInit:      CURL_VERSION_ASYNCHDNS
LogInit:      CURL_VERSION_LARGEFILE
LogInit:      CURL_VERSION_IDN
LogInit:  CurlRequestOptions (configurable via config and command line):
LogInit:  - bVerifyPeer = false  - Libcurl will NOT verify peer certificate
LogInit:  - bUseHttpProxy = false  - Libcurl will NOT use HTTP proxy
LogInit:  - bDontReuseConnections = false  - Libcurl will reuse connections
LogInit:  - CertBundlePath = nullptr  - Libcurl will use whatever was configured at build time.
LogInit: Build: ++UE4+Release-4.15-CL-3450819
LogInit: Engine Version: 4.15.3-3450819+++UE4+Release-4.15
LogInit: Compatible Engine Version: 4.15.0-3299760+++UE4+Release-4.15
LogInit: Net CL: 3299760
LogDevObjectVersion: Number of dev versions registered: 14
LogDevObjectVersion:   Dev-Blueprints (B0D832E4-1F89-4F0D-ACCF-7EB736FD4AA2): 8
LogDevObjectVersion:   Dev-Build (E1C64328-A22C-4D53-A36C-8E866417BD8C): 0
LogDevObjectVersion:   Dev-Core (375EC13C-06E4-48FB-B500-84F0262A717E): 2
LogDevObjectVersion:   Dev-Editor (E4B068ED-F494-42E9-A231-DA0B2E46BB41): 14
LogDevObjectVersion:   Dev-Framework (CFFC743F-43B0-4480-9391-14DF171D2073): 22
LogDevObjectVersion:   Dev-Mobile (B02B49B5-BB20-44E9-A304-32B752E40360): 0
LogDevObjectVersion:   Dev-Networking (A4E4105C-59A1-49B5-A7C5-40C4547EDFEE): 0
LogDevObjectVersion:   Dev-Online (39C831C9-5AE6-47DC-9A44-9C173E1C8E7C): 0
LogDevObjectVersion:   Dev-Physics (78F01B33-EBEA-4F98-B9B4-84EACCB95AA2): 0
LogDevObjectVersion:   Dev-Platform (6631380F-2D4D-43E0-8009-CF276956A95A): 0
LogDevObjectVersion:   Dev-Rendering (12F88B9F-8875-4AFC-A67C-D90C383ABD29): 12
LogDevObjectVersion:   Dev-Sequencer (7B5AE74C-D270-4C10-A958-57980B212A5A): 3
LogDevObjectVersion:   Dev-VR (D7296918-1DD6-4BDD-9DE2-64A83CC13884): 0
LogDevObjectVersion:   Dev-LoadTimes (C2A15278-BFE7-4AFE-6C17-90FF531DF755): 1
LogInit: Compiled (64-bit): May 21 2017 11:02:34
LogInit: Compiled with Visual C++: 19.00.23026.00
LogInit: Build Configuration: Development
LogInit: Branch Name: ++UE4+Release-4.15
LogInit: Command line: -EpicPortal -epicusername="HiccupHatch" -epicuserid=6bb7ad0f09cf4d18952268c7b33615d7 -epiclocale=en-US
LogInit: Base directory: C:/Program Files/Epic Games/UE_4.15/Engine/Binaries/Win64/
LogInit: Installed Engine Build: 1
LogInit: Presizing for max 8388607 objects, including 0 objects not considered by GC, pre-allocating 0 bytes for permanent pool.
LogInit: Object subsystem initialized
[2018.12.26-11.27.54:870][  0]LogInit: Selected Device Profile: [Windows]
[2018.12.26-11.27.54:870][  0]LogInit: Applying CVar settings loaded from the selected device profile: [Windows]
[2018.12.26-11.27.54:897][  0]LogInit: Computer: U105420
[2018.12.26-11.27.54:897][  0]LogInit: User: Alumno
[2018.12.26-11.27.54:897][  0]LogInit: CPU Page size=65536, Cores=4
[2018.12.26-11.27.54:897][  0]LogInit: High frequency timer resolution =3.507226 MHz
[2018.12.26-11.27.54:898][  0]LogMemory: Memory total: Physical=7.9GB (8GB approx)
[2018.12.26-11.27.54:898][  0]LogMemory: Platform Memory Stats for Windows
[2018.12.26-11.27.54:898][  0]LogMemory: Process Physical Memory: 266.97 MB used, 266.97 MB peak
[2018.12.26-11.27.54:898][  0]LogMemory: Process Virtual Memory: 266.39 MB used, 266.39 MB peak
[2018.12.26-11.27.54:898][  0]LogMemory: Physical Memory: 4574.23 MB used,  3543.50 MB free, 8117.73 MB total
[2018.12.26-11.27.54:898][  0]LogMemory: Virtual Memory: 655.86 MB used,  3543.50 MB free, 8388608.00 MB total
[2018.12.26-11.27.55:029][  0]LogInit: Overriding culture en with editor configuration.
[2018.12.26-11.27.56:833][  0]LogD3D11RHI: D3D11 adapters:
[2018.12.26-11.27.56:855][  0]LogD3D11RHI:    0. 'NVIDIA Quadro K4000' (Feature Level 11_0)
[2018.12.26-11.27.56:855][  0]LogD3D11RHI:       3008/0/3802 MB DedicatedVideo/DedicatedSystem/SharedSystem, Outputs:1, VendorId:0x10de
[2018.12.26-11.27.56:855][  0]LogD3D11RHI: Chosen D3D11 Adapter: 0
[2018.12.26-11.27.56:862][  0]LogD3D11RHI: Creating new Direct3DDevice
[2018.12.26-11.27.56:862][  0]LogD3D11RHI:     GPU DeviceId: 0x11fa (for the marketing name, search the web for "GPU Device Id")
[2018.12.26-11.27.56:862][  0]LogWindows: EnumDisplayDevices:
[2018.12.26-11.27.56:862][  0]LogWindows:    0. 'NVIDIA Quadro K4000' (P:1 D:1)
[2018.12.26-11.27.56:863][  0]LogWindows:    1. 'NVIDIA Quadro K4000' (P:0 D:0)
[2018.12.26-11.27.56:863][  0]LogWindows:    2. 'NVIDIA Quadro K4000' (P:0 D:0)
[2018.12.26-11.27.56:863][  0]LogWindows:    3. 'NVIDIA Quadro K4000' (P:0 D:0)
[2018.12.26-11.27.56:863][  0]LogWindows:    4. 'RDPDD Chained DD' (P:0 D:0)
[2018.12.26-11.27.56:863][  0]LogWindows:    5. 'RDP Encoder Mirror Driver' (P:0 D:0)
[2018.12.26-11.27.56:863][  0]LogWindows:    6. 'RDP Reflector Display Driver' (P:0 D:0)
[2018.12.26-11.27.56:863][  0]LogWindows: DebugString: GetVideoDriverDetailsInvalid PrimaryIsNotTheChoosenAdapter GetVideoDriverDetailsInvalid PrimaryIsNotTheChoosenAdapter GetVideoDriverDetailsInvalid PrimaryIsNotTheChoosenAdapter FoundDriverCount:4 
[2018.12.26-11.27.56:863][  0]LogD3D11RHI:     Adapter Name: NVIDIA Quadro K4000
[2018.12.26-11.27.56:863][  0]LogD3D11RHI:   Driver Version: 377.48 (internal:21.21.13.7748, unified:377.48)
[2018.12.26-11.27.56:863][  0]LogD3D11RHI:      Driver Date: 6-8-2017
[2018.12.26-11.27.56:864][  0]LogRHI: Texture pool is 1361 MB (70% of 1945 MB)
[2018.12.26-11.27.56:876][  0]LogD3D11RHI:Warning: Timestamp queries are currently disabled on this hardware due to instability. Realtime GPU stats will not be available. You can override this behaviour by setting r.NVIDIATimestampWorkaround to 0
[2018.12.26-11.27.56:878][  0]LogD3D11RHI: Async texture creation enabled
[2018.12.26-11.27.56:893][  0]LogD3D11RHI: GPU Timing Frequency: 1000.000000 (Debug: 2 2)
[2018.12.26-11.27.56:895][  0]LogShaderCompilers: Guid format shader working directory is -21 characters bigger than the processId version (D:/Usuarios/Alumno/Documentos/Unreal Projects/Juego de coche/juego3d/Intermediate/Shaders/WorkingDirectory/1636/).
[2018.12.26-11.27.56:895][  0]LogShaderCompilers: Cleaned the shader compiler working directory 'C:/Users/Alumno/AppData/Local/Temp/UnrealShaderWorkingDir/6DE1D9514D1623CEE40217B4662451EE/'.
[2018.12.26-11.27.56:895][  0]LogShaderCompilers:Display: Using Local Shader Compiler.
[2018.12.26-11.27.59:938][  0]LogTemp:Display: Loaded TP AllDesktopTargetPlatform
[2018.12.26-11.28.00:077][  0]LogTemp:Display: Loaded TP MacClientTargetPlatform
[2018.12.26-11.28.00:217][  0]LogTemp:Display: Loaded TP MacNoEditorTargetPlatform
[2018.12.26-11.28.00:357][  0]LogTemp:Display: Loaded TP MacServerTargetPlatform
[2018.12.26-11.28.00:500][  0]LogTemp:Display: Loaded TP MacTargetPlatform
[2018.12.26-11.28.00:641][  0]LogTemp:Display: Loaded TP WindowsClientTargetPlatform
[2018.12.26-11.28.00:781][  0]LogTemp:Display: Loaded TP WindowsNoEditorTargetPlatform
[2018.12.26-11.28.00:923][  0]LogTemp:Display: Loaded TP WindowsServerTargetPlatform
[2018.12.26-11.28.01:057][  0]LogTemp:Display: Loaded TP WindowsTargetPlatform
[2018.12.26-11.28.01:203][  0]LogTemp:Display: Loaded TP AndroidTargetPlatform
[2018.12.26-11.28.01:346][  0]LogTemp:Display: Loaded TP Android_ASTCTargetPlatform
[2018.12.26-11.28.01:488][  0]LogTemp:Display: Loaded TP Android_ATCTargetPlatform
[2018.12.26-11.28.01:632][  0]LogTemp:Display: Loaded TP Android_DXTTargetPlatform
[2018.12.26-11.28.01:774][  0]LogTemp:Display: Loaded TP Android_ETC1TargetPlatform
[2018.12.26-11.28.01:912][  0]LogTemp:Display: Loaded TP Android_ETC2TargetPlatform
[2018.12.26-11.28.02:191][  0]LogTemp:Display: Loaded TP Android_MultiTargetPlatform
[2018.12.26-11.28.02:191][  0]LogTemp:Display: Loaded TP Android_PVRTCTargetPlatform
[2018.12.26-11.28.02:313][  0]LogTemp:Display: Loaded TP HTML5TargetPlatform
[2018.12.26-11.28.02:511][  0]LogTemp:Display: Loaded TP IOSTargetPlatform
[2018.12.26-11.28.02:561][  0]LogTemp:Display: Loaded TP TVOSTargetPlatform
[2018.12.26-11.28.02:701][  0]LogTemp:Display: Loaded TP LinuxClientTargetPlatform
[2018.12.26-11.28.02:843][  0]LogTemp:Display: Loaded TP LinuxNoEditorTargetPlatform
[2018.12.26-11.28.02:983][  0]LogTemp:Display: Loaded TP LinuxServerTargetPlatform
[2018.12.26-11.28.03:123][  0]LogTemp:Display: Loaded TP LinuxTargetPlatform
[2018.12.26-11.28.03:123][  0]LogTargetPlatformManager:Display: Building Assets For Windows
[2018.12.26-11.28.04:016][  0]LogDerivedDataCache:Display: Max Cache Size: 512 MB
[2018.12.26-11.28.04:079][  0]LogDerivedDataCache: Loaded boot cache 0.06s 50MB C:/Users/Alumno/AppData/Local/UnrealEngine/4.15/DerivedDataCache/Boot.ddc.
[2018.12.26-11.28.04:079][  0]LogDerivedDataCache:Display: Loaded Boot cache: C:/Users/Alumno/AppData/Local/UnrealEngine/4.15/DerivedDataCache/Boot.ddc
[2018.12.26-11.28.04:079][  0]LogDerivedDataCache: FDerivedDataBackendGraph:  Pak pak cache file D:/Usuarios/Alumno/Documentos/Unreal Projects/Juego de coche/juego3d/DerivedDataCache/DDC.ddp not found, will not use a pak cache.
[2018.12.26-11.28.04:079][  0]LogDerivedDataCache: Unable to find inner node Pak for hierarchical cache Hierarchy.
[2018.12.26-11.28.04:079][  0]LogDerivedDataCache: FDerivedDataBackendGraph:  CompressedPak pak cache file D:/Usuarios/Alumno/Documentos/Unreal Projects/Juego de coche/juego3d/DerivedDataCache/Compressed.ddp not found, will not use a pak cache.
[2018.12.26-11.28.04:079][  0]LogDerivedDataCache: Unable to find inner node CompressedPak for hierarchical cache Hierarchy.
[2018.12.26-11.28.04:099][  0]LogDerivedDataCache:Display: Pak cache opened for reading ../../../Engine/DerivedDataCache/Compressed.ddp.
[2018.12.26-11.28.04:114][  0]LogDerivedDataCache: Using Local data cache path C:/Users/Alumno/AppData/Local/UnrealEngine/Common/DerivedDataCache: Writable
[2018.12.26-11.28.04:124][  0]LogSlate: Using Freetype 2.6.0
[2018.12.26-11.28.04:126][  0]LogSlate: SlateFontCache - WITH_FREETYPE: 1, WITH_HARFBUZZ: 1
[2018.12.26-11.28.04:126][  0]LogSlate: SlateFontCache - WITH_FREETYPE: 1, WITH_HARFBUZZ: 1
[2018.12.26-11.28.04:684][  0]LogInit: Selected Device Profile: [Windows]
[2018.12.26-11.28.04:688][  0]LogContentStreaming: Texture pool size is 0.00 MB
[2018.12.26-11.28.05:098][  0]LogMeshUtilities: Using QuadricMeshReduction for automatic static mesh reduction
[2018.12.26-11.28.05:225][  0]LogSimplygon: Simplygon DLL not present - disabling.
[2018.12.26-11.28.05:357][  0]LogMeshUtilities: Using SimplygonSwarm for distributed automatic mesh merging
[2018.12.26-11.28.05:357][  0]LogMeshUtilities: No automatic skeletal mesh reduction module available
[2018.12.26-11.28.05:357][  0]LogMeshUtilities: No automatic mesh merging module available
[2018.12.26-11.28.06:440][  0]LogNetVersion: GetLocalNetworkVersion: CL: 3299760, ProjectName: juego3d, ProjectVersion: , EngineNetworkVersion: 2, GameNetworkVersion: 0, NetworkChecksum: 1390200241
[2018.12.26-11.28.06:506][  0]LogAssetRegistry: FAssetRegistry took 0.0202 seconds to start up
[2018.12.26-11.28.06:576][  0]LogPackageLocalizationCache: Processed 3 localized package path(s) for 1 prioritized culture(s) in 0.034533 seconds
[2018.12.26-11.28.06:581][  0]LogUObjectArray: 32493 objects as part of root set at end of initial load.
[2018.12.26-11.28.06:581][  0]LogUObjectAllocator: 7077024 out of 0 bytes used by permanent object pool.
[2018.12.26-11.28.06:581][  0]LogUObjectArray: CloseDisregardForGC: 0/0 objects in disregard for GC pool
[2018.12.26-11.28.06:684][  0]LogInit: WinSock: version 1.1 (2.2), MaxSocks=32767, MaxUdp=65467
[2018.12.26-11.28.12:162][  0]LogTcpMessaging: Initializing TcpMessaging bridge
[2018.12.26-11.28.12:220][  0]LogUdpMessaging: Initializing bridge on interface 0.0.0.0:0 to multicast group 230.0.0.1:6666.
[2018.12.26-11.28.13:415][  0]LogMaterial: Uniform references updated for custom material expression Custom.
[2018.12.26-11.28.14:428][  0]SourceControl: Info Source control is disabled
[2018.12.26-11.28.14:713][  0]SourceControl: Info Source control is disabled
[2018.12.26-11.28.14:844][  0]SourceControl: Info Source control is disabled
[2018.12.26-11.28.14:976][  0]SourceControl: Info Source control is disabled
[2018.12.26-11.28.18:292][  0]LogEngine: Initializing Engine...
[2018.12.26-11.28.18:294][  0]LogHMD: Failed to initialize OpenVR with code 110
[2018.12.26-11.28.18:454][  0]LogStats: UGameplayTagsManager::ConstructGameplayTagTree: Construct from data asset -  0.000 s
[2018.12.26-11.28.18:454][  0]LogStats: UGameplayTagsManager::ConstructGameplayTagTree: GameplayTagTreeChangedEvent.Broadcast -  0.000 s
[2018.12.26-11.28.18:828][  0]LogAIModule: Creating AISystem for world Untitled
[2018.12.26-11.28.18:837][  0]LogInit: XAudio2 using 'Altavoces (Realtek High Definition Audio)' : 2 channels at 48 kHz using 32 bits per sample (channel mask 0x3)
[2018.12.26-11.28.18:862][  0]LogInit: FAudioDevice initialized.
[2018.12.26-11.28.18:895][  0]LogDerivedDataCache: Saved boot cache 0.03s 50MB C:/Users/Alumno/AppData/Local/UnrealEngine/4.15/DerivedDataCache/Boot.ddc.
[2018.12.26-11.28.18:902][  0]LogInit: Texture streaming: Enabled
[2018.12.26-11.28.19:060][  0]LogEngineSessionManager: EngineSessionManager initialized
[2018.12.26-11.28.19:060][  0]LogEngineSessionManager: EngineSessionManager sent abnormal shutdown report. Type=Crashed, SessionId={EE12DAB3-48A0-4C6D-A9AB-FE9A74E30BD2}
[2018.12.26-11.28.19:313][  0]LogInit: Transaction tracking system initialized
[2018.12.26-11.28.20:319][  0]BlueprintLog: New page: Editor Load
[2018.12.26-11.28.22:723][  0]LocalizationService: Info Localization service is disabled
[2018.12.26-11.28.24:568][  0]LogConsoleResponse:Display: 
[2018.12.26-11.28.24:773][  0]LogCook:Display: Max memory allowance for cook 16384mb min free memory 0mb
[2018.12.26-11.28.24:773][  0]LogCook:Display: Mobile HDR setting 1
[2018.12.26-11.28.25:357][  0]LogFileCache: Scanning file cache for directory 'D:/Usuarios/Alumno/Documentos/Unreal Projects/Juego de coche/juego3d/Content/' took 0.02s
[2018.12.26-11.28.27:452][  0]SourceControl: Info Source control is disabled
[2018.12.26-11.28.27:453][  0]Cmd: MAP LOAD FILE="D:/Usuarios/Alumno/Documentos/Unreal Projects/Juego de coche/juego3d/Content/1Menu.umap" TEMPLATE=0 SHOWPROGRESS=1 FEATURELEVEL=3
[2018.12.26-11.28.27:453][  0]LightingResults: New page: Lighting Build
[2018.12.26-11.28.27:574][  0]MapCheck: New page: Map Check
[2018.12.26-11.28.27:574][  0]LightingResults: New page: Lighting Build
[2018.12.26-11.28.27:698][  0]LogAIModule: Creating AISystem for world 1Menu
[2018.12.26-11.28.27:717][  0]LogEditorServer: Finished looking for orphan Actors (0.000 secs)
[2018.12.26-11.28.27:718][  0]Cmd: MAP CHECKDEP NOCLEARLOG
[2018.12.26-11.28.27:849][  0]MapCheck: Info Map check complete: 0 Error(s), 0 Warning(s), took 131.152ms to complete.
[2018.12.26-11.28.27:849][  0]LogFileHelpers: Loading map '1Menu' took 0.396
[2018.12.26-11.28.28:078][  0]LogCollectionManager: Loaded 0 collections in 0.001386 seconds
[2018.12.26-11.28.28:236][  0]LogFileCache: Scanning file cache for directory 'D:/Usuarios/Alumno/Documentos/Unreal Projects/Juego de coche/juego3d/Saved/Collections/' took 0.01s
[2018.12.26-11.28.28:236][  0]LogFileCache: Scanning file cache for directory 'D:/Usuarios/Alumno/Documentos/Unreal Projects/Juego de coche/juego3d/Content/Developers/Alumno/Collections/' took 0.01s
[2018.12.26-11.28.28:236][  0]LogFileCache: Scanning file cache for directory 'D:/Usuarios/Alumno/Documentos/Unreal Projects/Juego de coche/juego3d/Content/Collections/' took 0.01s
[2018.12.26-11.28.28:236][  0]LogCollectionManager: Rebuilt the GUID cache for 0 collections in 0.000002 seconds
[2018.12.26-11.28.28:246][  0]LogContentBrowser: Native class hierarchy populated in 0.0092 seconds. Added 2245 classes and 453 folders.
[2018.12.26-11.28.28:407][  0]LogContentBrowser: Native class hierarchy updated for 'WidgetCarousel' in 0.0006 seconds. Added 0 classes and 0 folders.
[2018.12.26-11.28.28:588][  0]LogContentBrowser: Native class hierarchy updated for 'AddContentDialog' in 0.0006 seconds. Added 0 classes and 0 folders.
[2018.12.26-11.28.28:710][  0]LogContentBrowser: Native class hierarchy updated for 'SceneOutliner' in 0.0006 seconds. Added 1 classes and 2 folders.
[2018.12.26-11.28.28:780][  0]LogCrashTracker: Crashtracker disabled due to settings.
[2018.12.26-11.28.28:786][  0]LogUObjectGlobals:Warning: Failed to find object 'Class None.'
[2018.12.26-11.28.28:933][  0]LogContentBrowser: Native class hierarchy updated for 'HierarchicalLODOutliner' in 0.0006 seconds. Added 1 classes and 2 folders.
[2018.12.26-11.28.28:934][  0]LogLoad: (Engine Initialization) Total time: 37.99 seconds
[2018.12.26-11.28.28:934][  0]LogLoad: (Engine Initialization) Total Blueprint compile time: 0.17 seconds
[2018.12.26-11.28.28:934][  0]LogExternalProfiler: No external profilers were discovered.  External profiling features will not be available.
[2018.12.26-11.28.28:946][  0]LogOcInput: OculusInput pre-init called
[2018.12.26-11.28.28:967][  0]LogContentStreaming: Texture pool size now 1000 MB
[2018.12.26-11.28.28:970][  0]LogSlate: Took 0.002322 seconds to synchronously load lazily loaded font '../../../Engine/Content/Slate/Fonts/Roboto-Regular.ttf' (155K)
[2018.12.26-11.28.28:976][  0]LogSlate: Took 0.001983 seconds to synchronously load lazily loaded font '../../../Engine/Content/Slate/Fonts/Roboto-Bold.ttf' (160K)
[2018.12.26-11.28.28:984][  0]LogSlate: Took 0.002064 seconds to synchronously load lazily loaded font '../../../Engine/Content/Editor/Slate/Fonts/FontAwesome.ttf' (139K)
[2018.12.26-11.28.29:128][  0]LogSlate: Took 0.002072 seconds to synchronously load lazily loaded font '../../../Engine/Content/Slate/Fonts/Roboto-Light.ttf' (159K)
[2018.12.26-11.28.29:179][  0]LogRenderer: Reallocating scene render targets to support 1208x576 NumSamples 1 (Frame:2).
[2018.12.26-11.28.29:251][  1]LogAssetRegistry: Asset discovery search completed in 22.7658 seconds
[2018.12.26-11.28.29:251][  1]LogCollectionManager: Rebuilt the object cache for 0 collections in 0.000005 seconds (found 0 objects)
[2018.12.26-11.28.29:251][  1]LogCollectionManager: Fixed up redirectors for 0 collections in 0.000022 seconds (updated 0 objects)
[2018.12.26-11.28.29:992][ 32]LogSlate: Took 0.001025 seconds to synchronously load lazily loaded font '../../../Engine/Content/Slate/Fonts/Roboto-Light.ttf' (159K)
[2018.12.26-11.28.37:148][559]LogSlate: Took 0.000675 seconds to synchronously load lazily loaded font '../../../Engine/Content/Slate/Fonts/Roboto-Light.ttf' (159K)
[2018.12.26-11.28.37:347][559]LogAIModule: Creating AISystem for world mapa1
[2018.12.26-11.28.37:379][559]Cmd: MAP LOAD FILE="D:/Usuarios/Alumno/Documentos/Unreal Projects/Juego de coche/juego3d/Content/mapa1.umap" TEMPLATE=0 SHOWPROGRESS=1 FEATURELEVEL=3
[2018.12.26-11.28.37:379][559]LightingResults: New page: Lighting Build
[2018.12.26-11.28.37:380][559]LoadErrors: New page: Loading map: mapa1.umap
[2018.12.26-11.28.37:381][559]MapCheck: New page: Map Check
[2018.12.26-11.28.37:381][559]LightingResults: New page: Lighting Build
[2018.12.26-11.28.37:566][559]LogEditorServer: Finished looking for orphan Actors (0.000 secs)
[2018.12.26-11.28.37:619][559]Cmd: MAP CHECKDEP NOCLEARLOG
[2018.12.26-11.28.37:764][559]MapCheck: Info Map check complete: 0 Error(s), 0 Warning(s), took 144.852ms to complete.
[2018.12.26-11.28.37:764][559]LogFileHelpers: Loading map 'mapa1' took 0.386
[2018.12.26-11.28.41:188][818]LogContentBrowser: Native class hierarchy updated for 'BlueprintGraph' in 0.0010 seconds. Added 112 classes and 0 folders.
[2018.12.26-11.28.42:021][818]LogSlate: Took 0.002154 seconds to synchronously load lazily loaded font '../../../Engine/Content/Editor/Slate/Fonts/Roboto-BoldCondensed.ttf' (158K)
[2018.12.26-11.28.42:122][819]LogSlate: Took 0.002004 seconds to synchronously load lazily loaded font '../../../Engine/Content/Editor/Slate/Fonts/Roboto-Italic.ttf' (157K)
[2018.12.26-11.29.00:221][352]BlueprintLog: New page: Compile mapa1
[2018.12.26-11.29.02:082][515]LogTemp: Repeting last play command: Selected Viewport
[2018.12.26-11.29.02:117][515]LogBlueprintUserMessages: Early PlayInEditor Detection: Level '/Game/mapa1.mapa1:PersistentLevel' has LevelScriptBlueprint '/Game/mapa1.mapa1:PersistentLevel.mapa1' with GeneratedClass '/Game/mapa1.mapa1_C' with ClassGeneratedBy '/Game/mapa1.mapa1:PersistentLevel.mapa1'
[2018.12.26-11.29.02:117][515]LogPlayLevel: PlayLevel: No blueprints needed recompiling
[2018.12.26-11.29.02:118][515]PIE: New page: PIE session: mapa1 (Dec 26, 2018, 1:29:02 PM)
[2018.12.26-11.29.02:118][515]LogPlayLevel: Creating play world package: /Game/UEDPIE_0_mapa1
[2018.12.26-11.29.02:142][515]LogPlayLevel: PIE: StaticDuplicateObject took: (0.024046s)
[2018.12.26-11.29.02:142][515]LogAIModule: Creating AISystem for world mapa1
[2018.12.26-11.29.02:143][515]LogPlayLevel: PIE: World Init took: (0.000798s)
[2018.12.26-11.29.02:143][515]LogPlayLevel: PIE: Created PIE world by copying editor world from /Game/mapa1.mapa1 to /Game/UEDPIE_0_mapa1.mapa1 (0.025092s)
[2018.12.26-11.29.02:160][515]LogInit: XAudio2 using 'Altavoces (Realtek High Definition Audio)' : 2 channels at 48 kHz using 32 bits per sample (channel mask 0x3)
[2018.12.26-11.29.02:168][515]LogInit: FAudioDevice initialized.
[2018.12.26-11.29.02:222][515]LogLoad: Game class is 'MyGameProjectMode_C'
[2018.12.26-11.29.02:229][515]LogWorld: Bringing World /Game/UEDPIE_0_mapa1.mapa1 up for play (max tick rate 0) at 2018.12.26-12.29.02
[2018.12.26-11.29.02:230][515]LogWorld: Bringing up level for play took: 0.006760
[2018.12.26-11.29.02:374][515]LogContentBrowser: Native class hierarchy updated for 'MovieSceneCapture' in 0.0009 seconds. Added 11 classes and 0 folders.
[2018.12.26-11.29.02:374][515]LogGameMode:Display: Match State Changed from EnteringMap to WaitingToStart
[2018.12.26-11.29.02:374][515]LogGameState: Match State Changed from EnteringMap to WaitingToStart
[2018.12.26-11.29.02:374][515]LogGameMode:Display: Match State Changed from WaitingToStart to InProgress
[2018.12.26-11.29.02:377][515]LogGameState: Match State Changed from WaitingToStart to InProgress
[2018.12.26-11.29.02:377][515]PIE: Info Play in editor start time for /Game/UEDPIE_0_mapa1 0.456
[2018.12.26-11.29.02:378][515]LogBlueprintUserMessages: Late PlayInEditor Detection: Level '/Game/mapa1.mapa1:PersistentLevel' has LevelScriptBlueprint '/Game/mapa1.mapa1:PersistentLevel.mapa1' with GeneratedClass '/Game/mapa1.mapa1_C' with ClassGeneratedBy '/Game/mapa1.mapa1:PersistentLevel.mapa1'
[2018.12.26-11.29.03:679][637]LogGameMode:Display: Match State Changed from InProgress to LeavingMap
[2018.12.26-11.29.03:679][637]LogGameState: Match State Changed from InProgress to LeavingMap
[2018.12.26-11.29.03:679][637]LogNet: Browse: /Game/MenuPausa
[2018.12.26-11.29.03:679][637]LogLoad: LoadMap: /Game/MenuPausa
[2018.12.26-11.29.03:717][637]Cmd: MEM
[2018.12.26-11.29.03:734][637]LogMemory: Platform Memory Stats for Windows
[2018.12.26-11.29.03:734][637]LogMemory: Process Physical Memory: 1108.17 MB used, 1118.59 MB peak
[2018.12.26-11.29.03:734][637]LogMemory: Process Virtual Memory: 1727.56 MB used, 1733.76 MB peak
[2018.12.26-11.29.03:734][637]LogMemory: Physical Memory: 5514.89 MB used,  2602.84 MB free, 8117.73 MB total
[2018.12.26-11.29.03:734][637]LogMemory: Virtual Memory: 2412.20 MB used,  2602.84 MB free, 8388608.00 MB total
[2018.12.26-11.29.03:734][637]LogMemory: 
[2018.12.26-11.29.03:734][637]Allocator Stats for TBB: (not implemented)
[2018.12.26-11.29.03:753][637]LogWindows: Windows GetLastError: La operación se completó correctamente. (0)
