Log file open, 12/19/18 14:27:28
LogInit:Display: Running engine for game: juego3D
LogPlatformFile: Not using cached read wrapper
LogInit:Display: RandInit(-1002701708) SRandInit(-1002701708).
LogTaskGraph: Started task graph with 5 named threads and 8 total threads with 1 sets of task threads.
LogStats: Stats thread started at 0.108701
LogInit: Using libcurl 7.47.1
LogInit:  - built for x86_64-pc-win32
LogInit:  - supports SSL with OpenSSL/1.0.2g
LogInit:  - supports HTTP deflate (compression) using libz 1.2.8
LogInit:  - other features:
LogInit:      CURL_VERSION_SSL
LogInit:      CURL_VERSION_LIBZ
LogInit:      CURL_VERSION_IPV6
LogInit:      CURL_VERSION_ASYNCHDNS
LogInit:      CURL_VERSION_LARGEFILE
LogInit:      CURL_VERSION_IDN
LogInit:  CurlRequestOptions (configurable via config and command line):
LogInit:  - bVerifyPeer = false  - Libcurl will NOT verify peer certificate
LogInit:  - bUseHttpProxy = false  - Libcurl will NOT use HTTP proxy
LogInit:  - bDontReuseConnections = false  - Libcurl will reuse connections
LogInit:  - CertBundlePath = nullptr  - Libcurl will use whatever was configured at build time.
LogInit: Build: ++UE4+Release-4.15-CL-3450819
LogInit: Engine Version: 4.15.3-3450819+++UE4+Release-4.15
LogInit: Compatible Engine Version: 4.15.0-3299760+++UE4+Release-4.15
LogInit: Net CL: 3299760
LogDevObjectVersion: Number of dev versions registered: 14
LogDevObjectVersion:   Dev-Blueprints (B0D832E4-1F89-4F0D-ACCF-7EB736FD4AA2): 8
LogDevObjectVersion:   Dev-Build (E1C64328-A22C-4D53-A36C-8E866417BD8C): 0
LogDevObjectVersion:   Dev-Core (375EC13C-06E4-48FB-B500-84F0262A717E): 2
LogDevObjectVersion:   Dev-Editor (E4B068ED-F494-42E9-A231-DA0B2E46BB41): 14
LogDevObjectVersion:   Dev-Framework (CFFC743F-43B0-4480-9391-14DF171D2073): 22
LogDevObjectVersion:   Dev-Mobile (B02B49B5-BB20-44E9-A304-32B752E40360): 0
LogDevObjectVersion:   Dev-Networking (A4E4105C-59A1-49B5-A7C5-40C4547EDFEE): 0
LogDevObjectVersion:   Dev-Online (39C831C9-5AE6-47DC-9A44-9C173E1C8E7C): 0
LogDevObjectVersion:   Dev-Physics (78F01B33-EBEA-4F98-B9B4-84EACCB95AA2): 0
LogDevObjectVersion:   Dev-Platform (6631380F-2D4D-43E0-8009-CF276956A95A): 0
LogDevObjectVersion:   Dev-Rendering (12F88B9F-8875-4AFC-A67C-D90C383ABD29): 12
LogDevObjectVersion:   Dev-Sequencer (7B5AE74C-D270-4C10-A958-57980B212A5A): 3
LogDevObjectVersion:   Dev-VR (D7296918-1DD6-4BDD-9DE2-64A83CC13884): 0
LogDevObjectVersion:   Dev-LoadTimes (C2A15278-BFE7-4AFE-6C17-90FF531DF755): 1
LogInit: Compiled (64-bit): May 21 2017 11:02:34
LogInit: Compiled with Visual C++: 19.00.23026.00
LogInit: Build Configuration: Development
LogInit: Branch Name: ++UE4+Release-4.15
LogInit: Command line: -EpicPortal  -epicusername="G5Margarita" -epicuserid=6c47af31020f48078c1f81d830452129 -epiclocale=es-ES
LogInit: Base directory: C:/Program Files/Epic Games/UE_4.15/Engine/Binaries/Win64/
LogInit: Installed Engine Build: 1
LogInit: Presizing for max 8388607 objects, including 0 objects not considered by GC, pre-allocating 0 bytes for permanent pool.
LogInit: Object subsystem initialized
[2018.12.19-13.27.30:169][  0]LogInit: Selected Device Profile: [Windows]
[2018.12.19-13.27.30:169][  0]LogInit: Applying CVar settings loaded from the selected device profile: [Windows]
[2018.12.19-13.27.30:191][  0]LogInit: Computer: U105423
[2018.12.19-13.27.30:191][  0]LogInit: User: Alumno
[2018.12.19-13.27.30:191][  0]LogInit: CPU Page size=65536, Cores=4
[2018.12.19-13.27.30:191][  0]LogInit: High frequency timer resolution =3.507207 MHz
[2018.12.19-13.27.30:191][  0]LogMemory: Memory total: Physical=7.9GB (8GB approx)
[2018.12.19-13.27.30:191][  0]LogMemory: Platform Memory Stats for Windows
[2018.12.19-13.27.30:191][  0]LogMemory: Process Physical Memory: 266.15 MB used, 266.15 MB peak
[2018.12.19-13.27.30:191][  0]LogMemory: Process Virtual Memory: 266.39 MB used, 266.39 MB peak
[2018.12.19-13.27.30:191][  0]LogMemory: Physical Memory: 4075.49 MB used,  4042.24 MB free, 8117.73 MB total
[2018.12.19-13.27.30:191][  0]LogMemory: Virtual Memory: 656.10 MB used,  4042.24 MB free, 8388608.00 MB total
[2018.12.19-13.27.30:327][  0]LogTextLocalizationManager: No specific translations for ('es-ES') exist, so ('es') translations will be used.
[2018.12.19-13.27.31:372][  0]LogD3D11RHI: D3D11 adapters:
[2018.12.19-13.27.31:395][  0]LogD3D11RHI:    0. 'NVIDIA Quadro K4000' (Feature Level 11_0)
[2018.12.19-13.27.31:395][  0]LogD3D11RHI:       3008/0/3802 MB DedicatedVideo/DedicatedSystem/SharedSystem, Outputs:1, VendorId:0x10de
[2018.12.19-13.27.31:395][  0]LogD3D11RHI: Chosen D3D11 Adapter: 0
[2018.12.19-13.27.31:402][  0]LogD3D11RHI: Creating new Direct3DDevice
[2018.12.19-13.27.31:402][  0]LogD3D11RHI:     GPU DeviceId: 0x11fa (for the marketing name, search the web for "GPU Device Id")
[2018.12.19-13.27.31:402][  0]LogWindows: EnumDisplayDevices:
[2018.12.19-13.27.31:402][  0]LogWindows:    0. 'NVIDIA Quadro K4000' (P:1 D:1)
[2018.12.19-13.27.31:402][  0]LogWindows:    1. 'NVIDIA Quadro K4000' (P:0 D:0)
[2018.12.19-13.27.31:402][  0]LogWindows:    2. 'NVIDIA Quadro K4000' (P:0 D:0)
[2018.12.19-13.27.31:402][  0]LogWindows:    3. 'NVIDIA Quadro K4000' (P:0 D:0)
[2018.12.19-13.27.31:402][  0]LogWindows:    4. 'RDPDD Chained DD' (P:0 D:0)
[2018.12.19-13.27.31:403][  0]LogWindows:    5. 'RDP Encoder Mirror Driver' (P:0 D:0)
[2018.12.19-13.27.31:403][  0]LogWindows:    6. 'RDP Reflector Display Driver' (P:0 D:0)
[2018.12.19-13.27.31:403][  0]LogWindows: DebugString: GetVideoDriverDetailsInvalid PrimaryIsNotTheChoosenAdapter GetVideoDriverDetailsInvalid PrimaryIsNotTheChoosenAdapter GetVideoDriverDetailsInvalid PrimaryIsNotTheChoosenAdapter FoundDriverCount:4 
[2018.12.19-13.27.31:403][  0]LogD3D11RHI:     Adapter Name: NVIDIA Quadro K4000
[2018.12.19-13.27.31:403][  0]LogD3D11RHI:   Driver Version: 377.48 (internal:21.21.13.7748, unified:377.48)
[2018.12.19-13.27.31:403][  0]LogD3D11RHI:      Driver Date: 6-8-2017
[2018.12.19-13.27.31:403][  0]LogRHI: Texture pool is 1361 MB (70% of 1945 MB)
[2018.12.19-13.27.31:415][  0]LogD3D11RHI:Warning: Timestamp queries are currently disabled on this hardware due to instability. Realtime GPU stats will not be available. You can override this behaviour by setting r.NVIDIATimestampWorkaround to 0
[2018.12.19-13.27.31:417][  0]LogD3D11RHI: Async texture creation enabled
[2018.12.19-13.27.31:432][  0]LogD3D11RHI: GPU Timing Frequency: 1000.000000 (Debug: 2 2)
[2018.12.19-13.27.31:434][  0]LogShaderCompilers: Guid format shader working directory is -6 characters bigger than the processId version (D:/Usuarios/Alumno/Documentos/Unreal Projects/juego3d/Intermediate/Shaders/WorkingDirectory/8944/).
[2018.12.19-13.27.31:434][  0]LogShaderCompilers: Cleaned the shader compiler working directory 'C:/Users/Alumno/AppData/Local/Temp/UnrealShaderWorkingDir/3C8E0EF04E9C3E87E0C21788EB695497/'.
[2018.12.19-13.27.31:434][  0]LogShaderCompilers:Display: Using Local Shader Compiler.
[2018.12.19-13.27.33:086][  0]LogTemp:Display: Loaded TP AllDesktopTargetPlatform
[2018.12.19-13.27.33:225][  0]LogTemp:Display: Loaded TP MacClientTargetPlatform
[2018.12.19-13.27.33:363][  0]LogTemp:Display: Loaded TP MacNoEditorTargetPlatform
[2018.12.19-13.27.33:501][  0]LogTemp:Display: Loaded TP MacServerTargetPlatform
[2018.12.19-13.27.33:641][  0]LogTemp:Display: Loaded TP MacTargetPlatform
[2018.12.19-13.27.33:781][  0]LogTemp:Display: Loaded TP WindowsClientTargetPlatform
[2018.12.19-13.27.33:921][  0]LogTemp:Display: Loaded TP WindowsNoEditorTargetPlatform
[2018.12.19-13.27.34:061][  0]LogTemp:Display: Loaded TP WindowsServerTargetPlatform
[2018.12.19-13.27.34:189][  0]LogTemp:Display: Loaded TP WindowsTargetPlatform
[2018.12.19-13.27.34:327][  0]LogTemp:Display: Loaded TP AndroidTargetPlatform
[2018.12.19-13.27.34:465][  0]LogTemp:Display: Loaded TP Android_ASTCTargetPlatform
[2018.12.19-13.27.34:602][  0]LogTemp:Display: Loaded TP Android_ATCTargetPlatform
[2018.12.19-13.27.34:739][  0]LogTemp:Display: Loaded TP Android_DXTTargetPlatform
[2018.12.19-13.27.34:878][  0]LogTemp:Display: Loaded TP Android_ETC1TargetPlatform
[2018.12.19-13.27.35:015][  0]LogTemp:Display: Loaded TP Android_ETC2TargetPlatform
[2018.12.19-13.27.35:293][  0]LogTemp:Display: Loaded TP Android_MultiTargetPlatform
[2018.12.19-13.27.35:293][  0]LogTemp:Display: Loaded TP Android_PVRTCTargetPlatform
[2018.12.19-13.27.35:412][  0]LogTemp:Display: Loaded TP HTML5TargetPlatform
[2018.12.19-13.27.35:607][  0]LogTemp:Display: Loaded TP IOSTargetPlatform
[2018.12.19-13.27.35:657][  0]LogTemp:Display: Loaded TP TVOSTargetPlatform
[2018.12.19-13.27.35:794][  0]LogTemp:Display: Loaded TP LinuxClientTargetPlatform
[2018.12.19-13.27.35:931][  0]LogTemp:Display: Loaded TP LinuxNoEditorTargetPlatform
[2018.12.19-13.27.36:068][  0]LogTemp:Display: Loaded TP LinuxServerTargetPlatform
[2018.12.19-13.27.36:205][  0]LogTemp:Display: Loaded TP LinuxTargetPlatform
[2018.12.19-13.27.36:205][  0]LogTargetPlatformManager:Display: Building Assets For Windows
[2018.12.19-13.27.37:075][  0]LogDerivedDataCache:Display: Max Cache Size: 512 MB
[2018.12.19-13.27.37:134][  0]LogDerivedDataCache: Loaded boot cache 0.06s 50MB C:/Users/Alumno/AppData/Local/UnrealEngine/4.15/DerivedDataCache/Boot.ddc.
[2018.12.19-13.27.37:134][  0]LogDerivedDataCache:Display: Loaded Boot cache: C:/Users/Alumno/AppData/Local/UnrealEngine/4.15/DerivedDataCache/Boot.ddc
[2018.12.19-13.27.37:134][  0]LogDerivedDataCache: FDerivedDataBackendGraph:  Pak pak cache file D:/Usuarios/Alumno/Documentos/Unreal Projects/juego3d/DerivedDataCache/DDC.ddp not found, will not use a pak cache.
[2018.12.19-13.27.37:134][  0]LogDerivedDataCache: Unable to find inner node Pak for hierarchical cache Hierarchy.
[2018.12.19-13.27.37:134][  0]LogDerivedDataCache: FDerivedDataBackendGraph:  CompressedPak pak cache file D:/Usuarios/Alumno/Documentos/Unreal Projects/juego3d/DerivedDataCache/Compressed.ddp not found, will not use a pak cache.
[2018.12.19-13.27.37:134][  0]LogDerivedDataCache: Unable to find inner node CompressedPak for hierarchical cache Hierarchy.
[2018.12.19-13.27.37:153][  0]LogDerivedDataCache:Display: Pak cache opened for reading ../../../Engine/DerivedDataCache/Compressed.ddp.
[2018.12.19-13.27.37:169][  0]LogDerivedDataCache: Using Local data cache path C:/Users/Alumno/AppData/Local/UnrealEngine/Common/DerivedDataCache: Writable
[2018.12.19-13.27.37:179][  0]LogSlate: Using Freetype 2.6.0
[2018.12.19-13.27.37:181][  0]LogSlate: SlateFontCache - WITH_FREETYPE: 1, WITH_HARFBUZZ: 1
[2018.12.19-13.27.37:181][  0]LogSlate: SlateFontCache - WITH_FREETYPE: 1, WITH_HARFBUZZ: 1
[2018.12.19-13.27.37:632][  0]LogInit: Selected Device Profile: [Windows]
[2018.12.19-13.27.37:635][  0]LogContentStreaming: Texture pool size is 0.00 MB
[2018.12.19-13.27.38:041][  0]LogMeshUtilities: Using QuadricMeshReduction for automatic static mesh reduction
[2018.12.19-13.27.38:165][  0]LogSimplygon: Simplygon DLL not present - disabling.
[2018.12.19-13.27.38:292][  0]LogMeshUtilities: Using SimplygonSwarm for distributed automatic mesh merging
[2018.12.19-13.27.38:292][  0]LogMeshUtilities: No automatic skeletal mesh reduction module available
[2018.12.19-13.27.38:292][  0]LogMeshUtilities: No automatic mesh merging module available
[2018.12.19-13.27.39:095][  0]LogNetVersion: GetLocalNetworkVersion: CL: 3299760, ProjectName: juego3d, ProjectVersion: , EngineNetworkVersion: 2, GameNetworkVersion: 0, NetworkChecksum: 1390200241
[2018.12.19-13.27.39:157][  0]LogAssetRegistry: FAssetRegistry took 0.0198 seconds to start up
[2018.12.19-13.27.39:239][  0]LogPackageLocalizationCache: Processed 3 localized package path(s) for 2 prioritized culture(s) in 0.048555 seconds
[2018.12.19-13.27.39:245][  0]LogUObjectArray: 32493 objects as part of root set at end of initial load.
[2018.12.19-13.27.39:245][  0]LogUObjectAllocator: 7077024 out of 0 bytes used by permanent object pool.
[2018.12.19-13.27.39:245][  0]LogUObjectArray: CloseDisregardForGC: 0/0 objects in disregard for GC pool
[2018.12.19-13.27.39:343][  0]LogInit: WinSock: version 1.1 (2.2), MaxSocks=32767, MaxUdp=65467
[2018.12.19-13.27.43:273][  0]LogTcpMessaging: Initializing TcpMessaging bridge
[2018.12.19-13.27.43:331][  0]LogUdpMessaging: Initializing bridge on interface 0.0.0.0:0 to multicast group 230.0.0.1:6666.
[2018.12.19-13.27.44:568][  0]LogMaterial: Uniform references updated for custom material expression Custom.
[2018.12.19-13.27.45:623][  0]SourceControl: Información El control de código fuente está desactivado
[2018.12.19-13.27.45:864][  0]SourceControl: Información El control de código fuente está desactivado
[2018.12.19-13.27.46:001][  0]SourceControl: Información El control de código fuente está desactivado
[2018.12.19-13.27.46:140][  0]SourceControl: Información El control de código fuente está desactivado
[2018.12.19-13.27.49:580][  0]LogEngine: Initializing Engine...
[2018.12.19-13.27.49:582][  0]LogHMD: Failed to initialize OpenVR with code 110
[2018.12.19-13.27.49:726][  0]LogStats: UGameplayTagsManager::ConstructGameplayTagTree: Construct from data asset -  0.000 s
[2018.12.19-13.27.49:726][  0]LogStats: UGameplayTagsManager::ConstructGameplayTagTree: GameplayTagTreeChangedEvent.Broadcast -  0.000 s
[2018.12.19-13.27.50:130][  0]LogAIModule: Creating AISystem for world Untitled
[2018.12.19-13.27.50:140][  0]LogInit: XAudio2 using 'Altavoces (Realtek High Definition Audio)' : 2 channels at 48 kHz using 32 bits per sample (channel mask 0x3)
[2018.12.19-13.27.50:167][  0]LogInit: FAudioDevice initialized.
[2018.12.19-13.27.50:206][  0]LogDerivedDataCache: Saved boot cache 0.04s 50MB C:/Users/Alumno/AppData/Local/UnrealEngine/4.15/DerivedDataCache/Boot.ddc.
[2018.12.19-13.27.50:215][  0]LogInit: Texture streaming: Enabled
[2018.12.19-13.27.50:379][  0]LogEngineSessionManager: EngineSessionManager initialized
[2018.12.19-13.27.50:645][  0]LogInit: Transaction tracking system initialized
[2018.12.19-13.27.51:688][  0]BlueprintLog: New page: Cargar el editor
[2018.12.19-13.27.54:147][  0]LocalizationService: Información Localization service is disabled
[2018.12.19-13.27.56:054][  0]LogConsoleResponse:Display: 
[2018.12.19-13.27.56:223][  0]LogCook:Display: Max memory allowance for cook 16384mb min free memory 0mb
[2018.12.19-13.27.56:223][  0]LogCook:Display: Mobile HDR setting 1
[2018.12.19-13.27.56:821][  0]LogFileCache: Scanning file cache for directory 'D:/Usuarios/Alumno/Documentos/Unreal Projects/juego3d/Content/' took 0.02s
[2018.12.19-13.27.58:990][  0]SourceControl: Información El control de código fuente está desactivado
[2018.12.19-13.27.58:990][  0]Cmd: MAP LOAD FILE="D:/Usuarios/Alumno/Documentos/Unreal Projects/juego3d/Content/StarterContent/Maps/Minimal_Default.umap" TEMPLATE=0 SHOWPROGRESS=1 FEATURELEVEL=3
[2018.12.19-13.27.58:991][  0]LightingResults: New page: Diseñar la iluminación
[2018.12.19-13.27.59:118][  0]MapCheck: New page: Revisión del mapa
[2018.12.19-13.27.59:118][  0]LightingResults: New page: Diseñar la iluminación
[2018.12.19-13.27.59:650][  0]LogAIModule: Creating AISystem for world Minimal_Default
[2018.12.19-13.27.59:678][  0]LogEditorServer: Finished looking for orphan Actors (0.000 secs)
[2018.12.19-13.27.59:678][  0]Cmd: MAP CHECKDEP NOCLEARLOG
[2018.12.19-13.27.59:825][  0]MapCheck: Información Map check complete: 0 Error(s), 0 Warning(s), took 146,708ms to complete.
[2018.12.19-13.27.59:825][  0]LogFileHelpers: Loading map 'Minimal_Default' took 0.835
[2018.12.19-13.28.00:100][  0]LogCollectionManager: Loaded 0 collections in 0.001434 seconds
[2018.12.19-13.28.00:264][  0]LogFileCache: Scanning file cache for directory 'D:/Usuarios/Alumno/Documentos/Unreal Projects/juego3d/Saved/Collections/' took 0.01s
[2018.12.19-13.28.00:264][  0]LogFileCache: Scanning file cache for directory 'D:/Usuarios/Alumno/Documentos/Unreal Projects/juego3d/Content/Developers/Alumno/Collections/' took 0.01s
[2018.12.19-13.28.00:264][  0]LogFileCache: Scanning file cache for directory 'D:/Usuarios/Alumno/Documentos/Unreal Projects/juego3d/Content/Collections/' took 0.01s
[2018.12.19-13.28.00:264][  0]LogCollectionManager: Rebuilt the GUID cache for 0 collections in 0.000002 seconds
[2018.12.19-13.28.00:275][  0]LogContentBrowser: Native class hierarchy populated in 0.0101 seconds. Added 2245 classes and 453 folders.
[2018.12.19-13.28.00:444][  0]LogContentBrowser: Native class hierarchy updated for 'WidgetCarousel' in 0.0006 seconds. Added 0 classes and 0 folders.
[2018.12.19-13.28.00:640][  0]LogContentBrowser: Native class hierarchy updated for 'AddContentDialog' in 0.0006 seconds. Added 0 classes and 0 folders.
[2018.12.19-13.28.00:768][  0]LogContentBrowser: Native class hierarchy updated for 'SceneOutliner' in 0.0006 seconds. Added 1 classes and 2 folders.
[2018.12.19-13.28.00:903][  0]LogCrashTracker: Crashtracker disabled due to settings.
[2018.12.19-13.28.00:910][  0]LogUObjectGlobals:Warning: Error al encontrar el objeto 'Class Ninguno.'
[2018.12.19-13.28.01:060][  0]LogContentBrowser: Native class hierarchy updated for 'HierarchicalLODOutliner' in 0.0007 seconds. Added 1 classes and 2 folders.
[2018.12.19-13.28.01:061][  0]LogLoad: (Engine Initialization) Total time: 34.56 seconds
[2018.12.19-13.28.01:061][  0]LogLoad: (Engine Initialization) Total Blueprint compile time: 0.18 seconds
[2018.12.19-13.28.01:061][  0]LogExternalProfiler: No external profilers were discovered.  External profiling features will not be available.
[2018.12.19-13.28.01:400][  0]LogOcInput: OculusInput pre-init called
[2018.12.19-13.28.01:435][  0]LogContentStreaming: Texture pool size now 1000 MB
[2018.12.19-13.28.01:440][  0]LogSlate: Took 0.002915 seconds to synchronously load lazily loaded font '../../../Engine/Content/Slate/Fonts/Roboto-Regular.ttf' (155K)
[2018.12.19-13.28.01:448][  0]LogSlate: Took 0.002804 seconds to synchronously load lazily loaded font '../../../Engine/Content/Slate/Fonts/Roboto-Bold.ttf' (160K)
[2018.12.19-13.28.01:460][  0]LogSlate: Took 0.002943 seconds to synchronously load lazily loaded font '../../../Engine/Content/Editor/Slate/Fonts/FontAwesome.ttf' (139K)
[2018.12.19-13.28.01:609][  0]LogSlate: Took 0.002486 seconds to synchronously load lazily loaded font '../../../Engine/Content/Slate/Fonts/Roboto-Light.ttf' (159K)
[2018.12.19-13.28.01:673][  0]LogRenderer: Reallocating scene render targets to support 1208x576 NumSamples 1 (Frame:2).
[2018.12.19-13.28.02:083][  2]LogAssetRegistry: Asset discovery search completed in 22.9466 seconds
[2018.12.19-13.28.02:083][  2]LogCollectionManager: Rebuilt the object cache for 0 collections in 0.000014 seconds (found 0 objects)
[2018.12.19-13.28.02:084][  2]LogCollectionManager: Fixed up redirectors for 0 collections in 0.000066 seconds (updated 0 objects)
[2018.12.19-13.28.09:218][194]LogTemp: Repeting last play command: Selected Viewport
[2018.12.19-13.28.09:228][194]LogBlueprintUserMessages: Early PlayInEditor Detection: Level '/Game/StarterContent/Maps/Minimal_Default.Minimal_Default:PersistentLevel' has LevelScriptBlueprint '/Game/StarterContent/Maps/Minimal_Default.Minimal_Default:PersistentLevel.Minimal_Default' with GeneratedClass '/Game/StarterContent/Maps/Minimal_Default.Minimal_Default_C' with ClassGeneratedBy '/Game/StarterContent/Maps/Minimal_Default.Minimal_Default:PersistentLevel.Minimal_Default'
[2018.12.19-13.28.09:228][194]LogPlayLevel: PlayLevel: No blueprints needed recompiling
[2018.12.19-13.28.09:228][194]PIE: New page: Sesión PIE (reproducción en el editor): Minimal_Default (19/12/2018 15:28:09)
[2018.12.19-13.28.09:232][194]LogPlayLevel: Creating play world package: /Game/StarterContent/Maps/UEDPIE_0_Minimal_Default
[2018.12.19-13.28.09:255][194]LogPlayLevel: PIE: StaticDuplicateObject took: (0.023432s)
[2018.12.19-13.28.09:256][194]LogAIModule: Creating AISystem for world Minimal_Default
[2018.12.19-13.28.09:256][194]LogPlayLevel: PIE: World Init took: (0.000969s)
[2018.12.19-13.28.09:256][194]LogPlayLevel: PIE: Created PIE world by copying editor world from /Game/StarterContent/Maps/Minimal_Default.Minimal_Default to /Game/StarterContent/Maps/UEDPIE_0_Minimal_Default.Minimal_Default (0.027773s)
[2018.12.19-13.28.09:270][194]LogInit: XAudio2 using 'Altavoces (Realtek High Definition Audio)' : 2 channels at 48 kHz using 32 bits per sample (channel mask 0x3)
[2018.12.19-13.28.09:288][194]LogInit: FAudioDevice initialized.
[2018.12.19-13.28.09:340][194]LogLoad: Game class is 'GameModeBase'
[2018.12.19-13.28.09:462][194]LogWorld: Bringing World /Game/StarterContent/Maps/UEDPIE_0_Minimal_Default.Minimal_Default up for play (max tick rate 0) at 2018.12.19-14.28.09
[2018.12.19-13.28.09:464][194]LogWorld: Bringing up level for play took: 0.004829
[2018.12.19-13.28.09:634][194]LogContentBrowser: Native class hierarchy updated for 'MovieSceneCapture' in 0.0007 seconds. Added 11 classes and 0 folders.
[2018.12.19-13.28.09:636][194]PIE: Información Tiempo de inicio de la reproducción en el editor para  /Game/StarterContent/Maps/UEDPIE_0_Minimal_Default -0,217
[2018.12.19-13.28.09:639][194]LogBlueprintUserMessages: Late PlayInEditor Detection: Level '/Game/StarterContent/Maps/Minimal_Default.Minimal_Default:PersistentLevel' has LevelScriptBlueprint '/Game/StarterContent/Maps/Minimal_Default.Minimal_Default:PersistentLevel.Minimal_Default' with GeneratedClass '/Game/StarterContent/Maps/Minimal_Default.Minimal_Default_C' with ClassGeneratedBy '/Game/StarterContent/Maps/Minimal_Default.Minimal_Default:PersistentLevel.Minimal_Default'
[2018.12.19-13.28.23:391][659]LogBlueprintUserMessages: Early EndPlayMap Detection: Level '/Game/StarterContent/Maps/Minimal_Default.Minimal_Default:PersistentLevel' has LevelScriptBlueprint '/Game/StarterContent/Maps/Minimal_Default.Minimal_Default:PersistentLevel.Minimal_Default' with GeneratedClass '/Game/StarterContent/Maps/Minimal_Default.Minimal_Default_C' with ClassGeneratedBy '/Game/StarterContent/Maps/Minimal_Default.Minimal_Default:PersistentLevel.Minimal_Default'
[2018.12.19-13.28.23:432][659]LogBlueprintUserMessages: Late EndPlayMap Detection: Level '/Game/StarterContent/Maps/Minimal_Default.Minimal_Default:PersistentLevel' has LevelScriptBlueprint '/Game/StarterContent/Maps/Minimal_Default.Minimal_Default:PersistentLevel.Minimal_Default' with GeneratedClass '/Game/StarterContent/Maps/Minimal_Default.Minimal_Default_C' with ClassGeneratedBy '/Game/StarterContent/Maps/Minimal_Default.Minimal_Default:PersistentLevel.Minimal_Default'
[2018.12.19-13.28.31:259][462]LogSlate: Took 0.000663 seconds to synchronously load lazily loaded font '../../../Engine/Content/Slate/Fonts/Roboto-Light.ttf' (159K)
[2018.12.19-13.28.31:525][462]LogTexture:Display: Building textures: HQ_Lightmap0_2 (AutoDXT, 1024X1024) - 88 MB total VRAM
[2018.12.19-13.28.31:830][462]LogTexture:Display: Building textures: HQ_Lightmap1_1 (AutoDXT, 1024X1024) - 88 MB total VRAM
[2018.12.19-13.28.31:969][462]LogTexture:Display: Building textures: HQ_Lightmap1_10 (AutoDXT, 128X128) - 88 MB total VRAM
[2018.12.19-13.28.31:996][462]LogTexture:Display: Building textures: HQ_Lightmap1_11 (AutoDXT, 256X256) - 88 MB total VRAM
[2018.12.19-13.28.32:022][462]LogTexture:Display: Building textures: HQ_Lightmap1_12 (AutoDXT, 256X256) - 88 MB total VRAM
[2018.12.19-13.28.32:050][462]LogTexture:Display: Building textures: HQ_Lightmap1_13 (AutoDXT, 256X256) - 88 MB total VRAM
[2018.12.19-13.28.32:084][462]LogTexture:Display: Building textures: HQ_Lightmap1_14 (AutoDXT, 256X256) - 88 MB total VRAM
[2018.12.19-13.28.32:123][462]LogTexture:Display: Building textures: HQ_Lightmap1_15 (AutoDXT, 256X256) - 88 MB total VRAM
[2018.12.19-13.28.32:148][462]LogTexture:Display: Building textures: HQ_Lightmap1_16 (AutoDXT, 256X256) - 88 MB total VRAM
[2018.12.19-13.28.32:177][462]LogTexture:Display: Building textures: HQ_Lightmap1_17 (AutoDXT, 128X128) - 88 MB total VRAM
[2018.12.19-13.28.32:203][462]LogTexture:Display: Building textures: HQ_Lightmap1_18 (AutoDXT, 128X128) - 88 MB total VRAM
[2018.12.19-13.28.32:228][462]LogTexture:Display: Building textures: HQ_Lightmap1_19 (AutoDXT, 128X128) - 88 MB total VRAM
[2018.12.19-13.28.32:251][462]LogTexture:Display: Building textures: HQ_Lightmap1_20 (AutoDXT, 128X128) - 88 MB total VRAM
[2018.12.19-13.28.32:278][462]LogTexture:Display: Building textures: HQ_Lightmap1_21 (AutoDXT, 128X128) - 88 MB total VRAM
[2018.12.19-13.28.32:286][462]LogTexture:Display: Building textures: HQ_Lightmap1_22 (AutoDXT, 128X128) - 88 MB total VRAM
[2018.12.19-13.28.32:299][462]LogTexture:Display: Building textures: HQ_Lightmap1_3 (AutoDXT, 256X256) - 88 MB total VRAM
[2018.12.19-13.28.32:316][462]LogTexture:Display: Building textures: HQ_Lightmap1_4 (AutoDXT, 256X256) - 89 MB total VRAM
[2018.12.19-13.28.32:350][462]LogTexture:Display: Building textures: HQ_Lightmap1_5 (AutoDXT, 256X256) - 89 MB total VRAM
[2018.12.19-13.28.32:381][462]LogTexture:Display: Building textures: HQ_Lightmap1_6 (AutoDXT, 256X256) - 89 MB total VRAM
[2018.12.19-13.28.32:410][462]LogTexture:Display: Building textures: HQ_Lightmap1_7 (AutoDXT, 256X256) - 89 MB total VRAM
[2018.12.19-13.28.32:440][462]LogTexture:Display: Building textures: HQ_Lightmap1_8 (AutoDXT, 256X256) - 89 MB total VRAM
[2018.12.19-13.28.32:463][462]LogTexture:Display: Building textures: HQ_Lightmap1_9 (AutoDXT, 256X256) - 89 MB total VRAM
[2018.12.19-13.28.32:516][462]LogTexture:Display: Building textures: LQ_Lightmap_0_2 (DXT1, 1024X1024) - 89 MB total VRAM
[2018.12.19-13.28.32:664][462]LogTexture:Display: Building textures: LQ_Lightmap_1_1 (DXT1, 1024X1024) - 89 MB total VRAM
[2018.12.19-13.28.32:857][462]LogTexture:Display: Building textures: LQ_Lightmap_1_10 (DXT1, 128X128) - 89 MB total VRAM
[2018.12.19-13.28.32:883][462]LogTexture:Display: Building textures: LQ_Lightmap_1_11 (DXT1, 256X256) - 89 MB total VRAM
[2018.12.19-13.28.32:905][462]LogTexture:Display: Building textures: LQ_Lightmap_1_12 (DXT1, 256X256) - 89 MB total VRAM
[2018.12.19-13.28.32:931][462]LogTexture:Display: Building textures: LQ_Lightmap_1_13 (DXT1, 256X256) - 89 MB total VRAM
[2018.12.19-13.28.32:966][462]LogTexture:Display: Building textures: LQ_Lightmap_1_14 (DXT1, 256X256) - 89 MB total VRAM
[2018.12.19-13.28.32:996][462]LogTexture:Display: Building textures: LQ_Lightmap_1_15 (DXT1, 256X256) - 89 MB total VRAM
[2018.12.19-13.28.33:019][462]LogTexture:Display: Building textures: LQ_Lightmap_1_16 (DXT1, 256X256) - 89 MB total VRAM
[2018.12.19-13.28.33:047][462]LogTexture:Display: Building textures: LQ_Lightmap_1_17 (DXT1, 128X128) - 89 MB total VRAM
[2018.12.19-13.28.33:074][462]LogTexture:Display: Building textures: LQ_Lightmap_1_18 (DXT1, 128X128) - 89 MB total VRAM
[2018.12.19-13.28.33:098][462]LogTexture:Display: Building textures: LQ_Lightmap_1_19 (DXT1, 128X128) - 89 MB total VRAM
[2018.12.19-13.28.33:119][462]LogTexture:Display: Building textures: LQ_Lightmap_1_20 (DXT1, 128X128) - 89 MB total VRAM
[2018.12.19-13.28.33:144][462]LogTexture:Display: Building textures: LQ_Lightmap_1_21 (DXT1, 128X128) - 89 MB total VRAM
[2018.12.19-13.28.33:151][462]LogTexture:Display: Building textures: LQ_Lightmap_1_22 (DXT1, 128X128) - 89 MB total VRAM
[2018.12.19-13.28.33:168][462]LogTexture:Display: Building textures: LQ_Lightmap_1_3 (DXT1, 256X256) - 89 MB total VRAM
[2018.12.19-13.28.33:184][462]LogTexture:Display: Building textures: LQ_Lightmap_1_4 (DXT1, 256X256) - 89 MB total VRAM
[2018.12.19-13.28.33:213][462]LogTexture:Display: Building textures: LQ_Lightmap_1_5 (DXT1, 256X256) - 89 MB total VRAM
[2018.12.19-13.28.33:243][462]LogTexture:Display: Building textures: LQ_Lightmap_1_6 (DXT1, 256X256) - 89 MB total VRAM
[2018.12.19-13.28.33:274][462]LogTexture:Display: Building textures: LQ_Lightmap_1_7 (DXT1, 256X256) - 89 MB total VRAM
[2018.12.19-13.28.33:307][462]LogTexture:Display: Building textures: LQ_Lightmap_1_8 (DXT1, 256X256) - 89 MB total VRAM
[2018.12.19-13.28.33:331][462]LogTexture:Display: Building textures: LQ_Lightmap_1_9 (DXT1, 256X256) - 89 MB total VRAM
[2018.12.19-13.28.33:374][462]LogTexture:Display: Building textures: SkyOcclusion0_2 (AutoDXT, 1024X512) - 89 MB total VRAM
[2018.12.19-13.28.33:507][462]LogSlate: Took 0.000737 seconds to synchronously load lazily loaded font '../../../Engine/Content/Slate/Fonts/Roboto-Regular.ttf' (155K)
[2018.12.19-13.28.33:527][462]LogTexture:Display: Building textures: SkyOcclusion1_1 (AutoDXT, 1024X512) - 89 MB total VRAM
[2018.12.19-13.28.33:614][462]LogTexture:Display: Building textures: SkyOcclusion1_10 (AutoDXT, 128X64) - 89 MB total VRAM
[2018.12.19-13.28.33:632][462]LogTexture:Display: Building textures: SkyOcclusion1_11 (AutoDXT, 256X128) - 89 MB total VRAM
[2018.12.19-13.28.33:651][462]LogTexture:Display: Building textures: SkyOcclusion1_12 (AutoDXT, 256X128) - 89 MB total VRAM
[2018.12.19-13.28.33:673][462]LogTexture:Display: Building textures: SkyOcclusion1_13 (AutoDXT, 256X128) - 89 MB total VRAM
[2018.12.19-13.28.33:701][462]LogTexture:Display: Building textures: SkyOcclusion1_14 (AutoDXT, 256X128) - 89 MB total VRAM
[2018.12.19-13.28.33:729][462]LogTexture:Display: Building textures: SkyOcclusion1_15 (AutoDXT, 256X128) - 89 MB total VRAM
[2018.12.19-13.28.33:751][462]LogTexture:Display: Building textures: SkyOcclusion1_16 (AutoDXT, 256X128) - 89 MB total VRAM
[2018.12.19-13.28.33:773][462]LogTexture:Display: Building textures: SkyOcclusion1_17 (AutoDXT, 128X64) - 89 MB total VRAM
[2018.12.19-13.28.33:789][462]LogTexture:Display: Building textures: SkyOcclusion1_18 (AutoDXT, 128X64) - 89 MB total VRAM
[2018.12.19-13.28.33:804][462]LogTexture:Display: Building textures: SkyOcclusion1_19 (AutoDXT, 128X64) - 89 MB total VRAM
[2018.12.19-13.28.33:821][462]LogTexture:Display: Building textures: SkyOcclusion1_20 (AutoDXT, 128X64) - 89 MB total VRAM
[2018.12.19-13.28.33:836][462]LogTexture:Display: Building textures: SkyOcclusion1_21 (AutoDXT, 128X64) - 89 MB total VRAM
[2018.12.19-13.28.33:840][462]LogTexture:Display: Building textures: SkyOcclusion1_22 (AutoDXT, 128X64) - 89 MB total VRAM
[2018.12.19-13.28.33:848][462]LogTexture:Display: Building textures: SkyOcclusion1_3 (AutoDXT, 256X128) - 89 MB total VRAM
[2018.12.19-13.28.33:857][462]LogTexture:Display: Building textures: SkyOcclusion1_4 (AutoDXT, 256X128) - 89 MB total VRAM
[2018.12.19-13.28.33:884][462]LogTexture:Display: Building textures: SkyOcclusion1_5 (AutoDXT, 256X128) - 89 MB total VRAM
[2018.12.19-13.28.33:912][462]LogTexture:Display: Building textures: SkyOcclusion1_6 (AutoDXT, 256X128) - 89 MB total VRAM
[2018.12.19-13.28.33:937][462]LogTexture:Display: Building textures: SkyOcclusion1_7 (AutoDXT, 256X128) - 89 MB total VRAM
[2018.12.19-13.28.33:963][462]LogTexture:Display: Building textures: SkyOcclusion1_8 (AutoDXT, 256X128) - 89 MB total VRAM
[2018.12.19-13.28.33:985][462]LogTexture:Display: Building textures: SkyOcclusion1_9 (AutoDXT, 256X128) - 89 MB total VRAM
[2018.12.19-13.28.34:011][462]LogTexture:Display: Building textures: ShadowMapTexture2D_132 (G8, 512X512) - 89 MB total VRAM
[2018.12.19-13.28.34:020][462]LogTexture:Display: Building textures: ShadowMapTexture2D_133 (G8, 1024X512) - 89 MB total VRAM
[2018.12.19-13.28.34:039][462]LogTexture:Display: Building textures: ShadowMapTexture2D_134 (G8, 256X64) - 89 MB total VRAM
[2018.12.19-13.28.34:040][462]LogTexture:Display: Building textures: ShadowMapTexture2D_135 (G8, 256X64) - 89 MB total VRAM
[2018.12.19-13.28.34:041][462]LogTexture:Display: Building textures: ShadowMapTexture2D_136 (G8, 256X64) - 89 MB total VRAM
[2018.12.19-13.28.34:042][462]LogTexture:Display: Building textures: ShadowMapTexture2D_137 (G8, 256X64) - 89 MB total VRAM
[2018.12.19-13.28.34:043][462]LogTexture:Display: Building textures: ShadowMapTexture2D_138 (G8, 256X64) - 89 MB total VRAM
[2018.12.19-13.28.34:044][462]LogTexture:Display: Building textures: ShadowMapTexture2D_139 (G8, 256X64) - 89 MB total VRAM
[2018.12.19-13.28.34:045][462]LogTexture:Display: Building textures: ShadowMapTexture2D_140 (G8, 256X64) - 89 MB total VRAM
[2018.12.19-13.28.34:045][462]LogTexture:Display: Building textures: ShadowMapTexture2D_141 (G8, 128X64) - 89 MB total VRAM
[2018.12.19-13.28.34:046][462]LogTexture:Display: Building textures: ShadowMapTexture2D_142 (G8, 256X64) - 89 MB total VRAM
[2018.12.19-13.28.34:046][462]LogTexture:Display: Building textures: ShadowMapTexture2D_143 (G8, 256X64) - 89 MB total VRAM
[2018.12.19-13.28.34:047][462]LogTexture:Display: Building textures: ShadowMapTexture2D_144 (G8, 256X64) - 89 MB total VRAM
[2018.12.19-13.28.34:048][462]LogTexture:Display: Building textures: ShadowMapTexture2D_145 (G8, 256X64) - 89 MB total VRAM
[2018.12.19-13.28.34:049][462]LogTexture:Display: Building textures: ShadowMapTexture2D_146 (G8, 256X64) - 89 MB total VRAM
[2018.12.19-13.28.34:049][462]LogTexture:Display: Building textures: ShadowMapTexture2D_147 (G8, 256X64) - 89 MB total VRAM
[2018.12.19-13.28.34:050][462]LogTexture:Display: Building textures: ShadowMapTexture2D_148 (G8, 128X64) - 89 MB total VRAM
[2018.12.19-13.28.34:051][462]LogTexture:Display: Building textures: ShadowMapTexture2D_149 (G8, 128X64) - 89 MB total VRAM
[2018.12.19-13.28.34:051][462]LogTexture:Display: Building textures: ShadowMapTexture2D_150 (G8, 128X64) - 89 MB total VRAM
[2018.12.19-13.28.34:052][462]LogTexture:Display: Building textures: ShadowMapTexture2D_151 (G8, 128X64) - 89 MB total VRAM
[2018.12.19-13.28.34:052][462]LogTexture:Display: Building textures: ShadowMapTexture2D_152 (G8, 64X64) - 89 MB total VRAM
[2018.12.19-13.28.34:052][462]LogTexture:Display: Building textures: ShadowMapTexture2D_153 (G8, 128X64) - 89 MB total VRAM
[2018.12.19-13.28.34:098][462]LogMaterial: Missing cached shader map for material M_Rock_Sandstone, compiling. 
[2018.12.19-13.28.34:114][462]LogTemp:Display: Added material ShaderMap 0x000000004C96AB00 with Material 0x0000000023AC8280 to ShaderMapsBeingCompiled
[2018.12.19-13.28.34:192][462]LogTemp:Display: Kicking off shader compilation for M_Rock_Sandstone, GameThreadShaderMap 0x000000004C96AB00
[2018.12.19-13.28.34:237][462]LogTexture:Display: Building textures: Texture2D_64 (BGRA8, 512X512) - 89 MB total VRAM
[2018.12.19-13.28.34:256][462]LogAIModule: Creating AISystem for world mapa1
[2018.12.19-13.28.34:298][462]Cmd: MAP LOAD FILE="D:/Usuarios/Alumno/Documentos/Unreal Projects/juego3d/Content/mapa1.umap" TEMPLATE=0 SHOWPROGRESS=1 FEATURELEVEL=3
[2018.12.19-13.28.34:298][462]LightingResults: New page: Diseñar la iluminación
[2018.12.19-13.28.34:300][462]LoadErrors: New page: Cargando mapa: mapa1.umap
[2018.12.19-13.28.34:301][462]MapCheck: New page: Revisión del mapa
[2018.12.19-13.28.34:301][462]LightingResults: New page: Diseñar la iluminación
[2018.12.19-13.28.34:867][462]LogEditorServer: Finished looking for orphan Actors (0.000 secs)
[2018.12.19-13.28.34:891][462]Cmd: MAP CHECKDEP NOCLEARLOG
[2018.12.19-13.28.35:168][462]MapCheck: Información Map check complete: 0 Error(s), 0 Warning(s), took 276,709ms to complete.
[2018.12.19-13.28.35:169][462]LogFileHelpers: Loading map 'mapa1' took 0.872
[2018.12.19-13.28.39:960][850]LogTemp:Display: Finished compile of shader map 0x000000004C96AB00
[2018.12.19-13.28.39:960][850]LogTemp:Display: Shader map M_Rock_Sandstone complete, GameThreadShaderMap 0x000000004C96AB00, marking material M_Rock_Sandstone as finished
[2018.12.19-13.28.39:960][850]LogTemp:Display: Marking material as finished 0x0000000023AC8280
[2018.12.19-13.28.47:912][658]LogTemp: Repeting last play command: Selected Viewport
[2018.12.19-13.28.47:920][658]LogPlayLevel: PlayLevel: No blueprints needed recompiling
[2018.12.19-13.28.47:920][658]PIE: New page: Sesión PIE (reproducción en el editor): mapa1 (19/12/2018 15:28:47)
[2018.12.19-13.28.47:921][658]LogPlayLevel: Creating play world package: /Game/UEDPIE_0_mapa1
[2018.12.19-13.28.47:947][658]LogPlayLevel: PIE: StaticDuplicateObject took: (0.026762s)
[2018.12.19-13.28.47:948][658]LogAIModule: Creating AISystem for world mapa1
[2018.12.19-13.28.47:948][658]LogPlayLevel: PIE: World Init took: (0.000806s)
[2018.12.19-13.28.47:948][658]LogPlayLevel: PIE: Created PIE world by copying editor world from /Game/mapa1.mapa1 to /Game/UEDPIE_0_mapa1.mapa1 (0.027795s)
[2018.12.19-13.28.47:961][658]LogInit: XAudio2 using 'Altavoces (Realtek High Definition Audio)' : 2 channels at 48 kHz using 32 bits per sample (channel mask 0x3)
[2018.12.19-13.28.47:969][658]LogInit: FAudioDevice initialized.
[2018.12.19-13.28.47:996][658]LogLoad: Game class is 'GameModeBase'
[2018.12.19-13.28.48:003][658]LogWorld: Bringing World /Game/UEDPIE_0_mapa1.mapa1 up for play (max tick rate 0) at 2018.12.19-14.28.48
[2018.12.19-13.28.48:003][658]LogWorld: Bringing up level for play took: 0.006026
[2018.12.19-13.28.48:010][658]PIE: Información Tiempo de inicio de la reproducción en el editor para  /Game/UEDPIE_0_mapa1 0,156
[2018.12.19-13.30.40:301][654]Cmd: QUIT_EDITOR
[2018.12.19-13.30.40:361][654]LogExit: Preparing to exit.
[2018.12.19-13.30.41:496][654]LogExit: Editor shut down
[2018.12.19-13.30.41:496][654]LogExit: Transaction tracking system shut down
[2018.12.19-13.30.41:560][654]LogObj: Freed 0b from 0 cluster array pools.
[2018.12.19-13.30.41:560][654]LogExit: Object subsystem successfully closed.
[2018.12.19-13.30.41:577][654]LogD3D11RHI: Shutdown
[2018.12.19-13.30.41:577][654]LogD3D11RHI: CleanupD3DDevice
[2018.12.19-13.30.41:648][654]LogD3D11RHI: ~FD3D11DynamicRHI
[2018.12.19-13.30.41:679][654]LogModuleManager: Shutting down and abandoning module MovieSceneCapture (500)
[2018.12.19-13.30.41:679][654]LogModuleManager: Shutting down and abandoning module HierarchicalLODOutliner (498)
[2018.12.19-13.30.41:679][654]LogModuleManager: Shutting down and abandoning module CrashTracker (496)
[2018.12.19-13.30.41:679][654]LogModuleManager: Shutting down and abandoning module SceneOutliner (494)
[2018.12.19-13.30.41:679][654]LogModuleManager: Shutting down and abandoning module AddContentDialog (492)
[2018.12.19-13.30.41:679][654]LogDirectoryWatcher: A directory notification for 'C:/Program Files/Epic Games/UE_4.15/FeaturePacks/' was aborted.
[2018.12.19-13.30.41:680][654]LogModuleManager: Shutting down and abandoning module WidgetCarousel (491)
[2018.12.19-13.30.41:680][654]LogModuleManager: Shutting down and abandoning module EditorWidgets (488)
[2018.12.19-13.30.41:680][654]LogModuleManager: Shutting down and abandoning module CollectionManager (486)
[2018.12.19-13.30.41:681][654]LogDirectoryWatcher: A directory notification for 'D:/Usuarios/Alumno/Documentos/Unreal Projects/juego3d/Content/Collections/' was aborted.
[2018.12.19-13.30.41:681][654]LogDirectoryWatcher: A directory notification for 'D:/Usuarios/Alumno/Documentos/Unreal Projects/juego3d/Content/Developers/Alumno/Collections/' was aborted.
[2018.12.19-13.30.41:681][654]LogDirectoryWatcher: A directory notification for 'D:/Usuarios/Alumno/Documentos/Unreal Projects/juego3d/Saved/Collections/' was aborted.
[2018.12.19-13.30.41:681][654]LogModuleManager: Shutting down and abandoning module StatsViewer (484)
[2018.12.19-13.30.41:681][654]LogModuleManager: Shutting down and abandoning module FoliageEdit (482)
[2018.12.19-13.30.41:681][654]LogModuleManager: Shutting down and abandoning module LandscapeEditor (480)
[2018.12.19-13.30.41:681][654]LogModuleManager: Shutting down and abandoning module SceneDepthPickerMode (478)
[2018.12.19-13.30.41:681][654]LogModuleManager: Shutting down and abandoning module ActorPickerMode (476)
[2018.12.19-13.30.41:681][654]LogModuleManager: Shutting down and abandoning module GeometryMode (474)
[2018.12.19-13.30.41:681][654]LogModuleManager: Shutting down and abandoning module TextureAlignMode (472)
[2018.12.19-13.30.41:681][654]LogModuleManager: Shutting down and abandoning module BspMode (470)
[2018.12.19-13.30.41:681][654]LogModuleManager: Shutting down and abandoning module HardwareSurvey (468)
[2018.12.19-13.30.41:681][654]LogModuleManager: Shutting down and abandoning module SequenceRecorderSections (466)
[2018.12.19-13.30.41:681][654]LogModuleManager: Shutting down and abandoning module AutomationWorker (464)
[2018.12.19-13.30.41:681][654]LogModuleManager: Shutting down and abandoning module MatineeToLevelSequence (462)
[2018.12.19-13.30.41:681][654]LogModuleManager: Shutting down and abandoning module LevelSequenceEditor (460)
[2018.12.19-13.30.41:681][654]LogModuleManager: Shutting down and abandoning module PlacementMode (459)
[2018.12.19-13.30.41:681][654]LogModuleManager: Shutting down and abandoning module WmfMediaFactory (456)
[2018.12.19-13.30.41:681][654]LogModuleManager: Shutting down and abandoning module WmfMediaEditor (454)
[2018.12.19-13.30.41:681][654]LogModuleManager: Shutting down and abandoning module MfMediaFactory (452)
[2018.12.19-13.30.41:681][654]LogModuleManager: Shutting down and abandoning module MfMediaEditor (450)
[2018.12.19-13.30.41:681][654]LogModuleManager: Shutting down and abandoning module AvfMediaFactory (448)
[2018.12.19-13.30.41:681][654]LogModuleManager: Shutting down and abandoning module AvfMediaEditor (446)
[2018.12.19-13.30.41:681][654]LogModuleManager: Shutting down and abandoning module AndroidMediaFactory (444)
[2018.12.19-13.30.41:681][654]LogModuleManager: Shutting down and abandoning module Media (443)
[2018.12.19-13.30.41:681][654]LogModuleManager: Shutting down and abandoning module AndroidMediaEditor (440)
[2018.12.19-13.30.41:681][654]LogModuleManager: Shutting down and abandoning module CharacterAI (438)
[2018.12.19-13.30.41:681][654]LogModuleManager: Shutting down and abandoning module AudioCapture (436)
[2018.12.19-13.30.41:681][654]LogModuleManager: Shutting down and abandoning module SequenceRecorder (435)
[2018.12.19-13.30.41:681][654]LogModuleManager: Shutting down and abandoning module SmartSnapping (432)
[2018.12.19-13.30.41:681][654]LogModuleManager: Shutting down and abandoning module SessionServices (430)
[2018.12.19-13.30.41:681][654]LogModuleManager: Shutting down and abandoning module ViewportSnapping (428)
[2018.12.19-13.30.41:681][654]LogModuleManager: Shutting down and abandoning module ViewportInteraction (426)
[2018.12.19-13.30.41:681][654]LogModuleManager: Shutting down and abandoning module LogVisualizer (424)
[2018.12.19-13.30.41:681][654]LogModuleManager: Shutting down and abandoning module IntroTutorials (422)
[2018.12.19-13.30.41:681][654]LogModuleManager: Shutting down and abandoning module GameProjectGeneration (421)
[2018.12.19-13.30.41:681][654]LogModuleManager: Shutting down and abandoning module EditorLiveStreaming (418)
[2018.12.19-13.30.41:681][654]LogModuleManager: Shutting down and abandoning module IOSPlatformEditor (416)
[2018.12.19-13.30.41:681][654]LogModuleManager: Shutting down and abandoning module HTML5PlatformEditor (414)
[2018.12.19-13.30.41:681][654]LogModuleManager: Shutting down and abandoning module AndroidPlatformEditor (412)
[2018.12.19-13.30.41:681][654]LogModuleManager: Shutting down and abandoning module AndroidDeviceDetection (411)
[2018.12.19-13.30.42:169][654]LogModuleManager: Shutting down and abandoning module IOSRuntimeSettings (408)
[2018.12.19-13.30.42:169][654]LogModuleManager: Shutting down and abandoning module AndroidRuntimeSettings (406)
[2018.12.19-13.30.42:169][654]LogModuleManager: Shutting down and abandoning module InputBindingEditor (404)
[2018.12.19-13.30.42:169][654]LogModuleManager: Shutting down and abandoning module NiagaraEditor (402)
[2018.12.19-13.30.42:169][654]LogModuleManager: Shutting down and abandoning module MergeActors (400)
[2018.12.19-13.30.42:170][654]LogModuleManager: Shutting down and abandoning module SizeMap (398)
[2018.12.19-13.30.42:170][654]LogModuleManager: Shutting down and abandoning module TreeMap (396)
[2018.12.19-13.30.42:170][654]LogModuleManager: Shutting down and abandoning module ReferenceViewer (394)
[2018.12.19-13.30.42:170][654]LogModuleManager: Shutting down and abandoning module LocalizationDashboard (392)
[2018.12.19-13.30.42:170][654]LogModuleManager: Shutting down and abandoning module LocalizationService (391)
[2018.12.19-13.30.42:170][654]LogModuleManager: Shutting down and abandoning module HardwareTargeting (388)
[2018.12.19-13.30.42:170][654]LogModuleManager: Shutting down and abandoning module DeviceProfileEditor (386)
[2018.12.19-13.30.42:170][654]LogModuleManager: Shutting down and abandoning module UndoHistory (384)
[2018.12.19-13.30.42:170][654]LogModuleManager: Shutting down and abandoning module UserFeedback (382)
[2018.12.19-13.30.42:170][654]LogModuleManager: Shutting down and abandoning module XmlParser (380)
[2018.12.19-13.30.42:170][654]LogModuleManager: Shutting down and abandoning module Blutility (378)
[2018.12.19-13.30.42:170][654]LogModuleManager: Shutting down and abandoning module ProjectSettingsViewer (376)
[2018.12.19-13.30.42:170][654]LogModuleManager: Shutting down and abandoning module ProjectTargetPlatformEditor (375)
[2018.12.19-13.30.42:170][654]LogModuleManager: Shutting down and abandoning module EditorSettingsViewer (372)
[2018.12.19-13.30.42:170][654]LogModuleManager: Shutting down and abandoning module SettingsEditor (370)
[2018.12.19-13.30.42:170][654]LogModuleManager: Shutting down and abandoning module ProjectLauncher (368)
[2018.12.19-13.30.42:170][654]LogModuleManager: Shutting down and abandoning module SessionFrontend (366)
[2018.12.19-13.30.42:170][654]LogModuleManager: Shutting down and abandoning module ProfilerClient (364)
[2018.12.19-13.30.42:170][654]LogModuleManager: Shutting down and abandoning module DeviceManager (362)
[2018.12.19-13.30.42:170][654]LogModuleManager: Shutting down and abandoning module TargetDeviceServices (361)
[2018.12.19-13.30.42:221][654]LogModuleManager: Shutting down and abandoning module AutomationController (358)
[2018.12.19-13.30.42:221][654]LogModuleManager: Shutting down and abandoning module AutomationWindow (356)
[2018.12.19-13.30.42:221][654]LogModuleManager: Shutting down and abandoning module Layers (354)
[2018.12.19-13.30.42:221][654]LogModuleManager: Shutting down and abandoning module ComponentVisualizers (352)
[2018.12.19-13.30.42:221][654]LogModuleManager: Shutting down and abandoning module DetailCustomizations (350)
[2018.12.19-13.30.42:221][654]LogModuleManager: Shutting down and abandoning module PackagesDialog (348)
[2018.12.19-13.30.42:221][654]LogModuleManager: Shutting down and abandoning module Persona (346)
[2018.12.19-13.30.42:221][654]LogModuleManager: Shutting down and abandoning module AnimGraph (345)
[2018.12.19-13.30.42:221][654]LogModuleManager: Shutting down and abandoning module Kismet (342)
[2018.12.19-13.30.42:222][654]LogModuleManager: Shutting down and abandoning module GraphEditor (340)
[2018.12.19-13.30.42:222][654]LogModuleManager: Shutting down and abandoning module ClassViewer (338)
[2018.12.19-13.30.42:222][654]LogModuleManager: Shutting down and abandoning module Toolbox (336)
[2018.12.19-13.30.42:222][654]LogModuleManager: Shutting down and abandoning module ModuleUI (334)
[2018.12.19-13.30.42:222][654]LogModuleManager: Shutting down and abandoning module MovieSceneTools (332)
[2018.12.19-13.30.42:222][654]LogModuleManager: Shutting down and abandoning module OutputLog (330)
[2018.12.19-13.30.42:222][654]LogModuleManager: Shutting down and abandoning module GammaUI (328)
[2018.12.19-13.30.42:222][654]LogModuleManager: Shutting down and abandoning module Documentation (326)
[2018.12.19-13.30.42:222][654]LogModuleManager: Shutting down and abandoning module Niagara (324)
[2018.12.19-13.30.42:222][654]LogModuleManager: Shutting down and abandoning module StreamingPauseRendering (322)
[2018.12.19-13.30.42:222][654]LogModuleManager: Shutting down and abandoning module AnalyticsET (320)
[2018.12.19-13.30.42:222][654]LogModuleManager: Shutting down and abandoning module PortalServices (318)
[2018.12.19-13.30.42:222][654]LogModuleManager: Shutting down and abandoning module PortalRpc (316)
[2018.12.19-13.30.42:222][654]LogModuleManager: Shutting down and abandoning module MessagingRpc (314)
[2018.12.19-13.30.42:222][654]LogModuleManager: Shutting down and abandoning module AIModule (312)
[2018.12.19-13.30.42:222][654]LogModuleManager: Shutting down and abandoning module GameplayDebugger (311)
[2018.12.19-13.30.42:222][654]LogModuleManager: Shutting down and abandoning module AITestSuite (309)
[2018.12.19-13.30.42:222][654]LogModuleManager: Shutting down and abandoning module ProfilerService (306)
[2018.12.19-13.30.42:296][654]LogModuleManager: Shutting down and abandoning module TaskGraph (304)
[2018.12.19-13.30.42:296][654]LogModuleManager: Shutting down and abandoning module SteamVRController (302)
[2018.12.19-13.30.42:296][654]LogModuleManager: Shutting down and abandoning module SteamVR (300)
[2018.12.19-13.30.42:296][654]LogModuleManager: Shutting down and abandoning module ProceduralMeshComponentEditor (298)
[2018.12.19-13.30.42:296][654]LogModuleManager: Shutting down and abandoning module ProceduralMeshComponent (296)
[2018.12.19-13.30.42:296][654]LogModuleManager: Shutting down and abandoning module OculusLibrary (294)
[2018.12.19-13.30.42:296][654]LogModuleManager: Shutting down and abandoning module OculusInput (292)
[2018.12.19-13.30.42:296][654]LogModuleManager: Shutting down and abandoning module MobilePatchingUtils (290)
[2018.12.19-13.30.42:296][654]LogModuleManager: Shutting down and abandoning module CustomMeshComponent (288)
[2018.12.19-13.30.42:296][654]LogModuleManager: Shutting down and abandoning module CableComponent (286)
[2018.12.19-13.30.42:296][654]LogModuleManager: Shutting down and abandoning module ArchVisCharacter (284)
[2018.12.19-13.30.42:296][654]LogModuleManager: Shutting down and abandoning module MediaPlayerEditor (280)
[2018.12.19-13.30.42:296][654]LogModuleManager: Shutting down and abandoning module HTML5Networking (278)
[2018.12.19-13.30.42:296][654]LogModuleManager: Shutting down and abandoning module AlembicImporter (276)
[2018.12.19-13.30.42:296][654]LogModuleManager: Shutting down and abandoning module AlembicLibrary (275)
[2018.12.19-13.30.42:296][654]LogModuleManager: Shutting down and abandoning module GeometryCache (274)
[2018.12.19-13.30.42:296][654]LogModuleManager: Shutting down and abandoning module GeometryCacheEd (273)
[2018.12.19-13.30.42:296][654]LogModuleManager: Shutting down and abandoning module SuperSearchEditor (268)
[2018.12.19-13.30.42:296][654]LogModuleManager: Shutting down and abandoning module SuperSearch (267)
[2018.12.19-13.30.42:296][654]LogModuleManager: Shutting down and abandoning module SpeedTreeImporter (264)
[2018.12.19-13.30.42:296][654]LogModuleManager: Shutting down and abandoning module PluginBrowser (262)
[2018.12.19-13.30.42:296][654]LogModuleManager: Shutting down and abandoning module MobileLauncherProfileWizard (260)
[2018.12.19-13.30.42:296][654]LogModuleManager: Shutting down and abandoning module EpicSurvey (258)
[2018.12.19-13.30.42:296][654]LogModuleManager: Shutting down and abandoning module VisualStudioSourceCodeAccess (256)
[2018.12.19-13.30.42:296][654]LogModuleManager: Shutting down and abandoning module DesktopPlatform (255)
[2018.12.19-13.30.42:296][654]LogModuleManager: Shutting down and abandoning module UObjectPlugin (252)
[2018.12.19-13.30.42:296][654]LogModuleManager: Shutting down and abandoning module SubversionSourceControl (250)
[2018.12.19-13.30.42:296][654]LogModuleManager: Shutting down and abandoning module PerforceSourceControl (248)
[2018.12.19-13.30.42:296][654]LogModuleManager: Shutting down and abandoning module GitSourceControl (246)
[2018.12.19-13.30.42:296][654]LogModuleManager: Shutting down and abandoning module SourceControl (245)
[2018.12.19-13.30.42:296][654]LogModuleManager: Shutting down and abandoning module LightPropagationVolumeEditor (242)
[2018.12.19-13.30.42:296][654]LogModuleManager: Shutting down and abandoning module PaperTiledImporter (240)
[2018.12.19-13.30.42:297][654]LogModuleManager: Shutting down and abandoning module PaperSpriteSheetImporter (238)
[2018.12.19-13.30.42:297][654]LogModuleManager: Shutting down and abandoning module Paper2DEditor (236)
[2018.12.19-13.30.42:297][654]LogModuleManager: Shutting down and abandoning module MeshPaint (235)
[2018.12.19-13.30.42:297][654]LogModuleManager: Shutting down and abandoning module LevelEditor (233)
[2018.12.19-13.30.42:298][654]LogModuleManager: Shutting down and abandoning module PixelInspectorModule (232)
[2018.12.19-13.30.42:298][654]LogModuleManager: Shutting down and abandoning module MainFrame (230)
[2018.12.19-13.30.42:298][654]LogModuleManager: Shutting down and abandoning module HotReload (229)
[2018.12.19-13.30.42:299][654]LogModuleManager: Shutting down and abandoning module ContentBrowser (225)
[2018.12.19-13.30.42:300][654]LogModuleManager: Shutting down and abandoning module PhysXVehiclesEditor (222)
[2018.12.19-13.30.42:300][654]LogModuleManager: Shutting down and abandoning module PhysXVehicles (220)
[2018.12.19-13.30.42:300][654]LogModuleManager: Shutting down and abandoning module LocationServicesBPLibrary (218)
[2018.12.19-13.30.42:300][654]LogModuleManager: Shutting down and abandoning module UdpMessaging (216)
[2018.12.19-13.30.42:400][654]LogModuleManager: Shutting down and abandoning module TcpMessaging (214)
[2018.12.19-13.30.42:500][654]LogModuleManager: Shutting down and abandoning module GameplayTagsEditor (212)
[2018.12.19-13.30.42:500][654]LogModuleManager: Shutting down and abandoning module FacialAnimationEditor (210)
[2018.12.19-13.30.42:500][654]LogModuleManager: Shutting down and abandoning module FacialAnimation (208)
[2018.12.19-13.30.42:500][654]LogModuleManager: Shutting down and abandoning module LightPropagationVolumeRuntime (206)
[2018.12.19-13.30.42:500][654]LogModuleManager: Shutting down and abandoning module Paper2D (204)
[2018.12.19-13.30.42:500][654]LogModuleManager: Shutting down and abandoning module WindowsMoviePlayer (202)
[2018.12.19-13.30.42:500][654]LogModuleManager: Shutting down and abandoning module WmfMedia (200)
[2018.12.19-13.30.42:501][654]LogModuleManager: Shutting down and abandoning module MfMedia (198)
[2018.12.19-13.30.42:501][654]LogModuleManager: Shutting down and abandoning module MediaAssets (196)
[2018.12.19-13.30.42:501][654]LogModuleManager: Shutting down and abandoning module GameLiveStreaming (194)
[2018.12.19-13.30.42:502][654]LogModuleManager: Shutting down and abandoning module VREditor (192)
[2018.12.19-13.30.42:502][654]LogModuleManager: Shutting down and abandoning module GameplayTasksEditor (190)
[2018.12.19-13.30.42:502][654]LogModuleManager: Shutting down and abandoning module BehaviorTreeEditor (188)
[2018.12.19-13.30.42:502][654]LogModuleManager: Shutting down and abandoning module FunctionalTesting (186)
[2018.12.19-13.30.42:502][654]LogModuleManager: Shutting down and abandoning module CollisionAnalyzer (184)
[2018.12.19-13.30.42:502][654]LogModuleManager: Shutting down and abandoning module UMG (182)
[2018.12.19-13.30.42:502][654]LogModuleManager: Shutting down and abandoning module UMGEditor (181)
[2018.12.19-13.30.42:502][654]LogModuleManager: Shutting down and abandoning module Sequencer (180)
[2018.12.19-13.30.42:502][654]LogModuleManager: Shutting down and abandoning module AssetTools (178)
[2018.12.19-13.30.42:502][654]LogModuleManager: Shutting down and abandoning module MessageLog (177)
[2018.12.19-13.30.42:502][654]LogModuleManager: Shutting down and abandoning module WorkspaceMenuStructure (176)
[2018.12.19-13.30.42:502][654]LogModuleManager: Shutting down and abandoning module SlateReflector (170)
[2018.12.19-13.30.42:502][654]LogModuleManager: Shutting down and abandoning module Slate (168)
[2018.12.19-13.30.42:502][654]LogModuleManager: Shutting down and abandoning module EditorStyle (166)
[2018.12.19-13.30.42:507][654]LogModuleManager: Shutting down and abandoning module SourceCodeAccess (164)
[2018.12.19-13.30.42:508][654]LogModuleManager: Shutting down and abandoning module HeadMountedDisplay (162)
[2018.12.19-13.30.42:508][654]LogModuleManager: Shutting down and abandoning module XAudio2 (160)
[2018.12.19-13.30.42:508][654]LogModuleManager: Shutting down and abandoning module Networking (158)
[2018.12.19-13.30.42:508][654]LogModuleManager: Shutting down and abandoning module Core (154)
[2018.12.19-13.30.42:508][654]LogModuleManager: Shutting down and abandoning module AssetRegistry (152)
[2018.12.19-13.30.42:719][654]LogDirectoryWatcher: A directory notification for '../../../Engine/Content/' was aborted.
[2018.12.19-13.30.42:719][654]LogDirectoryWatcher: A directory notification for 'D:/Usuarios/Alumno/Documentos/Unreal Projects/juego3d/Content/' was aborted.
[2018.12.19-13.30.42:720][654]LogDirectoryWatcher: A directory notification for '../../../Engine/Plugins/2D/Paper2D/Content/' was aborted.
[2018.12.19-13.30.42:720][654]LogModuleManager: Shutting down and abandoning module DirectoryWatcher (151)
[2018.12.19-13.30.42:720][654]LogModuleManager: Shutting down and abandoning module KismetCompiler (148)
[2018.12.19-13.30.42:720][654]LogModuleManager: Shutting down and abandoning module PhysXFormats (146)
[2018.12.19-13.30.42:720][654]LogModuleManager: Shutting down and abandoning module MeshUtilities (144)
[2018.12.19-13.30.42:720][654]LogModuleManager: Shutting down and abandoning module SimplygonSwarm (143)
[2018.12.19-13.30.42:720][654]LogModuleManager: Shutting down and abandoning module SimplygonMeshReduction (141)
[2018.12.19-13.30.42:720][654]LogModuleManager: Shutting down and abandoning module QuadricMeshReduction (139)
[2018.12.19-13.30.42:720][654]LogModuleManager: Shutting down and abandoning module PropertyEditor (137)
[2018.12.19-13.30.42:720][654]LogModuleManager: Shutting down and abandoning module DerivedDataCache (134)
[2018.12.19-13.30.42:733][654]LogDerivedDataCache: Shutdown
[2018.12.19-13.30.42:733][654]LogModuleManager: Shutting down and abandoning module TargetPlatform (132)
[2018.12.19-13.30.42:733][654]LogModuleManager: Shutting down and abandoning module VulkanShaderFormat (131)
[2018.12.19-13.30.42:733][654]LogModuleManager: Shutting down and abandoning module ShaderFormatOpenGL (129)
[2018.12.19-13.30.42:733][654]LogModuleManager: Shutting down and abandoning module ShaderFormatD3D (127)
[2018.12.19-13.30.42:733][654]LogModuleManager: Shutting down and abandoning module MetalShaderFormat (125)
[2018.12.19-13.30.42:733][654]LogModuleManager: Shutting down and abandoning module TextureFormatUncompressed (123)
[2018.12.19-13.30.42:733][654]LogModuleManager: Shutting down and abandoning module TextureFormatPVR (121)
[2018.12.19-13.30.42:733][654]LogModuleManager: Shutting down and abandoning module TextureFormatDXT (119)
[2018.12.19-13.30.42:733][654]LogModuleManager: Shutting down and abandoning module TextureFormatIntelISPCTexComp (117)
[2018.12.19-13.30.42:733][654]LogModuleManager: Shutting down and abandoning module TextureFormatASTC (115)
[2018.12.19-13.30.42:733][654]LogModuleManager: Shutting down and abandoning module ImageWrapper (114)
[2018.12.19-13.30.42:733][654]LogModuleManager: Shutting down and abandoning module TextureFormatAndroid (111)
[2018.12.19-13.30.42:733][654]LogModuleManager: Shutting down and abandoning module AudioFormatOpus (109)
[2018.12.19-13.30.42:734][654]LogModuleManager: Shutting down and abandoning module AudioFormatOgg (107)
[2018.12.19-13.30.42:734][654]LogModuleManager: Shutting down and abandoning module AudioFormatADPCM (105)
[2018.12.19-13.30.42:734][654]LogModuleManager: Shutting down and abandoning module LinuxTargetPlatform (103)
[2018.12.19-13.30.42:734][654]LogModuleManager: Shutting down and abandoning module LinuxServerTargetPlatform (101)
[2018.12.19-13.30.42:734][654]LogModuleManager: Shutting down and abandoning module LinuxNoEditorTargetPlatform (99)
[2018.12.19-13.30.42:734][654]LogModuleManager: Shutting down and abandoning module LinuxClientTargetPlatform (97)
[2018.12.19-13.30.42:734][654]LogModuleManager: Shutting down and abandoning module TVOSTargetPlatform (95)
[2018.12.19-13.30.42:734][654]LogModuleManager: Shutting down and abandoning module Messaging (93)
[2018.12.19-13.30.42:734][654]LogModuleManager: Shutting down and abandoning module IOSTargetPlatform (91)
[2018.12.19-13.30.42:734][654]LogModuleManager: Shutting down and abandoning module HTML5TargetPlatform (89)
[2018.12.19-13.30.42:734][654]LogModuleManager: Shutting down and abandoning module Android_PVRTCTargetPlatform (87)
[2018.12.19-13.30.42:734][654]LogModuleManager: Shutting down and abandoning module Android_MultiTargetPlatform (85)
[2018.12.19-13.30.42:734][654]LogModuleManager: Shutting down and abandoning module Android_ETC2TargetPlatform (83)
[2018.12.19-13.30.42:734][654]LogModuleManager: Shutting down and abandoning module Android_ETC1TargetPlatform (81)
[2018.12.19-13.30.42:734][654]LogModuleManager: Shutting down and abandoning module Android_DXTTargetPlatform (79)
[2018.12.19-13.30.42:734][654]LogModuleManager: Shutting down and abandoning module Android_ATCTargetPlatform (77)
[2018.12.19-13.30.42:734][654]LogModuleManager: Shutting down and abandoning module Android_ASTCTargetPlatform (75)
[2018.12.19-13.30.42:734][654]LogModuleManager: Shutting down and abandoning module AndroidTargetPlatform (73)
[2018.12.19-13.30.42:734][654]LogModuleManager: Shutting down and abandoning module WindowsTargetPlatform (71)
[2018.12.19-13.30.42:734][654]LogModuleManager: Shutting down and abandoning module WindowsServerTargetPlatform (69)
[2018.12.19-13.30.42:734][654]LogModuleManager: Shutting down and abandoning module WindowsNoEditorTargetPlatform (67)
[2018.12.19-13.30.42:734][654]LogModuleManager: Shutting down and abandoning module WindowsClientTargetPlatform (65)
[2018.12.19-13.30.42:734][654]LogModuleManager: Shutting down and abandoning module MacTargetPlatform (63)
[2018.12.19-13.30.42:734][654]LogModuleManager: Shutting down and abandoning module MacServerTargetPlatform (61)
[2018.12.19-13.30.42:734][654]LogModuleManager: Shutting down and abandoning module MacNoEditorTargetPlatform (59)
[2018.12.19-13.30.42:734][654]LogModuleManager: Shutting down and abandoning module MacClientTargetPlatform (57)
[2018.12.19-13.30.42:734][654]LogModuleManager: Shutting down and abandoning module AllDesktopTargetPlatform (55)
[2018.12.19-13.30.42:734][654]LogModuleManager: Shutting down and abandoning module InputCore (52)
[2018.12.19-13.30.42:734][654]LogModuleManager: Shutting down and abandoning module Settings (50)
[2018.12.19-13.30.42:734][654]LogModuleManager: Shutting down and abandoning module OculusRift (48)
[2018.12.19-13.30.42:734][654]LogModuleManager: Shutting down and abandoning module GearVR (46)
[2018.12.19-13.30.42:734][654]LogModuleManager: Shutting down and abandoning module ExampleDeviceProfileSelector (44)
[2018.12.19-13.30.42:734][654]LogModuleManager: Shutting down and abandoning module OnlineBlueprintSupport (42)
[2018.12.19-13.30.42:734][654]LogModuleManager: Shutting down and abandoning module OnlineSubsystem (38)
[2018.12.19-13.30.42:734][654]LogOnline:Display: Unloading online subsystem: NULL
[2018.12.19-13.30.42:734][654]LogModuleManager: Shutting down and abandoning module XMPP (37)
[2018.12.19-13.30.42:734][654]LogModuleManager: Shutting down and abandoning module HTTP (35)
[2018.12.19-13.30.42:734][654]LogHttp:Display: Http module shutting down, but needs to wait on 1 outstanding Http requests:
[2018.12.19-13.30.42:734][654]LogHttp:Display: 	verb=[POST] url=[https://datarouter.ol.epicgames.com/datarouter/api/v1/public/data?SessionID=%7B6848321F-4617-79E0-BDD0-AAB5EA58C1DB%7D&AppID=UEEditor.Rocket.Release&AppVersion=4.15.3-3450819%2B%2B%2BUE4%2BRelease-4.15&UserID=aad17b8b475c9a2505f9a8a8be923e61%7C6c47af31020f48078c1f81d830452129%7Ce70b34dc-bb45-43b7-a933-94a96200fbf0&AppEnvironment=datacollector-binary&UploadType=eteventstream] status=Processing
[2018.12.19-13.30.42:764][654]LogModuleManager: Shutting down and abandoning module SSL (34)
[2018.12.19-13.30.42:765][654]LogModuleManager: Shutting down and abandoning module AudioEditor (30)
[2018.12.19-13.30.42:765][654]LogModuleManager: Shutting down and abandoning module TextureCompressor (28)
[2018.12.19-13.30.42:765][654]LogModuleManager: Shutting down and abandoning module ShaderCore (26)
[2018.12.19-13.30.42:765][654]LogModuleManager: Shutting down and abandoning module Landscape (24)
[2018.12.19-13.30.42:765][654]LogModuleManager: Shutting down and abandoning module SlateRHIRenderer (22)
[2018.12.19-13.30.42:766][654]LogModuleManager: Shutting down and abandoning module OpenGLDrv (20)
[2018.12.19-13.30.42:767][654]LogModuleManager: Shutting down and abandoning module D3D11RHI (18)
[2018.12.19-13.30.42:767][654]LogModuleManager: Shutting down and abandoning module AnimGraphRuntime (16)
[2018.12.19-13.30.42:767][654]LogModuleManager: Shutting down and abandoning module Renderer (14)
[2018.12.19-13.30.42:767][654]LogModuleManager: Shutting down and abandoning module Engine (12)
[2018.12.19-13.30.42:767][654]LogModuleManager: Shutting down and abandoning module CoreUObject (10)
[2018.12.19-13.30.42:767][654]LogModuleManager: Shutting down and abandoning module NetworkFile (8)
[2018.12.19-13.30.42:767][654]LogModuleManager: Shutting down and abandoning module StreamingFile (6)
[2018.12.19-13.30.42:767][654]LogModuleManager: Shutting down and abandoning module SandboxFile (4)
[2018.12.19-13.30.42:767][654]LogModuleManager: Shutting down and abandoning module PakFile (2)
[2018.12.19-13.30.42:770][654]LogExit: Exiting.
[2018.12.19-13.30.42:783][654]Log file closed, 12/19/18 14:30:42
