Log file open, 12/26/18 15:46:33
LogInit:Display: Running engine for game: juego3D
LogPlatformFile: Not using cached read wrapper
LogInit:Display: RandInit(2080498612) SRandInit(2080498612).
LogTaskGraph: Started task graph with 5 named threads and 8 total threads with 1 sets of task threads.
LogStats: Stats thread started at 0.249867
LogInit: Using libcurl 7.47.1
LogInit:  - built for x86_64-pc-win32
LogInit:  - supports SSL with OpenSSL/1.0.2g
LogInit:  - supports HTTP deflate (compression) using libz 1.2.8
LogInit:  - other features:
LogInit:      CURL_VERSION_SSL
LogInit:      CURL_VERSION_LIBZ
LogInit:      CURL_VERSION_IPV6
LogInit:      CURL_VERSION_ASYNCHDNS
LogInit:      CURL_VERSION_LARGEFILE
LogInit:      CURL_VERSION_IDN
LogInit:  CurlRequestOptions (configurable via config and command line):
LogInit:  - bVerifyPeer = false  - Libcurl will NOT verify peer certificate
LogInit:  - bUseHttpProxy = false  - Libcurl will NOT use HTTP proxy
LogInit:  - bDontReuseConnections = false  - Libcurl will reuse connections
LogInit:  - CertBundlePath = nullptr  - Libcurl will use whatever was configured at build time.
LogInit: Build: ++UE4+Release-4.15-CL-3450819
LogInit: Engine Version: 4.15.3-3450819+++UE4+Release-4.15
LogInit: Compatible Engine Version: 4.15.0-3299760+++UE4+Release-4.15
LogInit: Net CL: 3299760
LogDevObjectVersion: Number of dev versions registered: 14
LogDevObjectVersion:   Dev-Blueprints (B0D832E4-1F89-4F0D-ACCF-7EB736FD4AA2): 8
LogDevObjectVersion:   Dev-Build (E1C64328-A22C-4D53-A36C-8E866417BD8C): 0
LogDevObjectVersion:   Dev-Core (375EC13C-06E4-48FB-B500-84F0262A717E): 2
LogDevObjectVersion:   Dev-Editor (E4B068ED-F494-42E9-A231-DA0B2E46BB41): 14
LogDevObjectVersion:   Dev-Framework (CFFC743F-43B0-4480-9391-14DF171D2073): 22
LogDevObjectVersion:   Dev-Mobile (B02B49B5-BB20-44E9-A304-32B752E40360): 0
LogDevObjectVersion:   Dev-Networking (A4E4105C-59A1-49B5-A7C5-40C4547EDFEE): 0
LogDevObjectVersion:   Dev-Online (39C831C9-5AE6-47DC-9A44-9C173E1C8E7C): 0
LogDevObjectVersion:   Dev-Physics (78F01B33-EBEA-4F98-B9B4-84EACCB95AA2): 0
LogDevObjectVersion:   Dev-Platform (6631380F-2D4D-43E0-8009-CF276956A95A): 0
LogDevObjectVersion:   Dev-Rendering (12F88B9F-8875-4AFC-A67C-D90C383ABD29): 12
LogDevObjectVersion:   Dev-Sequencer (7B5AE74C-D270-4C10-A958-57980B212A5A): 3
LogDevObjectVersion:   Dev-VR (D7296918-1DD6-4BDD-9DE2-64A83CC13884): 0
LogDevObjectVersion:   Dev-LoadTimes (C2A15278-BFE7-4AFE-6C17-90FF531DF755): 1
LogInit: Compiled (64-bit): May 21 2017 11:02:34
LogInit: Compiled with Visual C++: 19.00.23026.00
LogInit: Build Configuration: Development
LogInit: Branch Name: ++UE4+Release-4.15
LogInit: Command line:  
LogInit: Base directory: C:/Program Files/Epic Games/UE_4.15/Engine/Binaries/Win64/
LogInit: Installed Engine Build: 1
LogInit: Presizing for max 8388607 objects, including 0 objects not considered by GC, pre-allocating 0 bytes for permanent pool.
LogInit: Object subsystem initialized
[2018.12.26-14.46.36:803][  0]LogInit: Selected Device Profile: [Windows]
[2018.12.26-14.46.36:803][  0]LogInit: Applying CVar settings loaded from the selected device profile: [Windows]
[2018.12.26-14.46.36:917][  0]LogInit: Computer: U105419
[2018.12.26-14.46.36:917][  0]LogInit: User: Alumno
[2018.12.26-14.46.36:917][  0]LogInit: CPU Page size=65536, Cores=4
[2018.12.26-14.46.36:917][  0]LogInit: High frequency timer resolution =3.507236 MHz
[2018.12.26-14.46.36:919][  0]LogMemory: Memory total: Physical=7.9GB (8GB approx)
[2018.12.26-14.46.36:919][  0]LogMemory: Platform Memory Stats for Windows
[2018.12.26-14.46.36:919][  0]LogMemory: Process Physical Memory: 266.00 MB used, 266.00 MB peak
[2018.12.26-14.46.36:919][  0]LogMemory: Process Virtual Memory: 266.45 MB used, 266.45 MB peak
[2018.12.26-14.46.36:919][  0]LogMemory: Physical Memory: 4707.96 MB used,  3409.78 MB free, 8117.73 MB total
[2018.12.26-14.46.36:919][  0]LogMemory: Virtual Memory: 652.46 MB used,  3409.78 MB free, 8388608.00 MB total
[2018.12.26-14.46.37:900][  0]LogInit: Overriding culture en with editor configuration.
[2018.12.26-14.46.43:940][  0]LogD3D11RHI: D3D11 adapters:
[2018.12.26-14.46.43:987][  0]LogD3D11RHI:    0. 'NVIDIA Quadro K4000' (Feature Level 11_0)
[2018.12.26-14.46.43:987][  0]LogD3D11RHI:       3008/0/3802 MB DedicatedVideo/DedicatedSystem/SharedSystem, Outputs:1, VendorId:0x10de
[2018.12.26-14.46.43:987][  0]LogD3D11RHI: Chosen D3D11 Adapter: 0
[2018.12.26-14.46.43:997][  0]LogD3D11RHI: Creating new Direct3DDevice
[2018.12.26-14.46.43:997][  0]LogD3D11RHI:     GPU DeviceId: 0x11fa (for the marketing name, search the web for "GPU Device Id")
[2018.12.26-14.46.43:997][  0]LogWindows: EnumDisplayDevices:
[2018.12.26-14.46.43:998][  0]LogWindows:    0. 'NVIDIA Quadro K4000' (P:1 D:1)
[2018.12.26-14.46.43:998][  0]LogWindows:    1. 'NVIDIA Quadro K4000' (P:0 D:0)
[2018.12.26-14.46.43:998][  0]LogWindows:    2. 'NVIDIA Quadro K4000' (P:0 D:0)
[2018.12.26-14.46.43:999][  0]LogWindows:    3. 'NVIDIA Quadro K4000' (P:0 D:0)
[2018.12.26-14.46.43:999][  0]LogWindows:    4. 'RDPDD Chained DD' (P:0 D:0)
[2018.12.26-14.46.43:999][  0]LogWindows:    5. 'RDP Encoder Mirror Driver' (P:0 D:0)
[2018.12.26-14.46.43:999][  0]LogWindows:    6. 'RDP Reflector Display Driver' (P:0 D:0)
[2018.12.26-14.46.43:999][  0]LogWindows: DebugString: GetVideoDriverDetailsInvalid PrimaryIsNotTheChoosenAdapter GetVideoDriverDetailsInvalid PrimaryIsNotTheChoosenAdapter GetVideoDriverDetailsInvalid PrimaryIsNotTheChoosenAdapter FoundDriverCount:4 
[2018.12.26-14.46.43:999][  0]LogD3D11RHI:     Adapter Name: NVIDIA Quadro K4000
[2018.12.26-14.46.43:999][  0]LogD3D11RHI:   Driver Version: 377.48 (internal:21.21.13.7748, unified:377.48)
[2018.12.26-14.46.43:999][  0]LogD3D11RHI:      Driver Date: 6-8-2017
[2018.12.26-14.46.43:999][  0]LogRHI: Texture pool is 1361 MB (70% of 1945 MB)
[2018.12.26-14.46.44:021][  0]LogD3D11RHI:Warning: Timestamp queries are currently disabled on this hardware due to instability. Realtime GPU stats will not be available. You can override this behaviour by setting r.NVIDIATimestampWorkaround to 0
[2018.12.26-14.46.44:049][  0]LogD3D11RHI: Async texture creation enabled
[2018.12.26-14.46.44:123][  0]LogD3D11RHI: GPU Timing Frequency: 1000.000000 (Debug: 2 2)
[2018.12.26-14.46.44:137][  0]LogShaderCompilers: Guid format shader working directory is -6 characters bigger than the processId version (D:/Usuarios/Alumno/Documentos/Unreal Projects/juego3d/Intermediate/Shaders/WorkingDirectory/6436/).
[2018.12.26-14.46.44:137][  0]LogShaderCompilers: Cleaned the shader compiler working directory 'C:/Users/Alumno/AppData/Local/Temp/UnrealShaderWorkingDir/274F8FEE4A7D5F1FA837D0AFAFF9C849/'.
[2018.12.26-14.46.44:137][  0]LogShaderCompilers:Display: Using Local Shader Compiler.
[2018.12.26-14.47.02:899][  0]LogTemp:Display: Loaded TP AllDesktopTargetPlatform
[2018.12.26-14.47.03:221][  0]LogTemp:Display: Loaded TP MacClientTargetPlatform
[2018.12.26-14.47.03:510][  0]LogTemp:Display: Loaded TP MacNoEditorTargetPlatform
[2018.12.26-14.47.03:788][  0]LogTemp:Display: Loaded TP MacServerTargetPlatform
[2018.12.26-14.47.04:085][  0]LogTemp:Display: Loaded TP MacTargetPlatform
[2018.12.26-14.47.04:381][  0]LogTemp:Display: Loaded TP WindowsClientTargetPlatform
[2018.12.26-14.47.04:659][  0]LogTemp:Display: Loaded TP WindowsNoEditorTargetPlatform
[2018.12.26-14.47.04:953][  0]LogTemp:Display: Loaded TP WindowsServerTargetPlatform
[2018.12.26-14.47.05:212][  0]LogTemp:Display: Loaded TP WindowsTargetPlatform
[2018.12.26-14.47.05:507][  0]LogTemp:Display: Loaded TP AndroidTargetPlatform
[2018.12.26-14.47.05:763][  0]LogTemp:Display: Loaded TP Android_ASTCTargetPlatform
[2018.12.26-14.47.06:039][  0]LogTemp:Display: Loaded TP Android_ATCTargetPlatform
[2018.12.26-14.47.06:320][  0]LogTemp:Display: Loaded TP Android_DXTTargetPlatform
[2018.12.26-14.47.06:603][  0]LogTemp:Display: Loaded TP Android_ETC1TargetPlatform
[2018.12.26-14.47.06:847][  0]LogTemp:Display: Loaded TP Android_ETC2TargetPlatform
[2018.12.26-14.47.07:406][  0]LogTemp:Display: Loaded TP Android_MultiTargetPlatform
[2018.12.26-14.47.07:406][  0]LogTemp:Display: Loaded TP Android_PVRTCTargetPlatform
[2018.12.26-14.47.07:667][  0]LogTemp:Display: Loaded TP HTML5TargetPlatform
[2018.12.26-14.47.08:096][  0]LogTemp:Display: Loaded TP IOSTargetPlatform
[2018.12.26-14.47.08:184][  0]LogTemp:Display: Loaded TP TVOSTargetPlatform
[2018.12.26-14.47.08:459][  0]LogTemp:Display: Loaded TP LinuxClientTargetPlatform
[2018.12.26-14.47.08:745][  0]LogTemp:Display: Loaded TP LinuxNoEditorTargetPlatform
[2018.12.26-14.47.09:010][  0]LogTemp:Display: Loaded TP LinuxServerTargetPlatform
[2018.12.26-14.47.09:303][  0]LogTemp:Display: Loaded TP LinuxTargetPlatform
[2018.12.26-14.47.09:303][  0]LogTargetPlatformManager:Display: Building Assets For Windows
[2018.12.26-14.47.11:870][  0]LogDerivedDataCache:Display: Max Cache Size: 512 MB
[2018.12.26-14.47.12:254][  0]LogDerivedDataCache: Loaded boot cache 0.38s 50MB C:/Users/Alumno/AppData/Local/UnrealEngine/4.15/DerivedDataCache/Boot.ddc.
[2018.12.26-14.47.12:254][  0]LogDerivedDataCache:Display: Loaded Boot cache: C:/Users/Alumno/AppData/Local/UnrealEngine/4.15/DerivedDataCache/Boot.ddc
[2018.12.26-14.47.12:254][  0]LogDerivedDataCache: FDerivedDataBackendGraph:  Pak pak cache file D:/Usuarios/Alumno/Documentos/Unreal Projects/juego3d/DerivedDataCache/DDC.ddp not found, will not use a pak cache.
[2018.12.26-14.47.12:254][  0]LogDerivedDataCache: Unable to find inner node Pak for hierarchical cache Hierarchy.
[2018.12.26-14.47.12:254][  0]LogDerivedDataCache: FDerivedDataBackendGraph:  CompressedPak pak cache file D:/Usuarios/Alumno/Documentos/Unreal Projects/juego3d/DerivedDataCache/Compressed.ddp not found, will not use a pak cache.
[2018.12.26-14.47.12:254][  0]LogDerivedDataCache: Unable to find inner node CompressedPak for hierarchical cache Hierarchy.
[2018.12.26-14.47.12:345][  0]LogDerivedDataCache:Display: Pak cache opened for reading ../../../Engine/DerivedDataCache/Compressed.ddp.
[2018.12.26-14.47.12:573][  0]LogDerivedDataCache: Using Local data cache path C:/Users/Alumno/AppData/Local/UnrealEngine/Common/DerivedDataCache: Writable
[2018.12.26-14.47.12:634][  0]LogSlate: Using Freetype 2.6.0
[2018.12.26-14.47.12:727][  0]LogSlate: SlateFontCache - WITH_FREETYPE: 1, WITH_HARFBUZZ: 1
[2018.12.26-14.47.12:727][  0]LogSlate: SlateFontCache - WITH_FREETYPE: 1, WITH_HARFBUZZ: 1
[2018.12.26-14.47.28:949][  0]LogInit: Selected Device Profile: [Windows]
[2018.12.26-14.47.28:974][  0]LogContentStreaming: Texture pool size is 0.00 MB
[2018.12.26-14.47.30:120][  0]LogMeshUtilities: Using QuadricMeshReduction for automatic static mesh reduction
[2018.12.26-14.47.30:358][  0]LogSimplygon: Simplygon DLL not present - disabling.
[2018.12.26-14.47.30:629][  0]LogMeshUtilities: Using SimplygonSwarm for distributed automatic mesh merging
[2018.12.26-14.47.30:629][  0]LogMeshUtilities: No automatic skeletal mesh reduction module available
[2018.12.26-14.47.30:629][  0]LogMeshUtilities: No automatic mesh merging module available
[2018.12.26-14.47.34:078][  0]LogNetVersion: GetLocalNetworkVersion: CL: 3299760, ProjectName: juego3d, ProjectVersion: , EngineNetworkVersion: 2, GameNetworkVersion: 0, NetworkChecksum: 1390200241
[2018.12.26-14.47.34:170][  0]LogAssetRegistry: FAssetRegistry took 0.0219 seconds to start up
[2018.12.26-14.47.34:357][  0]LogPackageLocalizationCache: Processed 3 localized package path(s) for 1 prioritized culture(s) in 0.105327 seconds
[2018.12.26-14.47.34:388][  0]LogUObjectArray: 32493 objects as part of root set at end of initial load.
[2018.12.26-14.47.34:388][  0]LogUObjectAllocator: 7077024 out of 0 bytes used by permanent object pool.
[2018.12.26-14.47.34:388][  0]LogUObjectArray: CloseDisregardForGC: 0/0 objects in disregard for GC pool
[2018.12.26-14.47.34:581][  0]LogInit: WinSock: version 1.1 (2.2), MaxSocks=32767, MaxUdp=65467
[2018.12.26-14.47.52:080][  0]LogTcpMessaging: Initializing TcpMessaging bridge
[2018.12.26-14.47.52:169][  0]LogUdpMessaging: Initializing bridge on interface 0.0.0.0:0 to multicast group 230.0.0.1:6666.
[2018.12.26-14.47.54:933][  0]LogMaterial: Uniform references updated for custom material expression Custom.
[2018.12.26-14.47.57:218][  0]SourceControl: Info Source control is disabled
[2018.12.26-14.48.18:586][  0]LogEngine: Initializing Engine...
[2018.12.26-14.48.18:589][  0]LogHMD: Failed to initialize OpenVR with code 110
[2018.12.26-14.48.19:050][  0]LogStats: UGameplayTagsManager::ConstructGameplayTagTree: Construct from data asset -  0.000 s
[2018.12.26-14.48.19:050][  0]LogStats: UGameplayTagsManager::ConstructGameplayTagTree: GameplayTagTreeChangedEvent.Broadcast -  0.000 s
[2018.12.26-14.48.19:969][  0]LogAIModule: Creating AISystem for world Untitled
[2018.12.26-14.48.20:058][  0]LogInit: XAudio2 using 'Altavoces (Realtek High Definition Audio)' : 2 channels at 48 kHz using 32 bits per sample (channel mask 0x3)
[2018.12.26-14.48.20:138][  0]LogInit: FAudioDevice initialized.
[2018.12.26-14.48.20:196][  0]LogDerivedDataCache: Saved boot cache 0.05s 50MB C:/Users/Alumno/AppData/Local/UnrealEngine/4.15/DerivedDataCache/Boot.ddc.
[2018.12.26-14.48.20:205][  0]LogInit: Texture streaming: Enabled
[2018.12.26-14.48.20:533][  0]LogEngineSessionManager: EngineSessionManager initialized
[2018.12.26-14.48.21:173][  0]LogInit: Transaction tracking system initialized
[2018.12.26-14.48.23:380][  0]BlueprintLog: New page: Editor Load
[2018.12.26-14.48.28:637][  0]LocalizationService: Info Localization service is disabled
[2018.12.26-14.48.32:693][  0]LogConsoleResponse:Display: 
[2018.12.26-14.48.34:055][  0]LogFileCache: Scanning file cache for directory 'D:/Usuarios/Alumno/Documentos/Unreal Projects/juego3d/Content/' took 0.02s
[2018.12.26-14.48.34:055][  0]LogCook:Display: Max memory allowance for cook 16384mb min free memory 0mb
[2018.12.26-14.48.34:055][  0]LogCook:Display: Mobile HDR setting 1
[2018.12.26-14.48.44:323][  0]Cmd: MAP LOAD FILE="D:/Usuarios/Alumno/Documentos/Unreal Projects/juego3d/Content/StarterContent/Maps/Minimal_Default.umap" TEMPLATE=0 SHOWPROGRESS=1 FEATURELEVEL=3
[2018.12.26-14.48.44:342][  0]LightingResults: New page: Lighting Build
[2018.12.26-14.48.44:634][  0]MapCheck: New page: Map Check
[2018.12.26-14.48.44:634][  0]LightingResults: New page: Lighting Build
[2018.12.26-14.48.45:681][  0]LogAIModule: Creating AISystem for world Minimal_Default
[2018.12.26-14.48.45:925][  0]LogEditorServer: Finished looking for orphan Actors (0.000 secs)
[2018.12.26-14.48.45:944][  0]Cmd: MAP CHECKDEP NOCLEARLOG
[2018.12.26-14.48.46:274][  0]MapCheck: Info Map check complete: 0 Error(s), 0 Warning(s), took 329.95ms to complete.
[2018.12.26-14.48.46:275][  0]LogFileHelpers: Loading map 'Minimal_Default' took 1.954
[2018.12.26-14.48.47:380][  0]LogCollectionManager: Loaded 0 collections in 0.002880 seconds
[2018.12.26-14.48.48:320][  0]LogFileCache: Scanning file cache for directory 'D:/Usuarios/Alumno/Documentos/Unreal Projects/juego3d/Saved/Collections/' took 0.02s
[2018.12.26-14.48.48:320][  0]LogFileCache: Scanning file cache for directory 'D:/Usuarios/Alumno/Documentos/Unreal Projects/juego3d/Content/Developers/Alumno/Collections/' took 0.05s
[2018.12.26-14.48.48:320][  0]LogFileCache: Scanning file cache for directory 'D:/Usuarios/Alumno/Documentos/Unreal Projects/juego3d/Content/Collections/' took 0.04s
[2018.12.26-14.48.48:320][  0]LogCollectionManager: Rebuilt the GUID cache for 0 collections in 0.000007 seconds
[2018.12.26-14.48.48:340][  0]LogContentBrowser: Native class hierarchy populated in 0.0183 seconds. Added 2245 classes and 453 folders.
[2018.12.26-14.48.48:674][  0]LogContentBrowser: Native class hierarchy updated for 'WidgetCarousel' in 0.0009 seconds. Added 0 classes and 0 folders.
[2018.12.26-14.48.49:902][  0]LogContentBrowser: Native class hierarchy updated for 'AddContentDialog' in 0.0009 seconds. Added 0 classes and 0 folders.
[2018.12.26-14.48.50:180][  0]LogContentBrowser: Native class hierarchy updated for 'SceneOutliner' in 0.0009 seconds. Added 1 classes and 2 folders.
[2018.12.26-14.48.50:435][  0]LogCrashTracker: Crashtracker disabled due to settings.
[2018.12.26-14.48.50:471][  0]LogUObjectGlobals:Warning: Failed to find object 'Class None.'
[2018.12.26-14.48.50:838][  0]LogContentBrowser: Native class hierarchy updated for 'HierarchicalLODOutliner' in 0.0010 seconds. Added 1 classes and 2 folders.
[2018.12.26-14.48.50:839][  0]LogLoad: (Engine Initialization) Total time: 147.29 seconds
[2018.12.26-14.48.50:839][  0]LogLoad: (Engine Initialization) Total Blueprint compile time: 0.51 seconds
[2018.12.26-14.48.50:839][  0]LogExternalProfiler: No external profilers were discovered.  External profiling features will not be available.
[2018.12.26-14.48.50:853][  0]LogOcInput: OculusInput pre-init called
[2018.12.26-14.48.50:889][  0]SourceControl: Info On branch master
[2018.12.26-14.48.50:889][  0]SourceControl: Info Your branch is up to date with 'origin/master'.
[2018.12.26-14.48.50:889][  0]SourceControl: Info Changes not staged for commit:
[2018.12.26-14.48.50:889][  0]SourceControl: Info   (use "git add/rm <file>..." to update what will be committed)
[2018.12.26-14.48.50:889][  0]SourceControl: Info   (use "git checkout -- <file>..." to discard changes in working directory)
[2018.12.26-14.48.50:889][  0]SourceControl: Info 	modified:   Saved/AutoScreenshot.png
[2018.12.26-14.48.50:889][  0]SourceControl: Info 	modified:   Saved/Config/Windows/EditorPerProjectUserSettings.ini
[2018.12.26-14.48.50:889][  0]SourceControl: Info 	modified:   Saved/Config/Windows/SourceControlSettings.ini
[2018.12.26-14.48.50:889][  0]SourceControl: Info 	deleted:    Saved/Logs/UE4CC-Windows-6F45C98D47B0E97BE58C309F483F8A7C/CrashReportClient.ini
[2018.12.26-14.48.50:889][  0]SourceControl: Info 	deleted:    Saved/Logs/UE4CC-Windows-914A4EB8484815F2B4F834ADCE24D3B9/CrashReportClient.ini
[2018.12.26-14.48.50:889][  0]SourceControl: Info 	deleted:    Saved/Logs/UE4CC-Windows-914A4EB8484815F2B4F834ADCE24D3B9_0000/CrashContext.runtime-xml
[2018.12.26-14.48.50:889][  0]SourceControl: Info 	deleted:    Saved/Logs/UE4CC-Windows-914A4EB8484815F2B4F834ADCE24D3B9_0000/CrashReportClient.ini
[2018.12.26-14.48.50:889][  0]SourceControl: Info 	deleted:    Saved/Logs/UE4CC-Windows-914A4EB8484815F2B4F834ADCE24D3B9_0000/UE4Minidump.dmp
[2018.12.26-14.48.50:889][  0]SourceControl: Info 	deleted:    Saved/Logs/UE4CC-Windows-914A4EB8484815F2B4F834ADCE24D3B9_0000/juego3D.log
[2018.12.26-14.48.50:889][  0]SourceControl: Info 	deleted:    Saved/Logs/UE4CC-Windows-B4ED367C4F8F7B789EE0C88DD5F59C9B/CrashReportClient.ini
[2018.12.26-14.48.50:889][  0]SourceControl: Info 	deleted:    Saved/Logs/UE4CC-Windows-CC22BC33465154C91C497DA7E621B7FE/CrashReportClient.ini
[2018.12.26-14.48.50:889][  0]SourceControl: Info 	deleted:    Saved/Logs/UE4CC-Windows-CC22BC33465154C91C497DA7E621B7FE_0000/CrashContext.runtime-xml
[2018.12.26-14.48.50:889][  0]SourceControl: Info 	deleted:    Saved/Logs/UE4CC-Windows-CC22BC33465154C91C497DA7E621B7FE_0000/CrashReportClient.ini
[2018.12.26-14.48.50:889][  0]SourceControl: Info 	deleted:    Saved/Logs/UE4CC-Windows-CC22BC33465154C91C497DA7E621B7FE_0000/UE4Minidump.dmp
[2018.12.26-14.48.50:889][  0]SourceControl: Info 	deleted:    Saved/Logs/UE4CC-Windows-CC22BC33465154C91C497DA7E621B7FE_0000/juego3D.log
[2018.12.26-14.48.50:889][  0]SourceControl: Info 	deleted:    Saved/Logs/UE4CC-Windows-D4D74C2D453F65ABE716519EBC3B82D9/CrashReportClient.ini
[2018.12.26-14.48.50:889][  0]SourceControl: Info 	deleted:    Saved/Logs/UE4CC-Windows-D4D74C2D453F65ABE716519EBC3B82D9_0000/CrashContext.runtime-xml
[2018.12.26-14.48.50:889][  0]SourceControl: Info 	deleted:    Saved/Logs/UE4CC-Windows-D4D74C2D453F65ABE716519EBC3B82D9_0000/CrashReportClient.ini
[2018.12.26-14.48.50:889][  0]SourceControl: Info 	deleted:    Saved/Logs/UE4CC-Windows-D4D74C2D453F65ABE716519EBC3B82D9_0000/UE4Minidump.dmp
[2018.12.26-14.48.50:889][  0]SourceControl: Info 	deleted:    Saved/Logs/UE4CC-Windows-D4D74C2D453F65ABE716519EBC3B82D9_0000/juego3D.log
[2018.12.26-14.48.50:890][  0]SourceControl: Info 	deleted:    Saved/Logs/UE4CC-Windows-E5A8D8EE4EA70AAD1DF38695A8AE2E94/CrashReportClient.ini
[2018.12.26-14.48.50:890][  0]SourceControl: Info 	deleted:    Saved/Logs/UE4CC-Windows-E5A8D8EE4EA70AAD1DF38695A8AE2E94_0000/CrashContext.runtime-xml
[2018.12.26-14.48.50:890][  0]SourceControl: Info 	deleted:    Saved/Logs/UE4CC-Windows-E5A8D8EE4EA70AAD1DF38695A8AE2E94_0000/CrashReportClient.ini
[2018.12.26-14.48.50:890][  0]SourceControl: Info 	deleted:    Saved/Logs/UE4CC-Windows-E5A8D8EE4EA70AAD1DF38695A8AE2E94_0000/UE4Minidump.dmp
[2018.12.26-14.48.50:890][  0]SourceControl: Info 	deleted:    Saved/Logs/UE4CC-Windows-E5A8D8EE4EA70AAD1DF38695A8AE2E94_0000/juego3D.log
[2018.12.26-14.48.50:890][  0]SourceControl: Info 	deleted:    Saved/Logs/UE4CC-Windows-EBB6A1CB4EA5121A0923DEA272BE5CFA/CrashReportClient.ini
[2018.12.26-14.48.50:890][  0]SourceControl: Info 	deleted:    Saved/Logs/juego3D-backup-2018.12.19-14.19.50.log
[2018.12.26-14.48.50:890][  0]SourceControl: Info 	deleted:    Saved/Logs/juego3D-backup-2018.12.19-14.27.28.log
[2018.12.26-14.48.50:890][  0]SourceControl: Info 	deleted:    Saved/Logs/juego3D-backup-2018.12.19-14.31.48.log
[2018.12.26-14.48.50:890][  0]SourceControl: Info 	deleted:    Saved/Logs/juego3D-backup-2018.12.19-15.26.39.log
[2018.12.26-14.48.50:890][  0]SourceControl: Info 	deleted:    Saved/Logs/juego3D-backup-2018.12.19-15.51.49.log
[2018.12.26-14.48.50:890][  0]SourceControl: Info 	deleted:    Saved/Logs/juego3D-backup-2018.12.19-17.03.02.log
[2018.12.26-14.48.50:890][  0]SourceControl: Info 	modified:   Saved/Logs/juego3D.log
[2018.12.26-14.48.50:890][  0]SourceControl: Info Untracked files:
[2018.12.26-14.48.50:890][  0]SourceControl: Info   (use "git add <file>..." to include in what will be committed)
[2018.12.26-14.48.50:890][  0]SourceControl: Info 	Saved/Logs/UE4CC-Windows-4ACAB7DF47F926894A999381C5DA217B/
[2018.12.26-14.48.50:890][  0]SourceControl: Info 	Saved/Logs/juego3D-backup-2018.12.26-15.46.33.log
[2018.12.26-14.48.50:890][  0]SourceControl: Info no changes added to commit (use "git add" and/or "git commit -a")
[2018.12.26-14.48.50:890][  0]LogContentStreaming: Texture pool size now 1000 MB
[2018.12.26-14.48.50:928][  0]LogSlate: Took 0.011087 seconds to synchronously load lazily loaded font '../../../Engine/Content/Slate/Fonts/Roboto-Regular.ttf' (155K)
[2018.12.26-14.48.50:946][  0]LogSlate: Took 0.011739 seconds to synchronously load lazily loaded font '../../../Engine/Content/Slate/Fonts/Roboto-Bold.ttf' (160K)
[2018.12.26-14.48.50:975][  0]LogSlate: Took 0.008083 seconds to synchronously load lazily loaded font '../../../Engine/Content/Editor/Slate/Fonts/FontAwesome.ttf' (139K)
[2018.12.26-14.48.51:432][  0]LogRenderer: Reallocating scene render targets to support 1208x576 NumSamples 1 (Frame:2).
[2018.12.26-14.48.51:433][  0]LogSlate: Took 0.028534 seconds to synchronously load lazily loaded font '../../../Engine/Content/Slate/Fonts/Roboto-Light.ttf' (159K)
[2018.12.26-14.48.51:840][  3]LogAssetRegistry: Asset discovery search completed in 77.6912 seconds
[2018.12.26-14.48.51:840][  3]LogCollectionManager: Rebuilt the object cache for 0 collections in 0.000013 seconds (found 0 objects)
[2018.12.26-14.48.51:840][  3]LogCollectionManager: Fixed up redirectors for 0 collections in 0.000056 seconds (updated 0 objects)
[2018.12.26-14.49.08:113][995]LogSlate: Took 0.001570 seconds to synchronously load lazily loaded font '../../../Engine/Content/Slate/Fonts/Roboto-Light.ttf' (159K)
[2018.12.26-14.49.08:241][995]LogTexture:Display: Building textures: descarga (BGRA8, 900X507) - 85 MB total VRAM
[2018.12.26-14.49.08:328][995]LogAIModule: Creating AISystem for world 1Menu
[2018.12.26-14.49.08:370][995]Cmd: MAP LOAD FILE="D:/Usuarios/Alumno/Documentos/Unreal Projects/juego3d/Content/1Menu.umap" TEMPLATE=0 SHOWPROGRESS=1 FEATURELEVEL=3
[2018.12.26-14.49.08:370][995]LightingResults: New page: Lighting Build
[2018.12.26-14.49.08:373][995]LoadErrors: New page: Loading map: 1Menu.umap
[2018.12.26-14.49.08:381][995]MapCheck: New page: Map Check
[2018.12.26-14.49.08:381][995]LightingResults: New page: Lighting Build
[2018.12.26-14.49.08:420][995]LogEditorServer: Finished looking for orphan Actors (0.000 secs)
[2018.12.26-14.49.08:496][995]Cmd: MAP CHECKDEP NOCLEARLOG
[2018.12.26-14.49.08:922][995]MapCheck: Info Map check complete: 0 Error(s), 0 Warning(s), took 425.825ms to complete.
[2018.12.26-14.49.08:935][995]LogFileHelpers: Loading map '1Menu' took 0.567
[2018.12.26-14.49.08:938][995]LogSlate: Took 0.001189 seconds to synchronously load lazily loaded font '../../../Engine/Content/Slate/Fonts/Roboto-Regular.ttf' (155K)
[2018.12.26-14.49.14:509][325]LogAIModule: Creating AISystem for world mapa1
[2018.12.26-14.49.14:579][325]Cmd: MAP LOAD FILE="D:/Usuarios/Alumno/Documentos/Unreal Projects/juego3d/Content/mapa1.umap" TEMPLATE=0 SHOWPROGRESS=1 FEATURELEVEL=3
[2018.12.26-14.49.14:580][325]LightingResults: New page: Lighting Build
[2018.12.26-14.49.14:582][325]LoadErrors: New page: Loading map: mapa1.umap
[2018.12.26-14.49.14:583][325]MapCheck: New page: Map Check
[2018.12.26-14.49.14:583][325]LightingResults: New page: Lighting Build
[2018.12.26-14.49.16:195][325]LogEditorServer: Finished looking for orphan Actors (0.000 secs)
[2018.12.26-14.49.16:281][325]Cmd: MAP CHECKDEP NOCLEARLOG
[2018.12.26-14.49.16:634][325]MapCheck: Info Map check complete: 0 Error(s), 0 Warning(s), took 352.777ms to complete.
[2018.12.26-14.49.16:641][325]LogFileHelpers: Loading map 'mapa1' took 2.063
[2018.12.26-14.49.17:954][425]LogTemp: Repeting last play command: Selected Viewport
[2018.12.26-14.49.18:014][425]LogPlayLevel: PlayLevel: No blueprints needed recompiling
[2018.12.26-14.49.18:015][425]PIE: New page: PIE session: mapa1 (Dec 26, 2018, 4:49:18 PM)
[2018.12.26-14.49.18:015][425]LogPlayLevel: Creating play world package: /Game/UEDPIE_0_mapa1
[2018.12.26-14.49.18:106][425]LogPlayLevel: PIE: StaticDuplicateObject took: (0.091385s)
[2018.12.26-14.49.18:107][425]LogAIModule: Creating AISystem for world mapa1
[2018.12.26-14.49.18:107][425]LogPlayLevel: PIE: World Init took: (0.001170s)
[2018.12.26-14.49.18:108][425]LogPlayLevel: PIE: Created PIE world by copying editor world from /Game/mapa1.mapa1 to /Game/UEDPIE_0_mapa1.mapa1 (0.092891s)
[2018.12.26-14.49.18:162][425]LogInit: XAudio2 using 'Altavoces (Realtek High Definition Audio)' : 2 channels at 48 kHz using 32 bits per sample (channel mask 0x3)
[2018.12.26-14.49.18:183][425]LogInit: FAudioDevice initialized.
[2018.12.26-14.49.18:542][425]LogLoad: Game class is 'MyGameProjectMode_C'
[2018.12.26-14.49.18:561][425]LogWorld: Bringing World /Game/UEDPIE_0_mapa1.mapa1 up for play (max tick rate 0) at 2018.12.26-15.49.18
[2018.12.26-14.49.18:562][425]LogWorld: Bringing up level for play took: 0.017717
[2018.12.26-14.49.19:036][425]LogContentBrowser: Native class hierarchy updated for 'MovieSceneCapture' in 0.0010 seconds. Added 11 classes and 0 folders.
[2018.12.26-14.49.19:037][425]LogGameMode:Display: Match State Changed from EnteringMap to WaitingToStart
[2018.12.26-14.49.19:037][425]LogGameState: Match State Changed from EnteringMap to WaitingToStart
[2018.12.26-14.49.19:037][425]LogGameMode:Display: Match State Changed from WaitingToStart to InProgress
[2018.12.26-14.49.19:075][425]LogGameState: Match State Changed from WaitingToStart to InProgress
[2018.12.26-14.49.19:083][425]PIE: Info Play in editor start time for /Game/UEDPIE_0_mapa1 0.835
[2018.12.26-14.49.23:927][794]LogAIModule: Creating AISystem for world 1Menu
[2018.12.26-14.49.23:948][794]Cmd: MAP LOAD FILE="D:/Usuarios/Alumno/Documentos/Unreal Projects/juego3d/Content/1Menu.umap" TEMPLATE=0 SHOWPROGRESS=1 FEATURELEVEL=3
[2018.12.26-14.49.23:948][794]LightingResults: New page: Lighting Build
[2018.12.26-14.49.23:951][794]LoadErrors: New page: Loading map: 1Menu.umap
[2018.12.26-14.49.23:953][794]MapCheck: New page: Map Check
[2018.12.26-14.49.23:953][794]LightingResults: New page: Lighting Build
[2018.12.26-14.49.23:986][794]LogEditorServer: Finished looking for orphan Actors (0.000 secs)
[2018.12.26-14.49.24:067][794]Cmd: MAP CHECKDEP NOCLEARLOG
[2018.12.26-14.49.24:441][794]MapCheck: Info Map check complete: 0 Error(s), 0 Warning(s), took 373.767ms to complete.
[2018.12.26-14.49.24:450][794]LogFileHelpers: Loading map '1Menu' took 0.504
[2018.12.26-14.49.25:144][849]LogTemp: Repeting last play command: Selected Viewport
[2018.12.26-14.49.25:184][849]LogBlueprintUserMessages: Early PlayInEditor Detection: Level '/Game/1Menu.1Menu:PersistentLevel' has LevelScriptBlueprint '/Game/1Menu.1Menu:PersistentLevel.1Menu' with GeneratedClass '/Game/1Menu.1Menu_C' with ClassGeneratedBy '/Game/1Menu.1Menu:PersistentLevel.1Menu'
[2018.12.26-14.49.25:185][849]LogPlayLevel: PlayLevel: No blueprints needed recompiling
[2018.12.26-14.49.25:185][849]PIE: New page: PIE session: 1Menu (Dec 26, 2018, 4:49:25 PM)
[2018.12.26-14.49.25:185][849]LogPlayLevel: Creating play world package: /Game/UEDPIE_0_1Menu
[2018.12.26-14.49.25:191][849]LogPlayLevel: PIE: StaticDuplicateObject took: (0.005929s)
[2018.12.26-14.49.25:192][849]LogAIModule: Creating AISystem for world 1Menu
[2018.12.26-14.49.25:192][849]LogPlayLevel: PIE: World Init took: (0.000972s)
[2018.12.26-14.49.25:192][849]LogPlayLevel: PIE: Created PIE world by copying editor world from /Game/1Menu.1Menu to /Game/UEDPIE_0_1Menu.1Menu (0.007160s)
[2018.12.26-14.49.25:209][849]LogInit: XAudio2 using 'Altavoces (Realtek High Definition Audio)' : 2 channels at 48 kHz using 32 bits per sample (channel mask 0x3)
[2018.12.26-14.49.25:221][849]LogInit: FAudioDevice initialized.
[2018.12.26-14.49.25:259][849]LogLoad: Game class is 'MyGameProjectMode_C'
[2018.12.26-14.49.25:261][849]LogWorld: Bringing World /Game/UEDPIE_0_1Menu.1Menu up for play (max tick rate 0) at 2018.12.26-15.49.25
[2018.12.26-14.49.25:261][849]LogWorld: Bringing up level for play took: 0.001193
[2018.12.26-14.49.25:262][849]LogGameMode:Display: Match State Changed from EnteringMap to WaitingToStart
[2018.12.26-14.49.25:262][849]LogGameState: Match State Changed from EnteringMap to WaitingToStart
[2018.12.26-14.49.25:262][849]LogGameMode:Display: Match State Changed from WaitingToStart to InProgress
[2018.12.26-14.49.25:277][849]LogGameState: Match State Changed from WaitingToStart to InProgress
[2018.12.26-14.49.25:277][849]PIE: Info Play in editor start time for /Game/UEDPIE_0_1Menu 1.029
[2018.12.26-14.49.25:278][849]LogBlueprintUserMessages: Late PlayInEditor Detection: Level '/Game/1Menu.1Menu:PersistentLevel' has LevelScriptBlueprint '/Game/1Menu.1Menu:PersistentLevel.1Menu' with GeneratedClass '/Game/1Menu.1Menu_C' with ClassGeneratedBy '/Game/1Menu.1Menu:PersistentLevel.1Menu'
[2018.12.26-14.49.26:406][926]LogGameMode:Display: Match State Changed from InProgress to LeavingMap
[2018.12.26-14.49.26:406][926]LogGameState: Match State Changed from InProgress to LeavingMap
[2018.12.26-14.49.26:406][926]LogNet: Browse: /Game/mapa1
[2018.12.26-14.49.26:406][926]LogLoad: LoadMap: /Game/mapa1
[2018.12.26-14.49.26:433][926]Cmd: MEM
[2018.12.26-14.49.26:472][926]LogMemory: Platform Memory Stats for Windows
[2018.12.26-14.49.26:472][926]LogMemory: Process Physical Memory: 1003.06 MB used, 1030.90 MB peak
[2018.12.26-14.49.26:472][926]LogMemory: Process Virtual Memory: 1333.29 MB used, 1467.73 MB peak
[2018.12.26-14.49.26:472][926]LogMemory: Physical Memory: 5455.75 MB used,  2661.98 MB free, 8117.73 MB total
[2018.12.26-14.49.26:472][926]LogMemory: Virtual Memory: 2029.57 MB used,  2661.98 MB free, 8388608.00 MB total
[2018.12.26-14.49.26:472][926]LogMemory: 
[2018.12.26-14.49.26:472][926]Allocator Stats for TBB: (not implemented)
[2018.12.26-14.49.27:853][926]LogAIModule: Creating AISystem for world mapa1
[2018.12.26-14.49.27:853][926]LogLoad: Game class is 'MyGameProjectMode_C'
[2018.12.26-14.49.27:869][926]LogWorld: Bringing World /Game/UEDPIE_0_mapa1.mapa1 up for play (max tick rate 0) at 2018.12.26-15.49.27
[2018.12.26-14.49.27:870][926]LogWorld: Bringing up level for play took: 0.014767
[2018.12.26-14.49.27:871][926]LogGameMode:Display: Match State Changed from EnteringMap to WaitingToStart
[2018.12.26-14.49.27:871][926]LogGameState: Match State Changed from EnteringMap to WaitingToStart
[2018.12.26-14.49.27:871][926]LogGameMode:Display: Match State Changed from WaitingToStart to InProgress
[2018.12.26-14.49.27:873][926]LogGameState: Match State Changed from WaitingToStart to InProgress
[2018.12.26-14.49.27:873][926]LogLoad: Took 1.466817 seconds to LoadMap(/Game/mapa1)
[2018.12.26-14.49.30:499][101]LogBlueprintUserMessages: Early EndPlayMap Detection: Level '/Game/1Menu.1Menu:PersistentLevel' has LevelScriptBlueprint '/Game/1Menu.1Menu:PersistentLevel.1Menu' with GeneratedClass '/Game/1Menu.1Menu_C' with ClassGeneratedBy '/Game/1Menu.1Menu:PersistentLevel.1Menu'
[2018.12.26-14.49.30:535][101]LogBlueprintUserMessages: Late EndPlayMap Detection: Level '/Game/1Menu.1Menu:PersistentLevel' has LevelScriptBlueprint '/Game/1Menu.1Menu:PersistentLevel.1Menu' with GeneratedClass '/Game/1Menu.1Menu_C' with ClassGeneratedBy '/Game/1Menu.1Menu:PersistentLevel.1Menu'
[2018.12.26-14.49.32:189][211]Cmd: QUIT_EDITOR
[2018.12.26-14.49.33:598][211]LogExit: Preparing to exit.
[2018.12.26-14.49.34:375][211]LogExit: Editor shut down
[2018.12.26-14.49.34:375][211]LogExit: Transaction tracking system shut down
[2018.12.26-14.49.34:541][211]LogObj: Freed 0b from 0 cluster array pools.
[2018.12.26-14.49.34:541][211]LogExit: Object subsystem successfully closed.
[2018.12.26-14.49.34:575][211]LogD3D11RHI: Shutdown
[2018.12.26-14.49.34:575][211]LogD3D11RHI: CleanupD3DDevice
[2018.12.26-14.49.34:676][211]LogD3D11RHI: ~FD3D11DynamicRHI
[2018.12.26-14.49.34:722][211]LogModuleManager: Shutting down and abandoning module MovieSceneCapture (500)
[2018.12.26-14.49.34:722][211]LogModuleManager: Shutting down and abandoning module HierarchicalLODOutliner (498)
[2018.12.26-14.49.34:722][211]LogModuleManager: Shutting down and abandoning module CrashTracker (496)
[2018.12.26-14.49.34:722][211]LogModuleManager: Shutting down and abandoning module SceneOutliner (494)
[2018.12.26-14.49.34:722][211]LogModuleManager: Shutting down and abandoning module AddContentDialog (492)
[2018.12.26-14.49.34:722][211]LogDirectoryWatcher: A directory notification for 'C:/Program Files/Epic Games/UE_4.15/FeaturePacks/' was aborted.
[2018.12.26-14.49.34:724][211]LogModuleManager: Shutting down and abandoning module WidgetCarousel (491)
[2018.12.26-14.49.34:724][211]LogModuleManager: Shutting down and abandoning module EditorWidgets (488)
[2018.12.26-14.49.34:724][211]LogModuleManager: Shutting down and abandoning module CollectionManager (486)
[2018.12.26-14.49.34:724][211]LogDirectoryWatcher: A directory notification for 'D:/Usuarios/Alumno/Documentos/Unreal Projects/juego3d/Content/Collections/' was aborted.
[2018.12.26-14.49.34:724][211]LogDirectoryWatcher: A directory notification for 'D:/Usuarios/Alumno/Documentos/Unreal Projects/juego3d/Content/Developers/Alumno/Collections/' was aborted.
[2018.12.26-14.49.34:724][211]LogDirectoryWatcher: A directory notification for 'D:/Usuarios/Alumno/Documentos/Unreal Projects/juego3d/Saved/Collections/' was aborted.
[2018.12.26-14.49.34:724][211]LogModuleManager: Shutting down and abandoning module StatsViewer (484)
[2018.12.26-14.49.34:724][211]LogModuleManager: Shutting down and abandoning module FoliageEdit (482)
[2018.12.26-14.49.34:724][211]LogModuleManager: Shutting down and abandoning module LandscapeEditor (480)
[2018.12.26-14.49.34:725][211]LogModuleManager: Shutting down and abandoning module SceneDepthPickerMode (478)
[2018.12.26-14.49.34:725][211]LogModuleManager: Shutting down and abandoning module ActorPickerMode (476)
[2018.12.26-14.49.34:725][211]LogModuleManager: Shutting down and abandoning module GeometryMode (474)
[2018.12.26-14.49.34:725][211]LogModuleManager: Shutting down and abandoning module TextureAlignMode (472)
[2018.12.26-14.49.34:725][211]LogModuleManager: Shutting down and abandoning module BspMode (470)
[2018.12.26-14.49.34:725][211]LogModuleManager: Shutting down and abandoning module HardwareSurvey (468)
[2018.12.26-14.49.34:725][211]LogModuleManager: Shutting down and abandoning module SequenceRecorderSections (466)
[2018.12.26-14.49.34:725][211]LogModuleManager: Shutting down and abandoning module AutomationWorker (464)
[2018.12.26-14.49.34:725][211]LogModuleManager: Shutting down and abandoning module MatineeToLevelSequence (462)
[2018.12.26-14.49.34:725][211]LogModuleManager: Shutting down and abandoning module LevelSequenceEditor (460)
[2018.12.26-14.49.34:725][211]LogModuleManager: Shutting down and abandoning module PlacementMode (459)
[2018.12.26-14.49.34:725][211]LogModuleManager: Shutting down and abandoning module WmfMediaFactory (456)
[2018.12.26-14.49.34:725][211]LogModuleManager: Shutting down and abandoning module WmfMediaEditor (454)
[2018.12.26-14.49.34:725][211]LogModuleManager: Shutting down and abandoning module MfMediaFactory (452)
[2018.12.26-14.49.34:725][211]LogModuleManager: Shutting down and abandoning module MfMediaEditor (450)
[2018.12.26-14.49.34:725][211]LogModuleManager: Shutting down and abandoning module AvfMediaFactory (448)
[2018.12.26-14.49.34:725][211]LogModuleManager: Shutting down and abandoning module AvfMediaEditor (446)
[2018.12.26-14.49.34:725][211]LogModuleManager: Shutting down and abandoning module AndroidMediaFactory (444)
[2018.12.26-14.49.34:725][211]LogModuleManager: Shutting down and abandoning module Media (443)
[2018.12.26-14.49.34:725][211]LogModuleManager: Shutting down and abandoning module AndroidMediaEditor (440)
[2018.12.26-14.49.34:725][211]LogModuleManager: Shutting down and abandoning module CharacterAI (438)
[2018.12.26-14.49.34:725][211]LogModuleManager: Shutting down and abandoning module AudioCapture (436)
[2018.12.26-14.49.34:725][211]LogModuleManager: Shutting down and abandoning module SequenceRecorder (435)
[2018.12.26-14.49.34:725][211]LogModuleManager: Shutting down and abandoning module SmartSnapping (432)
[2018.12.26-14.49.34:725][211]LogModuleManager: Shutting down and abandoning module SessionServices (430)
[2018.12.26-14.49.34:725][211]LogModuleManager: Shutting down and abandoning module ViewportSnapping (428)
[2018.12.26-14.49.34:725][211]LogModuleManager: Shutting down and abandoning module ViewportInteraction (426)
[2018.12.26-14.49.34:725][211]LogModuleManager: Shutting down and abandoning module LogVisualizer (424)
[2018.12.26-14.49.34:725][211]LogModuleManager: Shutting down and abandoning module IntroTutorials (422)
[2018.12.26-14.49.34:726][211]LogModuleManager: Shutting down and abandoning module GameProjectGeneration (421)
[2018.12.26-14.49.34:726][211]LogModuleManager: Shutting down and abandoning module EditorLiveStreaming (418)
[2018.12.26-14.49.34:726][211]LogModuleManager: Shutting down and abandoning module IOSPlatformEditor (416)
[2018.12.26-14.49.34:726][211]LogModuleManager: Shutting down and abandoning module HTML5PlatformEditor (414)
[2018.12.26-14.49.34:726][211]LogModuleManager: Shutting down and abandoning module AndroidPlatformEditor (412)
[2018.12.26-14.49.34:726][211]LogModuleManager: Shutting down and abandoning module AndroidDeviceDetection (411)
[2018.12.26-14.49.34:807][211]LogModuleManager: Shutting down and abandoning module IOSRuntimeSettings (408)
[2018.12.26-14.49.34:807][211]LogModuleManager: Shutting down and abandoning module AndroidRuntimeSettings (406)
[2018.12.26-14.49.34:807][211]LogModuleManager: Shutting down and abandoning module InputBindingEditor (404)
[2018.12.26-14.49.34:807][211]LogModuleManager: Shutting down and abandoning module NiagaraEditor (402)
[2018.12.26-14.49.34:810][211]LogModuleManager: Shutting down and abandoning module MergeActors (400)
[2018.12.26-14.49.34:810][211]LogModuleManager: Shutting down and abandoning module SizeMap (398)
[2018.12.26-14.49.34:810][211]LogModuleManager: Shutting down and abandoning module TreeMap (396)
[2018.12.26-14.49.34:810][211]LogModuleManager: Shutting down and abandoning module ReferenceViewer (394)
[2018.12.26-14.49.34:810][211]LogModuleManager: Shutting down and abandoning module LocalizationDashboard (392)
[2018.12.26-14.49.34:810][211]LogModuleManager: Shutting down and abandoning module LocalizationService (391)
[2018.12.26-14.49.34:810][211]LogModuleManager: Shutting down and abandoning module HardwareTargeting (388)
[2018.12.26-14.49.34:810][211]LogModuleManager: Shutting down and abandoning module DeviceProfileEditor (386)
[2018.12.26-14.49.34:810][211]LogModuleManager: Shutting down and abandoning module UndoHistory (384)
[2018.12.26-14.49.34:810][211]LogModuleManager: Shutting down and abandoning module UserFeedback (382)
[2018.12.26-14.49.34:810][211]LogModuleManager: Shutting down and abandoning module XmlParser (380)
[2018.12.26-14.49.34:810][211]LogModuleManager: Shutting down and abandoning module Blutility (378)
[2018.12.26-14.49.34:810][211]LogModuleManager: Shutting down and abandoning module ProjectSettingsViewer (376)
[2018.12.26-14.49.34:810][211]LogModuleManager: Shutting down and abandoning module ProjectTargetPlatformEditor (375)
[2018.12.26-14.49.34:810][211]LogModuleManager: Shutting down and abandoning module EditorSettingsViewer (372)
[2018.12.26-14.49.34:811][211]LogModuleManager: Shutting down and abandoning module SettingsEditor (370)
[2018.12.26-14.49.34:811][211]LogModuleManager: Shutting down and abandoning module ProjectLauncher (368)
[2018.12.26-14.49.34:811][211]LogModuleManager: Shutting down and abandoning module SessionFrontend (366)
[2018.12.26-14.49.34:811][211]LogModuleManager: Shutting down and abandoning module ProfilerClient (364)
[2018.12.26-14.49.34:811][211]LogModuleManager: Shutting down and abandoning module DeviceManager (362)
[2018.12.26-14.49.34:811][211]LogModuleManager: Shutting down and abandoning module TargetDeviceServices (361)
[2018.12.26-14.49.34:861][211]LogModuleManager: Shutting down and abandoning module AutomationController (358)
[2018.12.26-14.49.34:861][211]LogModuleManager: Shutting down and abandoning module AutomationWindow (356)
[2018.12.26-14.49.34:861][211]LogModuleManager: Shutting down and abandoning module Layers (354)
[2018.12.26-14.49.34:861][211]LogModuleManager: Shutting down and abandoning module ComponentVisualizers (352)
[2018.12.26-14.49.34:861][211]LogModuleManager: Shutting down and abandoning module DetailCustomizations (350)
[2018.12.26-14.49.34:871][211]LogModuleManager: Shutting down and abandoning module PackagesDialog (348)
[2018.12.26-14.49.34:871][211]LogModuleManager: Shutting down and abandoning module Persona (346)
[2018.12.26-14.49.34:874][211]LogModuleManager: Shutting down and abandoning module AnimGraph (345)
[2018.12.26-14.49.34:874][211]LogModuleManager: Shutting down and abandoning module Kismet (342)
[2018.12.26-14.49.34:887][211]LogModuleManager: Shutting down and abandoning module GraphEditor (340)
[2018.12.26-14.49.34:893][211]LogModuleManager: Shutting down and abandoning module ClassViewer (338)
[2018.12.26-14.49.34:893][211]LogModuleManager: Shutting down and abandoning module Toolbox (336)
[2018.12.26-14.49.34:893][211]LogModuleManager: Shutting down and abandoning module ModuleUI (334)
[2018.12.26-14.49.34:893][211]LogModuleManager: Shutting down and abandoning module MovieSceneTools (332)
[2018.12.26-14.49.34:893][211]LogModuleManager: Shutting down and abandoning module OutputLog (330)
[2018.12.26-14.49.34:893][211]LogModuleManager: Shutting down and abandoning module GammaUI (328)
[2018.12.26-14.49.34:893][211]LogModuleManager: Shutting down and abandoning module Documentation (326)
[2018.12.26-14.49.34:893][211]LogModuleManager: Shutting down and abandoning module Niagara (324)
[2018.12.26-14.49.34:893][211]LogModuleManager: Shutting down and abandoning module StreamingPauseRendering (322)
[2018.12.26-14.49.34:893][211]LogModuleManager: Shutting down and abandoning module AnalyticsET (320)
[2018.12.26-14.49.34:893][211]LogModuleManager: Shutting down and abandoning module PortalServices (318)
[2018.12.26-14.49.34:893][211]LogModuleManager: Shutting down and abandoning module PortalRpc (316)
[2018.12.26-14.49.34:893][211]LogModuleManager: Shutting down and abandoning module MessagingRpc (314)
[2018.12.26-14.49.34:893][211]LogModuleManager: Shutting down and abandoning module AIModule (312)
[2018.12.26-14.49.34:893][211]LogModuleManager: Shutting down and abandoning module GameplayDebugger (311)
[2018.12.26-14.49.34:893][211]LogModuleManager: Shutting down and abandoning module AITestSuite (309)
[2018.12.26-14.49.34:893][211]LogModuleManager: Shutting down and abandoning module ProfilerService (306)
[2018.12.26-14.49.34:916][211]LogModuleManager: Shutting down and abandoning module TaskGraph (304)
[2018.12.26-14.49.34:916][211]LogModuleManager: Shutting down and abandoning module SteamVRController (302)
[2018.12.26-14.49.34:916][211]LogModuleManager: Shutting down and abandoning module SteamVR (300)
[2018.12.26-14.49.34:916][211]LogModuleManager: Shutting down and abandoning module ProceduralMeshComponentEditor (298)
[2018.12.26-14.49.34:916][211]LogModuleManager: Shutting down and abandoning module ProceduralMeshComponent (296)
[2018.12.26-14.49.34:916][211]LogModuleManager: Shutting down and abandoning module OculusLibrary (294)
[2018.12.26-14.49.34:916][211]LogModuleManager: Shutting down and abandoning module OculusInput (292)
[2018.12.26-14.49.34:916][211]LogModuleManager: Shutting down and abandoning module MobilePatchingUtils (290)
[2018.12.26-14.49.34:916][211]LogModuleManager: Shutting down and abandoning module CustomMeshComponent (288)
[2018.12.26-14.49.34:917][211]LogModuleManager: Shutting down and abandoning module CableComponent (286)
[2018.12.26-14.49.34:917][211]LogModuleManager: Shutting down and abandoning module ArchVisCharacter (284)
[2018.12.26-14.49.34:917][211]LogModuleManager: Shutting down and abandoning module MediaPlayerEditor (280)
[2018.12.26-14.49.34:917][211]LogModuleManager: Shutting down and abandoning module HTML5Networking (278)
[2018.12.26-14.49.34:917][211]LogModuleManager: Shutting down and abandoning module AlembicImporter (276)
[2018.12.26-14.49.34:917][211]LogModuleManager: Shutting down and abandoning module AlembicLibrary (275)
[2018.12.26-14.49.34:917][211]LogModuleManager: Shutting down and abandoning module GeometryCache (274)
[2018.12.26-14.49.34:917][211]LogModuleManager: Shutting down and abandoning module GeometryCacheEd (273)
[2018.12.26-14.49.34:917][211]LogModuleManager: Shutting down and abandoning module SuperSearchEditor (268)
[2018.12.26-14.49.34:917][211]LogModuleManager: Shutting down and abandoning module SuperSearch (267)
[2018.12.26-14.49.34:917][211]LogModuleManager: Shutting down and abandoning module SpeedTreeImporter (264)
[2018.12.26-14.49.34:917][211]LogModuleManager: Shutting down and abandoning module PluginBrowser (262)
[2018.12.26-14.49.34:917][211]LogModuleManager: Shutting down and abandoning module MobileLauncherProfileWizard (260)
[2018.12.26-14.49.34:917][211]LogModuleManager: Shutting down and abandoning module EpicSurvey (258)
[2018.12.26-14.49.34:917][211]LogModuleManager: Shutting down and abandoning module VisualStudioSourceCodeAccess (256)
[2018.12.26-14.49.34:917][211]LogModuleManager: Shutting down and abandoning module DesktopPlatform (255)
[2018.12.26-14.49.34:917][211]LogModuleManager: Shutting down and abandoning module UObjectPlugin (252)
[2018.12.26-14.49.34:917][211]LogModuleManager: Shutting down and abandoning module SubversionSourceControl (250)
[2018.12.26-14.49.34:917][211]LogModuleManager: Shutting down and abandoning module PerforceSourceControl (248)
[2018.12.26-14.49.34:917][211]LogModuleManager: Shutting down and abandoning module GitSourceControl (246)
[2018.12.26-14.49.34:917][211]LogModuleManager: Shutting down and abandoning module SourceControl (245)
[2018.12.26-14.49.34:917][211]LogModuleManager: Shutting down and abandoning module LightPropagationVolumeEditor (242)
[2018.12.26-14.49.34:917][211]LogModuleManager: Shutting down and abandoning module PaperTiledImporter (240)
[2018.12.26-14.49.34:917][211]LogModuleManager: Shutting down and abandoning module PaperSpriteSheetImporter (238)
[2018.12.26-14.49.34:917][211]LogModuleManager: Shutting down and abandoning module Paper2DEditor (236)
[2018.12.26-14.49.34:918][211]LogModuleManager: Shutting down and abandoning module MeshPaint (235)
[2018.12.26-14.49.34:918][211]LogModuleManager: Shutting down and abandoning module LevelEditor (233)
[2018.12.26-14.49.34:919][211]LogModuleManager: Shutting down and abandoning module PixelInspectorModule (232)
[2018.12.26-14.49.34:919][211]LogModuleManager: Shutting down and abandoning module MainFrame (230)
[2018.12.26-14.49.34:919][211]LogModuleManager: Shutting down and abandoning module HotReload (229)
[2018.12.26-14.49.34:924][211]LogModuleManager: Shutting down and abandoning module ContentBrowser (225)
[2018.12.26-14.49.34:925][211]LogModuleManager: Shutting down and abandoning module PhysXVehiclesEditor (222)
[2018.12.26-14.49.34:926][211]LogModuleManager: Shutting down and abandoning module PhysXVehicles (220)
[2018.12.26-14.49.34:926][211]LogModuleManager: Shutting down and abandoning module LocationServicesBPLibrary (218)
[2018.12.26-14.49.34:926][211]LogModuleManager: Shutting down and abandoning module UdpMessaging (216)
[2018.12.26-14.49.35:026][211]LogModuleManager: Shutting down and abandoning module TcpMessaging (214)
[2018.12.26-14.49.35:126][211]LogModuleManager: Shutting down and abandoning module GameplayTagsEditor (212)
[2018.12.26-14.49.35:126][211]LogModuleManager: Shutting down and abandoning module FacialAnimationEditor (210)
[2018.12.26-14.49.35:126][211]LogModuleManager: Shutting down and abandoning module FacialAnimation (208)
[2018.12.26-14.49.35:126][211]LogModuleManager: Shutting down and abandoning module LightPropagationVolumeRuntime (206)
[2018.12.26-14.49.35:126][211]LogModuleManager: Shutting down and abandoning module Paper2D (204)
[2018.12.26-14.49.35:126][211]LogModuleManager: Shutting down and abandoning module WindowsMoviePlayer (202)
[2018.12.26-14.49.35:126][211]LogModuleManager: Shutting down and abandoning module WmfMedia (200)
[2018.12.26-14.49.35:130][211]LogModuleManager: Shutting down and abandoning module MfMedia (198)
[2018.12.26-14.49.35:130][211]LogModuleManager: Shutting down and abandoning module MediaAssets (196)
[2018.12.26-14.49.35:130][211]LogModuleManager: Shutting down and abandoning module GameLiveStreaming (194)
[2018.12.26-14.49.35:130][211]LogModuleManager: Shutting down and abandoning module VREditor (192)
[2018.12.26-14.49.35:130][211]LogModuleManager: Shutting down and abandoning module GameplayTasksEditor (190)
[2018.12.26-14.49.35:130][211]LogModuleManager: Shutting down and abandoning module BehaviorTreeEditor (188)
[2018.12.26-14.49.35:135][211]LogModuleManager: Shutting down and abandoning module FunctionalTesting (186)
[2018.12.26-14.49.35:135][211]LogModuleManager: Shutting down and abandoning module CollisionAnalyzer (184)
[2018.12.26-14.49.35:135][211]LogModuleManager: Shutting down and abandoning module UMG (182)
[2018.12.26-14.49.35:135][211]LogModuleManager: Shutting down and abandoning module UMGEditor (181)
[2018.12.26-14.49.35:137][211]LogModuleManager: Shutting down and abandoning module Sequencer (180)
[2018.12.26-14.49.35:143][211]LogModuleManager: Shutting down and abandoning module AssetTools (178)
[2018.12.26-14.49.35:143][211]LogModuleManager: Shutting down and abandoning module MessageLog (177)
[2018.12.26-14.49.35:143][211]LogModuleManager: Shutting down and abandoning module WorkspaceMenuStructure (176)
[2018.12.26-14.49.35:143][211]LogModuleManager: Shutting down and abandoning module SlateReflector (170)
[2018.12.26-14.49.35:144][211]LogModuleManager: Shutting down and abandoning module Slate (168)
[2018.12.26-14.49.35:144][211]LogModuleManager: Shutting down and abandoning module EditorStyle (166)
[2018.12.26-14.49.35:148][211]LogModuleManager: Shutting down and abandoning module SourceCodeAccess (164)
[2018.12.26-14.49.35:151][211]LogModuleManager: Shutting down and abandoning module HeadMountedDisplay (162)
[2018.12.26-14.49.35:151][211]LogModuleManager: Shutting down and abandoning module XAudio2 (160)
[2018.12.26-14.49.35:151][211]LogModuleManager: Shutting down and abandoning module Networking (158)
[2018.12.26-14.49.35:151][211]LogModuleManager: Shutting down and abandoning module Core (154)
[2018.12.26-14.49.35:151][211]LogModuleManager: Shutting down and abandoning module AssetRegistry (152)
[2018.12.26-14.49.35:328][211]LogDirectoryWatcher: A directory notification for '../../../Engine/Content/' was aborted.
[2018.12.26-14.49.35:329][211]LogDirectoryWatcher: A directory notification for 'D:/Usuarios/Alumno/Documentos/Unreal Projects/juego3d/Content/' was aborted.
[2018.12.26-14.49.35:329][211]LogDirectoryWatcher: A directory notification for '../../../Engine/Plugins/2D/Paper2D/Content/' was aborted.
[2018.12.26-14.49.35:329][211]LogModuleManager: Shutting down and abandoning module DirectoryWatcher (151)
[2018.12.26-14.49.35:329][211]LogModuleManager: Shutting down and abandoning module KismetCompiler (148)
[2018.12.26-14.49.35:329][211]LogModuleManager: Shutting down and abandoning module PhysXFormats (146)
[2018.12.26-14.49.35:329][211]LogModuleManager: Shutting down and abandoning module MeshUtilities (144)
[2018.12.26-14.49.35:330][211]LogModuleManager: Shutting down and abandoning module SimplygonSwarm (143)
[2018.12.26-14.49.35:330][211]LogModuleManager: Shutting down and abandoning module SimplygonMeshReduction (141)
[2018.12.26-14.49.35:330][211]LogModuleManager: Shutting down and abandoning module QuadricMeshReduction (139)
[2018.12.26-14.49.35:330][211]LogModuleManager: Shutting down and abandoning module PropertyEditor (137)
[2018.12.26-14.49.35:330][211]LogModuleManager: Shutting down and abandoning module DerivedDataCache (134)
[2018.12.26-14.49.35:405][211]LogDerivedDataCache: Shutdown
[2018.12.26-14.49.35:405][211]LogModuleManager: Shutting down and abandoning module TargetPlatform (132)
[2018.12.26-14.49.35:405][211]LogModuleManager: Shutting down and abandoning module VulkanShaderFormat (131)
[2018.12.26-14.49.35:405][211]LogModuleManager: Shutting down and abandoning module ShaderFormatOpenGL (129)
[2018.12.26-14.49.35:405][211]LogModuleManager: Shutting down and abandoning module ShaderFormatD3D (127)
[2018.12.26-14.49.35:405][211]LogModuleManager: Shutting down and abandoning module MetalShaderFormat (125)
[2018.12.26-14.49.35:405][211]LogModuleManager: Shutting down and abandoning module TextureFormatUncompressed (123)
[2018.12.26-14.49.35:405][211]LogModuleManager: Shutting down and abandoning module TextureFormatPVR (121)
[2018.12.26-14.49.35:405][211]LogModuleManager: Shutting down and abandoning module TextureFormatDXT (119)
[2018.12.26-14.49.35:405][211]LogModuleManager: Shutting down and abandoning module TextureFormatIntelISPCTexComp (117)
[2018.12.26-14.49.35:406][211]LogModuleManager: Shutting down and abandoning module TextureFormatASTC (115)
[2018.12.26-14.49.35:406][211]LogModuleManager: Shutting down and abandoning module ImageWrapper (114)
[2018.12.26-14.49.35:406][211]LogModuleManager: Shutting down and abandoning module TextureFormatAndroid (111)
[2018.12.26-14.49.35:406][211]LogModuleManager: Shutting down and abandoning module AudioFormatOpus (109)
[2018.12.26-14.49.35:406][211]LogModuleManager: Shutting down and abandoning module AudioFormatOgg (107)
[2018.12.26-14.49.35:406][211]LogModuleManager: Shutting down and abandoning module AudioFormatADPCM (105)
[2018.12.26-14.49.35:406][211]LogModuleManager: Shutting down and abandoning module LinuxTargetPlatform (103)
[2018.12.26-14.49.35:406][211]LogModuleManager: Shutting down and abandoning module LinuxServerTargetPlatform (101)
[2018.12.26-14.49.35:406][211]LogModuleManager: Shutting down and abandoning module LinuxNoEditorTargetPlatform (99)
[2018.12.26-14.49.35:406][211]LogModuleManager: Shutting down and abandoning module LinuxClientTargetPlatform (97)
[2018.12.26-14.49.35:406][211]LogModuleManager: Shutting down and abandoning module TVOSTargetPlatform (95)
[2018.12.26-14.49.35:406][211]LogModuleManager: Shutting down and abandoning module Messaging (93)
[2018.12.26-14.49.35:406][211]LogModuleManager: Shutting down and abandoning module IOSTargetPlatform (91)
[2018.12.26-14.49.35:406][211]LogModuleManager: Shutting down and abandoning module HTML5TargetPlatform (89)
[2018.12.26-14.49.35:406][211]LogModuleManager: Shutting down and abandoning module Android_PVRTCTargetPlatform (87)
[2018.12.26-14.49.35:406][211]LogModuleManager: Shutting down and abandoning module Android_MultiTargetPlatform (85)
[2018.12.26-14.49.35:406][211]LogModuleManager: Shutting down and abandoning module Android_ETC2TargetPlatform (83)
[2018.12.26-14.49.35:406][211]LogModuleManager: Shutting down and abandoning module Android_ETC1TargetPlatform (81)
[2018.12.26-14.49.35:406][211]LogModuleManager: Shutting down and abandoning module Android_DXTTargetPlatform (79)
[2018.12.26-14.49.35:406][211]LogModuleManager: Shutting down and abandoning module Android_ATCTargetPlatform (77)
[2018.12.26-14.49.35:406][211]LogModuleManager: Shutting down and abandoning module Android_ASTCTargetPlatform (75)
[2018.12.26-14.49.35:406][211]LogModuleManager: Shutting down and abandoning module AndroidTargetPlatform (73)
[2018.12.26-14.49.35:406][211]LogModuleManager: Shutting down and abandoning module WindowsTargetPlatform (71)
[2018.12.26-14.49.35:406][211]LogModuleManager: Shutting down and abandoning module WindowsServerTargetPlatform (69)
[2018.12.26-14.49.35:406][211]LogModuleManager: Shutting down and abandoning module WindowsNoEditorTargetPlatform (67)
[2018.12.26-14.49.35:406][211]LogModuleManager: Shutting down and abandoning module WindowsClientTargetPlatform (65)
[2018.12.26-14.49.35:406][211]LogModuleManager: Shutting down and abandoning module MacTargetPlatform (63)
[2018.12.26-14.49.35:406][211]LogModuleManager: Shutting down and abandoning module MacServerTargetPlatform (61)
[2018.12.26-14.49.35:406][211]LogModuleManager: Shutting down and abandoning module MacNoEditorTargetPlatform (59)
[2018.12.26-14.49.35:406][211]LogModuleManager: Shutting down and abandoning module MacClientTargetPlatform (57)
[2018.12.26-14.49.35:406][211]LogModuleManager: Shutting down and abandoning module AllDesktopTargetPlatform (55)
[2018.12.26-14.49.35:406][211]LogModuleManager: Shutting down and abandoning module InputCore (52)
[2018.12.26-14.49.35:406][211]LogModuleManager: Shutting down and abandoning module Settings (50)
[2018.12.26-14.49.35:406][211]LogModuleManager: Shutting down and abandoning module OculusRift (48)
[2018.12.26-14.49.35:406][211]LogModuleManager: Shutting down and abandoning module GearVR (46)
[2018.12.26-14.49.35:406][211]LogModuleManager: Shutting down and abandoning module ExampleDeviceProfileSelector (44)
[2018.12.26-14.49.35:406][211]LogModuleManager: Shutting down and abandoning module OnlineBlueprintSupport (42)
[2018.12.26-14.49.35:406][211]LogModuleManager: Shutting down and abandoning module OnlineSubsystem (38)
[2018.12.26-14.49.35:407][211]LogOnline:Display: Unloading online subsystem: NULL
[2018.12.26-14.49.35:407][211]LogModuleManager: Shutting down and abandoning module XMPP (37)
[2018.12.26-14.49.35:407][211]LogModuleManager: Shutting down and abandoning module HTTP (35)
[2018.12.26-14.49.35:407][211]LogHttp:Display: Http module shutting down, but needs to wait on 1 outstanding Http requests:
[2018.12.26-14.49.35:407][211]LogHttp:Display: 	verb=[POST] url=[https://datarouter.ol.epicgames.com/datarouter/api/v1/public/data?SessionID=%7B8EB362C8-4DDB-F5C9-497D-7FA4F0AB1AD8%7D&AppID=UEEditor.Rocket.Release&AppVersion=4.15.3-3450819%2B%2B%2BUE4%2BRelease-4.15&UserID=aad17b8b475c9a2505f9a8a8be923e61%7C355ab556deea40e5b0fccf190ca75605%7Ce70b34dc-bb45-43b7-a933-94a96200fbf0&AppEnvironment=datacollector-binary&UploadType=eteventstream] status=Processing
[2018.12.26-14.49.35:411][211]LogModuleManager: Shutting down and abandoning module SSL (34)
[2018.12.26-14.49.35:413][211]LogModuleManager: Shutting down and abandoning module AudioEditor (30)
[2018.12.26-14.49.35:413][211]LogModuleManager: Shutting down and abandoning module TextureCompressor (28)
[2018.12.26-14.49.35:418][211]LogModuleManager: Shutting down and abandoning module ShaderCore (26)
[2018.12.26-14.49.35:418][211]LogModuleManager: Shutting down and abandoning module Landscape (24)
[2018.12.26-14.49.35:418][211]LogModuleManager: Shutting down and abandoning module SlateRHIRenderer (22)
[2018.12.26-14.49.35:419][211]LogModuleManager: Shutting down and abandoning module OpenGLDrv (20)
[2018.12.26-14.49.35:419][211]LogModuleManager: Shutting down and abandoning module D3D11RHI (18)
[2018.12.26-14.49.35:419][211]LogModuleManager: Shutting down and abandoning module AnimGraphRuntime (16)
[2018.12.26-14.49.35:419][211]LogModuleManager: Shutting down and abandoning module Renderer (14)
[2018.12.26-14.49.35:419][211]LogModuleManager: Shutting down and abandoning module Engine (12)
[2018.12.26-14.49.35:419][211]LogModuleManager: Shutting down and abandoning module CoreUObject (10)
[2018.12.26-14.49.35:419][211]LogModuleManager: Shutting down and abandoning module NetworkFile (8)
[2018.12.26-14.49.35:419][211]LogModuleManager: Shutting down and abandoning module StreamingFile (6)
[2018.12.26-14.49.35:419][211]LogModuleManager: Shutting down and abandoning module SandboxFile (4)
[2018.12.26-14.49.35:419][211]LogModuleManager: Shutting down and abandoning module PakFile (2)
[2018.12.26-14.49.35:426][211]LogExit: Exiting.
[2018.12.26-14.49.35:429][211]Log file closed, 12/26/18 15:49:35
