Log file open, 12/12/18 14:45:41
LogInit:Display: Running engine for game: juego3D
LogPlatformFile: Not using cached read wrapper
LogInit:Display: RandInit(-333311778) SRandInit(-333311778).
LogTaskGraph: Started task graph with 5 named threads and 8 total threads with 1 sets of task threads.
LogStats: Stats thread started at 0.096256
LogInit: Using libcurl 7.47.1
LogInit:  - built for x86_64-pc-win32
LogInit:  - supports SSL with OpenSSL/1.0.2g
LogInit:  - supports HTTP deflate (compression) using libz 1.2.8
LogInit:  - other features:
LogInit:      CURL_VERSION_SSL
LogInit:      CURL_VERSION_LIBZ
LogInit:      CURL_VERSION_IPV6
LogInit:      CURL_VERSION_ASYNCHDNS
LogInit:      CURL_VERSION_LARGEFILE
LogInit:      CURL_VERSION_IDN
LogInit:  CurlRequestOptions (configurable via config and command line):
LogInit:  - bVerifyPeer = false  - Libcurl will NOT verify peer certificate
LogInit:  - bUseHttpProxy = false  - Libcurl will NOT use HTTP proxy
LogInit:  - bDontReuseConnections = false  - Libcurl will reuse connections
LogInit:  - CertBundlePath = nullptr  - Libcurl will use whatever was configured at build time.
LogInit: Build: ++UE4+Release-4.15-CL-3450819
LogInit: Engine Version: 4.15.3-3450819+++UE4+Release-4.15
LogInit: Compatible Engine Version: 4.15.0-3299760+++UE4+Release-4.15
LogInit: Net CL: 3299760
LogDevObjectVersion: Number of dev versions registered: 14
LogDevObjectVersion:   Dev-Blueprints (B0D832E4-1F89-4F0D-ACCF-7EB736FD4AA2): 8
LogDevObjectVersion:   Dev-Build (E1C64328-A22C-4D53-A36C-8E866417BD8C): 0
LogDevObjectVersion:   Dev-Core (375EC13C-06E4-48FB-B500-84F0262A717E): 2
LogDevObjectVersion:   Dev-Editor (E4B068ED-F494-42E9-A231-DA0B2E46BB41): 14
LogDevObjectVersion:   Dev-Framework (CFFC743F-43B0-4480-9391-14DF171D2073): 22
LogDevObjectVersion:   Dev-Mobile (B02B49B5-BB20-44E9-A304-32B752E40360): 0
LogDevObjectVersion:   Dev-Networking (A4E4105C-59A1-49B5-A7C5-40C4547EDFEE): 0
LogDevObjectVersion:   Dev-Online (39C831C9-5AE6-47DC-9A44-9C173E1C8E7C): 0
LogDevObjectVersion:   Dev-Physics (78F01B33-EBEA-4F98-B9B4-84EACCB95AA2): 0
LogDevObjectVersion:   Dev-Platform (6631380F-2D4D-43E0-8009-CF276956A95A): 0
LogDevObjectVersion:   Dev-Rendering (12F88B9F-8875-4AFC-A67C-D90C383ABD29): 12
LogDevObjectVersion:   Dev-Sequencer (7B5AE74C-D270-4C10-A958-57980B212A5A): 3
LogDevObjectVersion:   Dev-VR (D7296918-1DD6-4BDD-9DE2-64A83CC13884): 0
LogDevObjectVersion:   Dev-LoadTimes (C2A15278-BFE7-4AFE-6C17-90FF531DF755): 1
LogInit: Compiled (64-bit): May 21 2017 11:02:34
LogInit: Compiled with Visual C++: 19.00.23026.00
LogInit: Build Configuration: Development
LogInit: Branch Name: ++UE4+Release-4.15
LogInit: Command line: -EpicPortal  -epicusername="G5Margarita" -epicuserid=6c47af31020f48078c1f81d830452129 -epiclocale=es-ES
LogInit: Base directory: C:/Program Files/Epic Games/UE_4.15/Engine/Binaries/Win64/
LogInit: Installed Engine Build: 1
LogInit: Presizing for max 8388607 objects, including 0 objects not considered by GC, pre-allocating 0 bytes for permanent pool.
LogInit: Object subsystem initialized
[2018.12.12-13.45.43:638][  0]LogInit: Selected Device Profile: [Windows]
[2018.12.12-13.45.43:638][  0]LogInit: Applying CVar settings loaded from the selected device profile: [Windows]
[2018.12.12-13.45.43:664][  0]LogInit: Computer: U105423
[2018.12.12-13.45.43:664][  0]LogInit: User: Alumno
[2018.12.12-13.45.43:664][  0]LogInit: CPU Page size=65536, Cores=4
[2018.12.12-13.45.43:664][  0]LogInit: High frequency timer resolution =3.507216 MHz
[2018.12.12-13.45.43:664][  0]LogMemory: Memory total: Physical=7.9GB (8GB approx)
[2018.12.12-13.45.43:664][  0]LogMemory: Platform Memory Stats for Windows
[2018.12.12-13.45.43:664][  0]LogMemory: Process Physical Memory: 265.46 MB used, 265.46 MB peak
[2018.12.12-13.45.43:664][  0]LogMemory: Process Virtual Memory: 266.36 MB used, 266.36 MB peak
[2018.12.12-13.45.43:664][  0]LogMemory: Physical Memory: 4892.60 MB used,  3225.14 MB free, 8117.73 MB total
[2018.12.12-13.45.43:664][  0]LogMemory: Virtual Memory: 656.10 MB used,  3225.14 MB free, 8388608.00 MB total
[2018.12.12-13.45.43:800][  0]LogTextLocalizationManager: No specific translations for ('es-ES') exist, so ('es') translations will be used.
[2018.12.12-13.45.44:870][  0]LogD3D11RHI: D3D11 adapters:
[2018.12.12-13.45.44:894][  0]LogD3D11RHI:    0. 'NVIDIA Quadro K4000' (Feature Level 11_0)
[2018.12.12-13.45.44:894][  0]LogD3D11RHI:       3008/0/3802 MB DedicatedVideo/DedicatedSystem/SharedSystem, Outputs:1, VendorId:0x10de
[2018.12.12-13.45.44:894][  0]LogD3D11RHI: Chosen D3D11 Adapter: 0
[2018.12.12-13.45.44:904][  0]LogD3D11RHI: Creating new Direct3DDevice
[2018.12.12-13.45.44:904][  0]LogD3D11RHI:     GPU DeviceId: 0x11fa (for the marketing name, search the web for "GPU Device Id")
[2018.12.12-13.45.44:904][  0]LogWindows: EnumDisplayDevices:
[2018.12.12-13.45.44:904][  0]LogWindows:    0. 'NVIDIA Quadro K4000' (P:1 D:1)
[2018.12.12-13.45.44:905][  0]LogWindows:    1. 'NVIDIA Quadro K4000' (P:0 D:0)
[2018.12.12-13.45.44:905][  0]LogWindows:    2. 'NVIDIA Quadro K4000' (P:0 D:0)
[2018.12.12-13.45.44:905][  0]LogWindows:    3. 'NVIDIA Quadro K4000' (P:0 D:0)
[2018.12.12-13.45.44:905][  0]LogWindows:    4. 'RDPDD Chained DD' (P:0 D:0)
[2018.12.12-13.45.44:905][  0]LogWindows:    5. 'RDP Encoder Mirror Driver' (P:0 D:0)
[2018.12.12-13.45.44:905][  0]LogWindows:    6. 'RDP Reflector Display Driver' (P:0 D:0)
[2018.12.12-13.45.44:905][  0]LogWindows: DebugString: GetVideoDriverDetailsInvalid PrimaryIsNotTheChoosenAdapter GetVideoDriverDetailsInvalid PrimaryIsNotTheChoosenAdapter GetVideoDriverDetailsInvalid PrimaryIsNotTheChoosenAdapter FoundDriverCount:4 
[2018.12.12-13.45.44:905][  0]LogD3D11RHI:     Adapter Name: NVIDIA Quadro K4000
[2018.12.12-13.45.44:905][  0]LogD3D11RHI:   Driver Version: 377.48 (internal:21.21.13.7748, unified:377.48)
[2018.12.12-13.45.44:905][  0]LogD3D11RHI:      Driver Date: 6-8-2017
[2018.12.12-13.45.44:905][  0]LogRHI: Texture pool is 1361 MB (70% of 1945 MB)
[2018.12.12-13.45.44:918][  0]LogD3D11RHI:Warning: Timestamp queries are currently disabled on this hardware due to instability. Realtime GPU stats will not be available. You can override this behaviour by setting r.NVIDIATimestampWorkaround to 0
[2018.12.12-13.45.44:920][  0]LogD3D11RHI: Async texture creation enabled
[2018.12.12-13.45.44:935][  0]LogD3D11RHI: GPU Timing Frequency: 1000.000000 (Debug: 2 2)
[2018.12.12-13.45.44:937][  0]LogShaderCompilers: Guid format shader working directory is -6 characters bigger than the processId version (D:/Usuarios/Alumno/Documentos/Unreal Projects/juego3d/Intermediate/Shaders/WorkingDirectory/8208/).
[2018.12.12-13.45.44:937][  0]LogShaderCompilers: Cleaned the shader compiler working directory 'C:/Users/Alumno/AppData/Local/Temp/UnrealShaderWorkingDir/7746DB2E4B61804639ED6C91DBC97BA7/'.
[2018.12.12-13.45.44:937][  0]LogShaderCompilers:Display: Using Local Shader Compiler.
[2018.12.12-13.45.46:451][  0]LogTemp:Display: Loaded TP AllDesktopTargetPlatform
[2018.12.12-13.45.46:586][  0]LogTemp:Display: Loaded TP MacClientTargetPlatform
[2018.12.12-13.45.46:720][  0]LogTemp:Display: Loaded TP MacNoEditorTargetPlatform
[2018.12.12-13.45.46:855][  0]LogTemp:Display: Loaded TP MacServerTargetPlatform
[2018.12.12-13.45.46:990][  0]LogTemp:Display: Loaded TP MacTargetPlatform
[2018.12.12-13.45.47:126][  0]LogTemp:Display: Loaded TP WindowsClientTargetPlatform
[2018.12.12-13.45.47:260][  0]LogTemp:Display: Loaded TP WindowsNoEditorTargetPlatform
[2018.12.12-13.45.47:394][  0]LogTemp:Display: Loaded TP WindowsServerTargetPlatform
[2018.12.12-13.45.47:517][  0]LogTemp:Display: Loaded TP WindowsTargetPlatform
[2018.12.12-13.45.47:652][  0]LogTemp:Display: Loaded TP AndroidTargetPlatform
[2018.12.12-13.45.47:786][  0]LogTemp:Display: Loaded TP Android_ASTCTargetPlatform
[2018.12.12-13.45.47:920][  0]LogTemp:Display: Loaded TP Android_ATCTargetPlatform
[2018.12.12-13.45.48:053][  0]LogTemp:Display: Loaded TP Android_DXTTargetPlatform
[2018.12.12-13.45.48:187][  0]LogTemp:Display: Loaded TP Android_ETC1TargetPlatform
[2018.12.12-13.45.48:321][  0]LogTemp:Display: Loaded TP Android_ETC2TargetPlatform
[2018.12.12-13.45.48:587][  0]LogTemp:Display: Loaded TP Android_MultiTargetPlatform
[2018.12.12-13.45.48:587][  0]LogTemp:Display: Loaded TP Android_PVRTCTargetPlatform
[2018.12.12-13.45.48:702][  0]LogTemp:Display: Loaded TP HTML5TargetPlatform
[2018.12.12-13.45.48:891][  0]LogTemp:Display: Loaded TP IOSTargetPlatform
[2018.12.12-13.45.48:939][  0]LogTemp:Display: Loaded TP TVOSTargetPlatform
[2018.12.12-13.45.49:073][  0]LogTemp:Display: Loaded TP LinuxClientTargetPlatform
[2018.12.12-13.45.49:206][  0]LogTemp:Display: Loaded TP LinuxNoEditorTargetPlatform
[2018.12.12-13.45.49:340][  0]LogTemp:Display: Loaded TP LinuxServerTargetPlatform
[2018.12.12-13.45.49:473][  0]LogTemp:Display: Loaded TP LinuxTargetPlatform
[2018.12.12-13.45.49:474][  0]LogTargetPlatformManager:Display: Building Assets For Windows
[2018.12.12-13.45.50:326][  0]LogDerivedDataCache:Display: Max Cache Size: 512 MB
[2018.12.12-13.45.50:386][  0]LogDerivedDataCache: Loaded boot cache 0.06s 50MB C:/Users/Alumno/AppData/Local/UnrealEngine/4.15/DerivedDataCache/Boot.ddc.
[2018.12.12-13.45.50:387][  0]LogDerivedDataCache:Display: Loaded Boot cache: C:/Users/Alumno/AppData/Local/UnrealEngine/4.15/DerivedDataCache/Boot.ddc
[2018.12.12-13.45.50:387][  0]LogDerivedDataCache: FDerivedDataBackendGraph:  Pak pak cache file D:/Usuarios/Alumno/Documentos/Unreal Projects/juego3d/DerivedDataCache/DDC.ddp not found, will not use a pak cache.
[2018.12.12-13.45.50:387][  0]LogDerivedDataCache: Unable to find inner node Pak for hierarchical cache Hierarchy.
[2018.12.12-13.45.50:387][  0]LogDerivedDataCache: FDerivedDataBackendGraph:  CompressedPak pak cache file D:/Usuarios/Alumno/Documentos/Unreal Projects/juego3d/DerivedDataCache/Compressed.ddp not found, will not use a pak cache.
[2018.12.12-13.45.50:387][  0]LogDerivedDataCache: Unable to find inner node CompressedPak for hierarchical cache Hierarchy.
[2018.12.12-13.45.50:406][  0]LogDerivedDataCache:Display: Pak cache opened for reading ../../../Engine/DerivedDataCache/Compressed.ddp.
[2018.12.12-13.45.50:421][  0]LogDerivedDataCache: Using Local data cache path C:/Users/Alumno/AppData/Local/UnrealEngine/Common/DerivedDataCache: Writable
[2018.12.12-13.45.50:431][  0]LogSlate: Using Freetype 2.6.0
[2018.12.12-13.45.50:433][  0]LogSlate: SlateFontCache - WITH_FREETYPE: 1, WITH_HARFBUZZ: 1
[2018.12.12-13.45.50:433][  0]LogSlate: SlateFontCache - WITH_FREETYPE: 1, WITH_HARFBUZZ: 1
[2018.12.12-13.45.50:910][  0]LogInit: Selected Device Profile: [Windows]
[2018.12.12-13.45.50:913][  0]LogContentStreaming: Texture pool size is 0.00 MB
[2018.12.12-13.45.51:324][  0]LogMeshUtilities: Using QuadricMeshReduction for automatic static mesh reduction
[2018.12.12-13.45.51:452][  0]LogSimplygon: Simplygon DLL not present - disabling.
[2018.12.12-13.45.51:581][  0]LogMeshUtilities: Using SimplygonSwarm for distributed automatic mesh merging
[2018.12.12-13.45.51:581][  0]LogMeshUtilities: No automatic skeletal mesh reduction module available
[2018.12.12-13.45.51:581][  0]LogMeshUtilities: No automatic mesh merging module available
[2018.12.12-13.45.52:398][  0]LogNetVersion: GetLocalNetworkVersion: CL: 3299760, ProjectName: juego3d, ProjectVersion: , EngineNetworkVersion: 2, GameNetworkVersion: 0, NetworkChecksum: 1390200241
[2018.12.12-13.45.52:462][  0]LogAssetRegistry: FAssetRegistry took 0.0219 seconds to start up
[2018.12.12-13.45.52:554][  0]LogPackageLocalizationCache: Processed 3 localized package path(s) for 2 prioritized culture(s) in 0.050863 seconds
[2018.12.12-13.45.52:559][  0]LogUObjectArray: 32493 objects as part of root set at end of initial load.
[2018.12.12-13.45.52:559][  0]LogUObjectAllocator: 7077024 out of 0 bytes used by permanent object pool.
[2018.12.12-13.45.52:559][  0]LogUObjectArray: CloseDisregardForGC: 0/0 objects in disregard for GC pool
[2018.12.12-13.45.52:658][  0]LogInit: WinSock: version 1.1 (2.2), MaxSocks=32767, MaxUdp=65467
[2018.12.12-13.45.56:748][  0]LogTcpMessaging: Initializing TcpMessaging bridge
[2018.12.12-13.45.56:806][  0]LogUdpMessaging: Initializing bridge on interface 0.0.0.0:0 to multicast group 230.0.0.1:6666.
[2018.12.12-13.45.57:988][  0]LogMaterial: Uniform references updated for custom material expression Custom.
[2018.12.12-13.45.58:995][  0]SourceControl: Información El control de código fuente está desactivado
[2018.12.12-13.46.05:948][  0]LogEngine: Initializing Engine...
[2018.12.12-13.46.05:950][  0]LogHMD: Failed to initialize OpenVR with code 110
[2018.12.12-13.46.06:084][  0]LogStats: UGameplayTagsManager::ConstructGameplayTagTree: Construct from data asset -  0.000 s
[2018.12.12-13.46.06:084][  0]LogStats: UGameplayTagsManager::ConstructGameplayTagTree: GameplayTagTreeChangedEvent.Broadcast -  0.000 s
[2018.12.12-13.46.06:461][  0]LogAIModule: Creating AISystem for world Untitled
[2018.12.12-13.46.06:471][  0]LogInit: XAudio2 using 'Altavoces (Realtek High Definition Audio)' : 2 channels at 48 kHz using 32 bits per sample (channel mask 0x3)
[2018.12.12-13.46.06:480][  0]LogInit: FAudioDevice initialized.
[2018.12.12-13.46.06:509][  0]LogDerivedDataCache: Saved boot cache 0.03s 50MB C:/Users/Alumno/AppData/Local/UnrealEngine/4.15/DerivedDataCache/Boot.ddc.
[2018.12.12-13.46.06:519][  0]LogInit: Texture streaming: Enabled
[2018.12.12-13.46.06:680][  0]LogEngineSessionManager: EngineSessionManager initialized
[2018.12.12-13.46.06:942][  0]LogInit: Transaction tracking system initialized
[2018.12.12-13.46.08:063][  0]BlueprintLog: New page: Cargar el editor
[2018.12.12-13.46.10:506][  0]LocalizationService: Información Localization service is disabled
[2018.12.12-13.46.12:371][  0]LogConsoleResponse:Display: 
[2018.12.12-13.46.12:534][  0]LogCook:Display: Max memory allowance for cook 16384mb min free memory 0mb
[2018.12.12-13.46.12:534][  0]LogCook:Display: Mobile HDR setting 1
[2018.12.12-13.46.13:118][  0]LogFileCache: Scanning file cache for directory 'D:/Usuarios/Alumno/Documentos/Unreal Projects/juego3d/Content/' took 0.01s
[2018.12.12-13.46.16:224][  0]Cmd: MAP LOAD FILE="D:/Usuarios/Alumno/Documentos/Unreal Projects/juego3d/Content/StarterContent/Maps/Minimal_Default.umap" TEMPLATE=0 SHOWPROGRESS=1 FEATURELEVEL=3
[2018.12.12-13.46.16:227][  0]LightingResults: New page: Diseñar la iluminación
[2018.12.12-13.46.16:349][  0]MapCheck: New page: Revisión del mapa
[2018.12.12-13.46.16:349][  0]LightingResults: New page: Diseñar la iluminación
[2018.12.12-13.46.16:764][  0]LogAIModule: Creating AISystem for world Minimal_Default
[2018.12.12-13.46.16:791][  0]LogEditorServer: Finished looking for orphan Actors (0.000 secs)
[2018.12.12-13.46.16:791][  0]Cmd: MAP CHECKDEP NOCLEARLOG
[2018.12.12-13.46.16:938][  0]MapCheck: Información Map check complete: 0 Error(s), 0 Warning(s), took 146,382ms to complete.
[2018.12.12-13.46.16:938][  0]LogFileHelpers: Loading map 'Minimal_Default' took 0.713
[2018.12.12-13.46.17:168][  0]LogCollectionManager: Loaded 0 collections in 0.001396 seconds
[2018.12.12-13.46.17:339][  0]LogFileCache: Scanning file cache for directory 'D:/Usuarios/Alumno/Documentos/Unreal Projects/juego3d/Saved/Collections/' took 0.01s
[2018.12.12-13.46.17:339][  0]LogFileCache: Scanning file cache for directory 'D:/Usuarios/Alumno/Documentos/Unreal Projects/juego3d/Content/Developers/Alumno/Collections/' took 0.01s
[2018.12.12-13.46.17:339][  0]LogFileCache: Scanning file cache for directory 'D:/Usuarios/Alumno/Documentos/Unreal Projects/juego3d/Content/Collections/' took 0.01s
[2018.12.12-13.46.17:339][  0]LogCollectionManager: Rebuilt the GUID cache for 0 collections in 0.000003 seconds
[2018.12.12-13.46.17:349][  0]LogContentBrowser: Native class hierarchy populated in 0.0098 seconds. Added 2245 classes and 453 folders.
[2018.12.12-13.46.17:512][  0]LogContentBrowser: Native class hierarchy updated for 'WidgetCarousel' in 0.0006 seconds. Added 0 classes and 0 folders.
[2018.12.12-13.46.17:707][  0]LogContentBrowser: Native class hierarchy updated for 'AddContentDialog' in 0.0006 seconds. Added 0 classes and 0 folders.
[2018.12.12-13.46.17:830][  0]LogContentBrowser: Native class hierarchy updated for 'SceneOutliner' in 0.0007 seconds. Added 1 classes and 2 folders.
[2018.12.12-13.46.17:899][  0]LogCrashTracker: Crashtracker disabled due to settings.
[2018.12.12-13.46.17:905][  0]LogUObjectGlobals:Warning: Error al encontrar el objeto 'Class Ninguno.'
[2018.12.12-13.46.18:052][  0]LogContentBrowser: Native class hierarchy updated for 'HierarchicalLODOutliner' in 0.0006 seconds. Added 1 classes and 2 folders.
[2018.12.12-13.46.18:052][  0]LogLoad: (Engine Initialization) Total time: 38.05 seconds
[2018.12.12-13.46.18:052][  0]LogLoad: (Engine Initialization) Total Blueprint compile time: 0.18 seconds
[2018.12.12-13.46.18:052][  0]LogExternalProfiler: No external profilers were discovered.  External profiling features will not be available.
[2018.12.12-13.46.18:065][  0]LogOcInput: OculusInput pre-init called
[2018.12.12-13.46.18:088][  0]SourceControl: Información On branch markel
[2018.12.12-13.46.18:088][  0]SourceControl: Información Your branch is up to date with 'origin/markel'.
[2018.12.12-13.46.18:088][  0]SourceControl: Información Changes not staged for commit:
[2018.12.12-13.46.18:088][  0]SourceControl: Información   (use "git add <file>..." to update what will be committed)
[2018.12.12-13.46.18:088][  0]SourceControl: Información   (use "git checkout -- <file>..." to discard changes in working directory)
[2018.12.12-13.46.18:088][  0]SourceControl: Información 	modified:   Intermediate/CachedAssetRegistry.bin
[2018.12.12-13.46.18:088][  0]SourceControl: Información 	modified:   Saved/Autosaves/PackageRestoreData.json
[2018.12.12-13.46.18:088][  0]SourceControl: Información 	modified:   Saved/Config/Windows/EditorPerProjectUserSettings.ini
[2018.12.12-13.46.18:088][  0]SourceControl: Información 	modified:   Saved/Config/Windows/Engine.ini
[2018.12.12-13.46.18:088][  0]SourceControl: Información 	modified:   Saved/Config/Windows/SourceControlSettings.ini
[2018.12.12-13.46.18:088][  0]SourceControl: Información 	modified:   Saved/Logs/juego3D.log
[2018.12.12-13.46.18:088][  0]SourceControl: Información Untracked files:
[2018.12.12-13.46.18:088][  0]SourceControl: Información   (use "git add <file>..." to include in what will be committed)
[2018.12.12-13.46.18:088][  0]SourceControl: Información 	Saved/AutoScreenshot.png
[2018.12.12-13.46.18:088][  0]SourceControl: Información 	Saved/Logs/UE4CC-Windows-13DD131A479AE8ABBB65019521BA8838/
[2018.12.12-13.46.18:088][  0]SourceControl: Información 	Saved/Logs/UE4CC-Windows-8E18F0C641B89BFA9C390F83F375ACDA/
[2018.12.12-13.46.18:088][  0]SourceControl: Información 	Saved/Logs/juego3D-backup-2018.12.12-14.39.15.log
[2018.12.12-13.46.18:088][  0]SourceControl: Información 	Saved/Logs/juego3D-backup-2018.12.12-14.45.41.log
[2018.12.12-13.46.18:088][  0]SourceControl: Información no changes added to commit (use "git add" and/or "git commit -a")
[2018.12.12-13.46.18:088][  0]LogContentStreaming: Texture pool size now 1000 MB
[2018.12.12-13.46.18:090][  0]LogSlate: Took 0.000830 seconds to synchronously load lazily loaded font '../../../Engine/Content/Slate/Fonts/Roboto-Regular.ttf' (155K)
[2018.12.12-13.46.18:094][  0]LogSlate: Took 0.000675 seconds to synchronously load lazily loaded font '../../../Engine/Content/Slate/Fonts/Roboto-Bold.ttf' (160K)
[2018.12.12-13.46.18:103][  0]LogSlate: Took 0.002106 seconds to synchronously load lazily loaded font '../../../Engine/Content/Editor/Slate/Fonts/FontAwesome.ttf' (139K)
[2018.12.12-13.46.18:240][  0]LogSlate: Took 0.002038 seconds to synchronously load lazily loaded font '../../../Engine/Content/Slate/Fonts/Roboto-Light.ttf' (159K)
[2018.12.12-13.46.18:299][  0]LogRenderer: Reallocating scene render targets to support 1208x576 NumSamples 1 (Frame:2).
[2018.12.12-13.46.18:364][  1]LogAssetRegistry: Asset discovery search completed in 25.9245 seconds
[2018.12.12-13.46.18:364][  1]LogCollectionManager: Rebuilt the object cache for 0 collections in 0.000008 seconds (found 0 objects)
[2018.12.12-13.46.18:364][  1]LogCollectionManager: Fixed up redirectors for 0 collections in 0.000025 seconds (updated 0 objects)
[2018.12.12-14.00.49:747][353]LogSlate: Took 0.000330 seconds to synchronously load lazily loaded font '../../../Engine/Content/Slate/Fonts/Roboto-Light.ttf' (159K)
[2018.12.12-14.00.59:046][661]LogEditorViewport: Clicking on Actor (context menu): BP_Sky_Sphere_C (BP_Sky_Sphere)
[2018.12.12-14.01.21:767][943]LogSlate: Took 0.000456 seconds to synchronously load lazily loaded font '../../../Engine/Content/Slate/Fonts/Roboto-Light.ttf' (159K)
[2018.12.12-14.01.22:310][943]LogSlate: Took 0.000475 seconds to synchronously load lazily loaded font '../../../Engine/Content/Slate/Fonts/Roboto-Regular.ttf' (155K)
[2018.12.12-14.01.22:571][943]LogContentBrowser: Native class hierarchy updated for 'BlueprintGraph' in 0.0010 seconds. Added 112 classes and 0 folders.
[2018.12.12-14.01.23:973][943]LogSlate: Took 0.008532 seconds to synchronously load lazily loaded font '../../../Engine/Content/Editor/Slate/Fonts/Roboto-BoldCondensed.ttf' (158K)
[2018.12.12-14.01.54:191][339]LogFileHelpers: Editor autosave (incl. sublevels) for '/Game/StarterContent/Maps/Minimal_Default' took 0.036
[2018.12.12-14.01.54:203][339]OBJ SavePackage: Generating thumbnails for [0] asset(s) in package [/Game/segundos] ([1] browsable assets)...
[2018.12.12-14.01.54:203][339]OBJ SavePackage: Finished generating thumbnails for package [/Game/segundos]
[2018.12.12-14.01.54:203][339]Cmd: OBJ SAVEPACKAGE PACKAGE="/Game/segundos" FILE="D:/Usuarios/Alumno/Documentos/Unreal Projects/juego3d/Saved/Autosaves/Game/segundos_Auto1.uasset" SILENT=false AUTOSAVING=true
[2018.12.12-14.01.54:234][339]LogSavePackage: Save=22.48ms
[2018.12.12-14.01.54:234][339]LogSavePackage: Moving 'D:/Usuarios/Alumno/Documentos/Unreal Projects/juego3d/Saved/segundos_Auto1CFAC7D7D4F3E7FB10C6D82B1FD3541FC.tmp' to 'D:/Usuarios/Alumno/Documentos/Unreal Projects/juego3d/Saved/Autosaves/Game/segundos_Auto1.uasset'
[2018.12.12-14.01.54:236][339]LogSavePackage:Display: Finished SavePackage D:/Usuarios/Alumno/Documentos/Unreal Projects/juego3d/Saved/Autosaves/Game/segundos_Auto1.uasset
[2018.12.12-14.01.54:236][339]LogFileHelpers: Auto-saving content packages took 0.044
[2018.12.12-14.10.38:331][430]LogFactory: FactoryCreateFile: Texture with ReimportTextureFactory (0 0 ../../../../../../Users/Alumno/Downloads/timer.png)
[2018.12.12-14.10.38:375][430]LogTexture:Display: Building textures: timer (BGRA8, 598X600) - 120 MB total VRAM
[2018.12.12-14.14.41:146][536]LogFileHelpers: Editor autosave (incl. sublevels) for '/Game/StarterContent/Maps/Minimal_Default' took 0.020
[2018.12.12-14.14.41:148][536]OBJ SavePackage: Generating thumbnails for [0] asset(s) in package [/Game/segundos] ([1] browsable assets)...
[2018.12.12-14.14.41:430][536]OBJ SavePackage: Finished generating thumbnails for package [/Game/segundos]
[2018.12.12-14.14.41:431][536]Cmd: OBJ SAVEPACKAGE PACKAGE="/Game/segundos" FILE="D:/Usuarios/Alumno/Documentos/Unreal Projects/juego3d/Saved/Autosaves/Game/segundos_Auto2.uasset" SILENT=false AUTOSAVING=true
[2018.12.12-14.14.41:446][536]LogSavePackage: Save=8.55ms
[2018.12.12-14.14.41:446][536]LogSavePackage: Moving 'D:/Usuarios/Alumno/Documentos/Unreal Projects/juego3d/Saved/segundos_Auto2CC50D8A14001F1614AE10390D9C591D1.tmp' to 'D:/Usuarios/Alumno/Documentos/Unreal Projects/juego3d/Saved/Autosaves/Game/segundos_Auto2.uasset'
[2018.12.12-14.14.42:064][536]LogSavePackage:Display: Finished SavePackage D:/Usuarios/Alumno/Documentos/Unreal Projects/juego3d/Saved/Autosaves/Game/segundos_Auto2.uasset
[2018.12.12-14.14.42:074][536]OBJ SavePackage: Generating thumbnails for [1] asset(s) in package [/Game/StarterContent/images/timer] ([1] browsable assets)...
[2018.12.12-14.14.42:106][536]OBJ SavePackage:     Rendered thumbnail for [Texture2D /Game/StarterContent/images/timer.timer]
[2018.12.12-14.14.42:106][536]OBJ SavePackage: Finished generating thumbnails for package [/Game/StarterContent/images/timer]
[2018.12.12-14.14.42:121][536]LogSavePackage: Save=10.66ms
[2018.12.12-14.14.42:121][536]LogSavePackage: Moving 'D:/Usuarios/Alumno/Documentos/Unreal Projects/juego3d/Saved/timer_Auto222807D774EDDC90FD7E6AAA8A99000E7.tmp' to 'D:/Usuarios/Alumno/Documentos/Unreal Projects/juego3d/Saved/Autosaves/Game/StarterContent/images/timer_Auto2.uasset'
[2018.12.12-14.14.42:124][536]LogSavePackage:Display: Finished SavePackage D:/Usuarios/Alumno/Documentos/Unreal Projects/juego3d/Saved/Autosaves/Game/StarterContent/images/timer_Auto2.uasset
[2018.12.12-14.14.42:124][536]LogFileHelpers: Auto-saving content packages took 0.977
[2018.12.12-14.20.25:785][648]LogStats: FPlatformStackWalk::StackWalkAndDump -  0.603 s
[2018.12.12-14.20.25:785][648]LogOutputDevice:Error: === Handled ensure: ===
[2018.12.12-14.20.25:785][648]LogOutputDevice:Error: 
[2018.12.12-14.20.25:785][648]LogOutputDevice:Error: Ensure condition failed: ListenerTransformCopy.IsValid() [File:D:\Build\++UE4+Release-4.15+Compile\Sync\Engine\Source\Runtime\Engine\Private\AudioDevice.cpp] [Line: 2143]
[2018.12.12-14.20.25:785][648]LogOutputDevice:Error: Invalid listener transform provided to AudioDevice
[2018.12.12-14.20.25:786][648]LogOutputDevice:Error: Stack: 
[2018.12.12-14.20.25:786][648]LogOutputDevice:Error: UE4Editor-Core.dll!0x00000000EDEC95E6
[2018.12.12-14.20.25:786][648]LogOutputDevice:Error: UE4Editor-Core.dll!0x00000000EDC79B82
[2018.12.12-14.20.25:786][648]LogOutputDevice:Error: UE4Editor-Core.dll!0x00000000EDC8B666
[2018.12.12-14.20.25:786][648]LogOutputDevice:Error: UE4Editor-Engine.dll!0x00000000D4BF1B6B
[2018.12.12-14.20.25:786][648]LogOutputDevice:Error: UE4Editor-UnrealEd.dll!0x00000000DA1C793A
[2018.12.12-14.20.25:786][648]LogOutputDevice:Error: UE4Editor-UnrealEd.dll!0x00000000DA1C4873
[2018.12.12-14.20.25:786][648]LogOutputDevice:Error: UE4Editor-UnrealEd.dll!0x00000000D9E5197D
[2018.12.12-14.20.25:786][648]LogOutputDevice:Error: UE4Editor-Engine.dll!0x00000000D590A8DE
[2018.12.12-14.20.25:786][648]LogOutputDevice:Error: UE4Editor-UnrealEd.dll!0x00000000D9DA9315
[2018.12.12-14.20.25:786][648]LogOutputDevice:Error: UE4Editor-UnrealEd.dll!0x00000000D9DA72F9
[2018.12.12-14.20.25:786][648]LogOutputDevice:Error: UE4Editor-UnrealEd.dll!0x00000000DA5B2196
[2018.12.12-14.20.25:786][648]LogOutputDevice:Error: UE4Editor.exe!0x000000003F3EDEE3
[2018.12.12-14.20.25:786][648]LogOutputDevice:Error: UE4Editor.exe!0x000000003F3DEB40
[2018.12.12-14.20.25:786][648]LogOutputDevice:Error: UE4Editor.exe!0x000000003F3DEBBA
[2018.12.12-14.20.25:786][648]LogOutputDevice:Error: UE4Editor.exe!0x000000003F3F0A29
[2018.12.12-14.20.25:786][648]LogOutputDevice:Error: UE4Editor.exe!0x000000003F3F22B6
[2018.12.12-14.20.25:786][648]LogOutputDevice:Error: kernel32.dll!0x00000000777259CD
[2018.12.12-14.20.25:786][648]LogOutputDevice:Error: ntdll.dll!0x000000007798383D
[2018.12.12-14.20.25:786][648]LogOutputDevice:Error: 
[2018.12.12-14.20.25:787][648]LogStats:                SubmitErrorReport -  0.000 s
[2018.12.12-14.20.28:051][648]LogStats:                    SendNewReport -  2.265 s
[2018.12.12-14.20.28:051][648]LogStats:             FDebug::EnsureFailed -  2.869 s
[2018.12.12-14.20.28:085][649]LogStats: FPlatformStackWalk::StackWalkAndDump -  0.028 s
[2018.12.12-14.20.28:085][649]LogOutputDevice:Error: === Handled ensure: ===
[2018.12.12-14.20.28:085][649]LogOutputDevice:Error: 
[2018.12.12-14.20.28:085][649]LogOutputDevice:Error: Ensure condition failed: Y != 0 [File:D:\Build\++UE4+Release-4.15+Compile\Sync\Engine\Source\Runtime\Core\Private\GenericPlatform\GenericPlatformMath.cpp] [Line: 81]
[2018.12.12-14.20.28:085][649]LogOutputDevice:Error: FMath::FMod(X=-688.980042, Y=-nan) : Y is zero, this is invalid and would result in NaN!
[2018.12.12-14.20.28:085][649]LogOutputDevice:Error: Stack: 
[2018.12.12-14.20.28:085][649]LogOutputDevice:Error: UE4Editor-Core.dll!0x00000000EDEC95E6
[2018.12.12-14.20.28:085][649]LogOutputDevice:Error: UE4Editor-Core.dll!0x00000000EDC79B82
[2018.12.12-14.20.28:085][649]LogOutputDevice:Error: UE4Editor-Core.dll!0x00000000EDC8B666
[2018.12.12-14.20.28:085][649]LogOutputDevice:Error: UE4Editor-Core.dll!0x00000000EDB39A25
[2018.12.12-14.20.28:085][649]LogOutputDevice:Error: UE4Editor-Renderer.dll!0x00000000EBB27133
[2018.12.12-14.20.28:085][649]LogOutputDevice:Error: UE4Editor-Renderer.dll!0x00000000EBA7ADF3
[2018.12.12-14.20.28:085][649]LogOutputDevice:Error: UE4Editor-Renderer.dll!0x00000000EBA48A08
[2018.12.12-14.20.28:085][649]LogOutputDevice:Error: UE4Editor-Renderer.dll!0x00000000EBA4941B
[2018.12.12-14.20.28:085][649]LogOutputDevice:Error: UE4Editor-Renderer.dll!0x00000000EB69BE8E
[2018.12.12-14.20.28:085][649]LogOutputDevice:Error: UE4Editor-Renderer.dll!0x00000000EBA664C2
[2018.12.12-14.20.28:085][649]LogOutputDevice:Error: UE4Editor-Renderer.dll!0x00000000EBA3066E
[2018.12.12-14.20.28:085][649]LogOutputDevice:Error: UE4Editor-Core.dll!0x00000000EDB4D84D
[2018.12.12-14.20.28:085][649]LogOutputDevice:Error: UE4Editor-Core.dll!0x00000000EDB4DC6D
[2018.12.12-14.20.28:085][649]LogOutputDevice:Error: UE4Editor-RenderCore.dll!0x00000000F0490397
[2018.12.12-14.20.28:085][649]LogOutputDevice:Error: UE4Editor-RenderCore.dll!0x00000000F0491486
[2018.12.12-14.20.28:085][649]LogOutputDevice:Error: UE4Editor-Core.dll!0x00000000EDEDA3D8
[2018.12.12-14.20.28:085][649]LogOutputDevice:Error: UE4Editor-Core.dll!0x00000000EDED4C79
[2018.12.12-14.20.28:085][649]LogOutputDevice:Error: kernel32.dll!0x00000000777259CD
[2018.12.12-14.20.28:085][649]LogOutputDevice:Error: ntdll.dll!0x000000007798383D
[2018.12.12-14.20.28:085][649]LogOutputDevice:Error: 
[2018.12.12-14.20.28:085][649]LogStats:                SubmitErrorReport -  0.000 s
[2018.12.12-14.20.28:504][649]LogStats:                    SendNewReport -  0.418 s
[2018.12.12-14.20.28:504][649]LogStats:             FDebug::EnsureFailed -  0.447 s
[2018.12.12-14.22.20:804][654]LogSlate: Took 0.005966 seconds to synchronously load lazily loaded font '../../../Engine/Content/Editor/Slate/Fonts/Roboto-Italic.ttf' (157K)
[2018.12.12-14.23.11:090][ 37]LogEditorViewport: Clicking on Actor (LMB): BP_Sky_Sphere_C (BP_Sky_Sphere)
[2018.12.12-14.23.40:006][640]Cmd: CAMERA ALIGN ACTIVEVIEWPORTONLY
[2018.12.12-14.23.49:571][665]LogEditorViewport: Clicking on Actor (LMB): BP_Sky_Sphere_C (BP_Sky_Sphere)
[2018.12.12-14.25.25:844][977]BlueprintLog: New page: Compilar Minimal_Default
[2018.12.12-14.25.26:828][ 47]LogTemp: Repeting last play command: Selected Viewport
[2018.12.12-14.25.26:850][ 47]LogBlueprintUserMessages: Early PlayInEditor Detection: Level '/Game/StarterContent/Maps/Minimal_Default.Minimal_Default:PersistentLevel' has LevelScriptBlueprint '/Game/StarterContent/Maps/Minimal_Default.Minimal_Default:PersistentLevel.Minimal_Default' with GeneratedClass '/Game/StarterContent/Maps/Minimal_Default.Minimal_Default_C' with ClassGeneratedBy '/Game/StarterContent/Maps/Minimal_Default.Minimal_Default:PersistentLevel.Minimal_Default'
[2018.12.12-14.25.26:850][ 47]BlueprintLog: New page: Pre-Play auto-recompile
[2018.12.12-14.25.26:850][ 47]LogPlayLevel: [PlayLevel] Compiling segundos before play...
[2018.12.12-14.25.26:934][ 47]LogPlayLevel: PlayLevel: Blueprint regeneration took 84 ms (1 blueprints)
[2018.12.12-14.25.26:935][ 47]PIE: New page: Sesión PIE (reproducción en el editor): Minimal_Default (12/12/2018 16:25:26)
[2018.12.12-14.25.26:935][ 47]LogPlayLevel: Creating play world package: /Game/StarterContent/Maps/UEDPIE_0_Minimal_Default
[2018.12.12-14.25.26:945][ 47]LogPlayLevel: PIE: StaticDuplicateObject took: (0.010379s)
[2018.12.12-14.25.26:946][ 47]LogAIModule: Creating AISystem for world Minimal_Default
[2018.12.12-14.25.26:946][ 47]LogPlayLevel: PIE: World Init took: (0.000805s)
[2018.12.12-14.25.26:946][ 47]LogPlayLevel: PIE: Created PIE world by copying editor world from /Game/StarterContent/Maps/Minimal_Default.Minimal_Default to /Game/StarterContent/Maps/UEDPIE_0_Minimal_Default.Minimal_Default (0.011402s)
[2018.12.12-14.25.26:963][ 47]LogInit: XAudio2 using 'Altavoces (Realtek High Definition Audio)' : 2 channels at 48 kHz using 32 bits per sample (channel mask 0x3)
[2018.12.12-14.25.26:971][ 47]LogInit: FAudioDevice initialized.
[2018.12.12-14.25.27:021][ 47]LogLoad: Game class is 'GameModeBase'
[2018.12.12-14.25.27:023][ 47]LogWorld: Bringing World /Game/StarterContent/Maps/UEDPIE_0_Minimal_Default.Minimal_Default up for play (max tick rate 0) at 2018.12.12-15.25.27
[2018.12.12-14.25.27:023][ 47]LogWorld: Bringing up level for play took: 0.001273
[2018.12.12-14.25.27:114][ 47]LogContentBrowser: Native class hierarchy updated for 'MovieSceneCapture' in 0.0006 seconds. Added 11 classes and 0 folders.
[2018.12.12-14.25.27:133][ 47]LogBlueprintUserMessages: [Minimal_Default_C_0] Hello
[2018.12.12-14.25.27:137][ 47]PIE: Información Tiempo de inicio de la reproducción en el editor para  /Game/StarterContent/Maps/UEDPIE_0_Minimal_Default 1,237
[2018.12.12-14.25.27:137][ 47]LogBlueprintUserMessages: Late PlayInEditor Detection: Level '/Game/StarterContent/Maps/Minimal_Default.Minimal_Default:PersistentLevel' has LevelScriptBlueprint '/Game/StarterContent/Maps/Minimal_Default.Minimal_Default:PersistentLevel.Minimal_Default' with GeneratedClass '/Game/StarterContent/Maps/Minimal_Default.Minimal_Default_C' with ClassGeneratedBy '/Game/StarterContent/Maps/Minimal_Default.Minimal_Default:PersistentLevel.Minimal_Default'
[2018.12.12-14.25.40:968][245]LogBlueprintUserMessages: Early EndPlayMap Detection: Level '/Game/StarterContent/Maps/Minimal_Default.Minimal_Default:PersistentLevel' has LevelScriptBlueprint '/Game/StarterContent/Maps/Minimal_Default.Minimal_Default:PersistentLevel.Minimal_Default' with GeneratedClass '/Game/StarterContent/Maps/Minimal_Default.Minimal_Default_C' with ClassGeneratedBy '/Game/StarterContent/Maps/Minimal_Default.Minimal_Default:PersistentLevel.Minimal_Default'
[2018.12.12-14.25.41:045][245]LogBlueprintUserMessages: Late EndPlayMap Detection: Level '/Game/StarterContent/Maps/Minimal_Default.Minimal_Default:PersistentLevel' has LevelScriptBlueprint '/Game/StarterContent/Maps/Minimal_Default.Minimal_Default:PersistentLevel.Minimal_Default' with GeneratedClass '/Game/StarterContent/Maps/Minimal_Default.Minimal_Default_C' with ClassGeneratedBy '/Game/StarterContent/Maps/Minimal_Default.Minimal_Default:PersistentLevel.Minimal_Default'
[2018.12.12-14.25.42:516][389]LogTemp: Repeting last play command: Selected Viewport
[2018.12.12-14.25.42:534][389]LogBlueprintUserMessages: Early PlayInEditor Detection: Level '/Game/StarterContent/Maps/Minimal_Default.Minimal_Default:PersistentLevel' has LevelScriptBlueprint '/Game/StarterContent/Maps/Minimal_Default.Minimal_Default:PersistentLevel.Minimal_Default' with GeneratedClass '/Game/StarterContent/Maps/Minimal_Default.Minimal_Default_C' with ClassGeneratedBy '/Game/StarterContent/Maps/Minimal_Default.Minimal_Default:PersistentLevel.Minimal_Default'
[2018.12.12-14.25.42:534][389]LogPlayLevel: PlayLevel: No blueprints needed recompiling
[2018.12.12-14.25.42:534][389]PIE: New page: Sesión PIE (reproducción en el editor): Minimal_Default (12/12/2018 16:25:42)
[2018.12.12-14.25.42:534][389]LogPlayLevel: Creating play world package: /Game/StarterContent/Maps/UEDPIE_0_Minimal_Default
[2018.12.12-14.25.42:541][389]LogPlayLevel: PIE: StaticDuplicateObject took: (0.007268s)
[2018.12.12-14.25.42:542][389]LogAIModule: Creating AISystem for world Minimal_Default
[2018.12.12-14.25.42:542][389]LogPlayLevel: PIE: World Init took: (0.000762s)
[2018.12.12-14.25.42:542][389]LogPlayLevel: PIE: Created PIE world by copying editor world from /Game/StarterContent/Maps/Minimal_Default.Minimal_Default to /Game/StarterContent/Maps/UEDPIE_0_Minimal_Default.Minimal_Default (0.008234s)
[2018.12.12-14.25.42:556][389]LogInit: XAudio2 using 'Altavoces (Realtek High Definition Audio)' : 2 channels at 48 kHz using 32 bits per sample (channel mask 0x3)
[2018.12.12-14.25.42:564][389]LogInit: FAudioDevice initialized.
[2018.12.12-14.25.42:697][389]LogLoad: Game class is 'GameModeBase'
[2018.12.12-14.25.42:702][389]LogWorld: Bringing World /Game/StarterContent/Maps/UEDPIE_0_Minimal_Default.Minimal_Default up for play (max tick rate 0) at 2018.12.12-15.25.42
[2018.12.12-14.25.42:703][389]LogWorld: Bringing up level for play took: 0.003091
[2018.12.12-14.25.42:706][389]LogBlueprintUserMessages: [Minimal_Default_C_0] Hello
[2018.12.12-14.25.42:706][389]PIE: Información Tiempo de inicio de la reproducción en el editor para  /Game/StarterContent/Maps/UEDPIE_0_Minimal_Default 0,806
[2018.12.12-14.25.42:707][389]LogBlueprintUserMessages: Late PlayInEditor Detection: Level '/Game/StarterContent/Maps/Minimal_Default.Minimal_Default:PersistentLevel' has LevelScriptBlueprint '/Game/StarterContent/Maps/Minimal_Default.Minimal_Default:PersistentLevel.Minimal_Default' with GeneratedClass '/Game/StarterContent/Maps/Minimal_Default.Minimal_Default_C' with ClassGeneratedBy '/Game/StarterContent/Maps/Minimal_Default.Minimal_Default:PersistentLevel.Minimal_Default'
[2018.12.12-14.25.58:449][ 50]LogBlueprintUserMessages: Early EndPlayMap Detection: Level '/Game/StarterContent/Maps/Minimal_Default.Minimal_Default:PersistentLevel' has LevelScriptBlueprint '/Game/StarterContent/Maps/Minimal_Default.Minimal_Default:PersistentLevel.Minimal_Default' with GeneratedClass '/Game/StarterContent/Maps/Minimal_Default.Minimal_Default_C' with ClassGeneratedBy '/Game/StarterContent/Maps/Minimal_Default.Minimal_Default:PersistentLevel.Minimal_Default'
[2018.12.12-14.25.58:517][ 50]LogBlueprintUserMessages: Late EndPlayMap Detection: Level '/Game/StarterContent/Maps/Minimal_Default.Minimal_Default:PersistentLevel' has LevelScriptBlueprint '/Game/StarterContent/Maps/Minimal_Default.Minimal_Default:PersistentLevel.Minimal_Default' with GeneratedClass '/Game/StarterContent/Maps/Minimal_Default.Minimal_Default_C' with ClassGeneratedBy '/Game/StarterContent/Maps/Minimal_Default.Minimal_Default:PersistentLevel.Minimal_Default'
[2018.12.12-14.27.29:584][314]BlueprintLog: New page: Compilar Minimal_Default
[2018.12.12-14.27.32:809][581]LogTemp: Repeting last play command: Selected Viewport
[2018.12.12-14.27.32:828][581]LogBlueprintUserMessages: Early PlayInEditor Detection: Level '/Game/StarterContent/Maps/Minimal_Default.Minimal_Default:PersistentLevel' has LevelScriptBlueprint '/Game/StarterContent/Maps/Minimal_Default.Minimal_Default:PersistentLevel.Minimal_Default' with GeneratedClass '/Game/StarterContent/Maps/Minimal_Default.Minimal_Default_C' with ClassGeneratedBy '/Game/StarterContent/Maps/Minimal_Default.Minimal_Default:PersistentLevel.Minimal_Default'
[2018.12.12-14.27.32:828][581]LogPlayLevel: PlayLevel: No blueprints needed recompiling
[2018.12.12-14.27.32:828][581]PIE: New page: Sesión PIE (reproducción en el editor): Minimal_Default (12/12/2018 16:27:32)
[2018.12.12-14.27.32:828][581]LogPlayLevel: Creating play world package: /Game/StarterContent/Maps/UEDPIE_0_Minimal_Default
[2018.12.12-14.27.32:835][581]LogPlayLevel: PIE: StaticDuplicateObject took: (0.007182s)
[2018.12.12-14.27.32:836][581]LogAIModule: Creating AISystem for world Minimal_Default
[2018.12.12-14.27.32:836][581]LogPlayLevel: PIE: World Init took: (0.000830s)
[2018.12.12-14.27.32:836][581]LogPlayLevel: PIE: Created PIE world by copying editor world from /Game/StarterContent/Maps/Minimal_Default.Minimal_Default to /Game/StarterContent/Maps/UEDPIE_0_Minimal_Default.Minimal_Default (0.008222s)
[2018.12.12-14.27.32:851][581]LogInit: XAudio2 using 'Altavoces (Realtek High Definition Audio)' : 2 channels at 48 kHz using 32 bits per sample (channel mask 0x3)
[2018.12.12-14.27.32:861][581]LogInit: FAudioDevice initialized.
[2018.12.12-14.27.32:891][581]LogLoad: Game class is 'GameModeBase'
[2018.12.12-14.27.32:893][581]LogWorld: Bringing World /Game/StarterContent/Maps/UEDPIE_0_Minimal_Default.Minimal_Default up for play (max tick rate 0) at 2018.12.12-15.27.32
[2018.12.12-14.27.32:893][581]LogWorld: Bringing up level for play took: 0.001278
[2018.12.12-14.27.32:899][581]PIE: Información Tiempo de inicio de la reproducción en el editor para  /Game/StarterContent/Maps/UEDPIE_0_Minimal_Default 0,997
[2018.12.12-14.27.32:899][581]LogBlueprintUserMessages: Late PlayInEditor Detection: Level '/Game/StarterContent/Maps/Minimal_Default.Minimal_Default:PersistentLevel' has LevelScriptBlueprint '/Game/StarterContent/Maps/Minimal_Default.Minimal_Default:PersistentLevel.Minimal_Default' with GeneratedClass '/Game/StarterContent/Maps/Minimal_Default.Minimal_Default_C' with ClassGeneratedBy '/Game/StarterContent/Maps/Minimal_Default.Minimal_Default:PersistentLevel.Minimal_Default'
[2018.12.12-14.27.41:363][445]LogBlueprintUserMessages: Early EndPlayMap Detection: Level '/Game/StarterContent/Maps/Minimal_Default.Minimal_Default:PersistentLevel' has LevelScriptBlueprint '/Game/StarterContent/Maps/Minimal_Default.Minimal_Default:PersistentLevel.Minimal_Default' with GeneratedClass '/Game/StarterContent/Maps/Minimal_Default.Minimal_Default_C' with ClassGeneratedBy '/Game/StarterContent/Maps/Minimal_Default.Minimal_Default:PersistentLevel.Minimal_Default'
[2018.12.12-14.27.41:431][445]LogBlueprintUserMessages: Late EndPlayMap Detection: Level '/Game/StarterContent/Maps/Minimal_Default.Minimal_Default:PersistentLevel' has LevelScriptBlueprint '/Game/StarterContent/Maps/Minimal_Default.Minimal_Default:PersistentLevel.Minimal_Default' with GeneratedClass '/Game/StarterContent/Maps/Minimal_Default.Minimal_Default_C' with ClassGeneratedBy '/Game/StarterContent/Maps/Minimal_Default.Minimal_Default:PersistentLevel.Minimal_Default'
[2018.12.12-14.27.44:691][770]LogEditorViewport: Clicking on Actor (LMB): BP_Sky_Sphere_C (BP_Sky_Sphere)
[2018.12.12-14.28.10:475][980]LogSavePackage: Save=134.95ms
[2018.12.12-14.28.10:475][980]LogSavePackage: Moving 'D:/Usuarios/Alumno/Documentos/Unreal Projects/juego3d/Saved/Minimal_Default_Auto3F82C0DDB40A56C1BC58FA181100D21CB.tmp' to 'D:/Usuarios/Alumno/Documentos/Unreal Projects/juego3d/Saved/Autosaves/Game/StarterContent/Maps/Minimal_Default_Auto3.umap'
[2018.12.12-14.28.10:478][980]LogSavePackage:Display: Finished SavePackage D:/Usuarios/Alumno/Documentos/Unreal Projects/juego3d/Saved/Autosaves/Game/StarterContent/Maps/Minimal_Default_Auto3.umap
[2018.12.12-14.28.10:489][980]LogFileHelpers: Editor autosave (incl. sublevels) for '/Game/StarterContent/Maps/Minimal_Default' took 0.183
[2018.12.12-14.28.10:489][980]LogFileHelpers: Editor autosave (incl. sublevels) for all levels took 0.183
[2018.12.12-14.28.10:492][980]OBJ SavePackage: Generating thumbnails for [0] asset(s) in package [/Game/segundos] ([1] browsable assets)...
[2018.12.12-14.28.10:492][980]OBJ SavePackage: Finished generating thumbnails for package [/Game/segundos]
[2018.12.12-14.28.10:492][980]Cmd: OBJ SAVEPACKAGE PACKAGE="/Game/segundos" FILE="D:/Usuarios/Alumno/Documentos/Unreal Projects/juego3d/Saved/Autosaves/Game/segundos_Auto3.uasset" SILENT=false AUTOSAVING=true
[2018.12.12-14.28.10:507][980]LogSavePackage: Save=11.26ms
[2018.12.12-14.28.10:507][980]LogSavePackage: Moving 'D:/Usuarios/Alumno/Documentos/Unreal Projects/juego3d/Saved/segundos_Auto3C76E164E4216BD14DDF2BCB3FC55F796.tmp' to 'D:/Usuarios/Alumno/Documentos/Unreal Projects/juego3d/Saved/Autosaves/Game/segundos_Auto3.uasset'
[2018.12.12-14.28.10:508][980]LogSavePackage:Display: Finished SavePackage D:/Usuarios/Alumno/Documentos/Unreal Projects/juego3d/Saved/Autosaves/Game/segundos_Auto3.uasset
[2018.12.12-14.28.10:508][980]LogFileHelpers: Auto-saving content packages took 0.017
[2018.12.12-14.32.43:792][959]LogTemp: Repeting last play command: Selected Viewport
[2018.12.12-14.32.43:804][959]LogBlueprintUserMessages: Early PlayInEditor Detection: Level '/Game/StarterContent/Maps/Minimal_Default.Minimal_Default:PersistentLevel' has LevelScriptBlueprint '/Game/StarterContent/Maps/Minimal_Default.Minimal_Default:PersistentLevel.Minimal_Default' with GeneratedClass '/Game/StarterContent/Maps/Minimal_Default.Minimal_Default_C' with ClassGeneratedBy '/Game/StarterContent/Maps/Minimal_Default.Minimal_Default:PersistentLevel.Minimal_Default'
[2018.12.12-14.32.43:804][959]BlueprintLog: New page: Pre-Play auto-recompile
[2018.12.12-14.32.43:804][959]LogPlayLevel: [PlayLevel] Compiling Minimal_Default before play...
[2018.12.12-14.32.43:892][959]LogPlayLevel: PlayLevel: Blueprint regeneration took 88 ms (1 blueprints)
[2018.12.12-14.32.43:892][959]PIE: New page: Sesión PIE (reproducción en el editor): Minimal_Default (12/12/2018 16:32:43)
[2018.12.12-14.32.43:892][959]LogPlayLevel: Creating play world package: /Game/StarterContent/Maps/UEDPIE_0_Minimal_Default
[2018.12.12-14.32.43:900][959]LogPlayLevel: PIE: StaticDuplicateObject took: (0.007634s)
[2018.12.12-14.32.43:901][959]LogAIModule: Creating AISystem for world Minimal_Default
[2018.12.12-14.32.43:901][959]LogPlayLevel: PIE: World Init took: (0.000852s)
[2018.12.12-14.32.43:901][959]LogPlayLevel: PIE: Created PIE world by copying editor world from /Game/StarterContent/Maps/Minimal_Default.Minimal_Default to /Game/StarterContent/Maps/UEDPIE_0_Minimal_Default.Minimal_Default (0.008690s)
[2018.12.12-14.32.43:917][959]LogInit: XAudio2 using 'Altavoces (Realtek High Definition Audio)' : 2 channels at 48 kHz using 32 bits per sample (channel mask 0x3)
[2018.12.12-14.32.43:926][959]LogInit: FAudioDevice initialized.
[2018.12.12-14.32.43:956][959]LogLoad: Game class is 'GameModeBase'
[2018.12.12-14.32.43:958][959]LogWorld: Bringing World /Game/StarterContent/Maps/UEDPIE_0_Minimal_Default.Minimal_Default up for play (max tick rate 0) at 2018.12.12-15.32.43
[2018.12.12-14.32.43:972][959]LogWorld: Bringing up level for play took: 0.014830
[2018.12.12-14.32.43:974][959]PIE: Información Tiempo de inicio de la reproducción en el editor para  /Game/StarterContent/Maps/UEDPIE_0_Minimal_Default 0,068
[2018.12.12-14.32.43:974][959]LogBlueprintUserMessages: Late PlayInEditor Detection: Level '/Game/StarterContent/Maps/Minimal_Default.Minimal_Default:PersistentLevel' has LevelScriptBlueprint '/Game/StarterContent/Maps/Minimal_Default.Minimal_Default:PersistentLevel.Minimal_Default' with GeneratedClass '/Game/StarterContent/Maps/Minimal_Default.Minimal_Default_C' with ClassGeneratedBy '/Game/StarterContent/Maps/Minimal_Default.Minimal_Default:PersistentLevel.Minimal_Default'
[2018.12.12-14.33.02:781][904]LogBlueprintUserMessages: Early EndPlayMap Detection: Level '/Game/StarterContent/Maps/Minimal_Default.Minimal_Default:PersistentLevel' has LevelScriptBlueprint '/Game/StarterContent/Maps/Minimal_Default.Minimal_Default:PersistentLevel.Minimal_Default' with GeneratedClass '/Game/StarterContent/Maps/Minimal_Default.Minimal_Default_C' with ClassGeneratedBy '/Game/StarterContent/Maps/Minimal_Default.Minimal_Default:PersistentLevel.Minimal_Default'
[2018.12.12-14.33.02:832][904]LogBlueprintUserMessages: Late EndPlayMap Detection: Level '/Game/StarterContent/Maps/Minimal_Default.Minimal_Default:PersistentLevel' has LevelScriptBlueprint '/Game/StarterContent/Maps/Minimal_Default.Minimal_Default:PersistentLevel.Minimal_Default' with GeneratedClass '/Game/StarterContent/Maps/Minimal_Default.Minimal_Default_C' with ClassGeneratedBy '/Game/StarterContent/Maps/Minimal_Default.Minimal_Default:PersistentLevel.Minimal_Default'
[2018.12.12-14.33.24:411][842]LogEditorViewport: Clicking on Actor (context menu): BP_Sky_Sphere_C (BP_Sky_Sphere)
[2018.12.12-14.33.24:446][842]LogEditorViewport: Clicking on Actor (context menu): BP_Sky_Sphere_C (BP_Sky_Sphere)
[2018.12.12-14.35.13:644][930]Cmd: OBJ SAVEPACKAGE PACKAGE="/Game/segundos" FILE="D:/Usuarios/Alumno/Documentos/Unreal Projects/juego3d/Content/segundos.uasset" SILENT=true
[2018.12.12-14.35.13:659][930]LogSavePackage: Save=11.57ms
[2018.12.12-14.35.13:659][930]LogSavePackage: Moving 'D:/Usuarios/Alumno/Documentos/Unreal Projects/juego3d/Saved/segundos719E9C764A02FEDF6052CEA935FBA301.tmp' to 'D:/Usuarios/Alumno/Documentos/Unreal Projects/juego3d/Content/segundos.uasset'
[2018.12.12-14.35.13:662][930]LogSavePackage:Display: Finished SavePackage D:/Usuarios/Alumno/Documentos/Unreal Projects/juego3d/Content/segundos.uasset
[2018.12.12-14.35.17:846][227]LogTemp: Repeting last play command: Selected Viewport
[2018.12.12-14.35.17:863][227]LogBlueprintUserMessages: Early PlayInEditor Detection: Level '/Game/StarterContent/Maps/Minimal_Default.Minimal_Default:PersistentLevel' has LevelScriptBlueprint '/Game/StarterContent/Maps/Minimal_Default.Minimal_Default:PersistentLevel.Minimal_Default' with GeneratedClass '/Game/StarterContent/Maps/Minimal_Default.Minimal_Default_C' with ClassGeneratedBy '/Game/StarterContent/Maps/Minimal_Default.Minimal_Default:PersistentLevel.Minimal_Default'
[2018.12.12-14.35.17:863][227]BlueprintLog: New page: Pre-Play auto-recompile
[2018.12.12-14.35.17:863][227]LogPlayLevel: [PlayLevel] Compiling segundos before play...
[2018.12.12-14.35.17:957][227]LogPlayLevel: PlayLevel: Blueprint regeneration took 93 ms (1 blueprints)
[2018.12.12-14.35.17:957][227]PIE: New page: Sesión PIE (reproducción en el editor): Minimal_Default (12/12/2018 16:35:17)
[2018.12.12-14.35.17:957][227]LogPlayLevel: Creating play world package: /Game/StarterContent/Maps/UEDPIE_0_Minimal_Default
[2018.12.12-14.35.17:964][227]LogPlayLevel: PIE: StaticDuplicateObject took: (0.007505s)
[2018.12.12-14.35.17:965][227]LogAIModule: Creating AISystem for world Minimal_Default
[2018.12.12-14.35.17:965][227]LogPlayLevel: PIE: World Init took: (0.000820s)
[2018.12.12-14.35.17:965][227]LogPlayLevel: PIE: Created PIE world by copying editor world from /Game/StarterContent/Maps/Minimal_Default.Minimal_Default to /Game/StarterContent/Maps/UEDPIE_0_Minimal_Default.Minimal_Default (0.008530s)
[2018.12.12-14.35.17:981][227]LogInit: XAudio2 using 'Altavoces (Realtek High Definition Audio)' : 2 channels at 48 kHz using 32 bits per sample (channel mask 0x3)
[2018.12.12-14.35.17:989][227]LogInit: FAudioDevice initialized.
[2018.12.12-14.35.18:024][227]LogLoad: Game class is 'GameModeBase'
[2018.12.12-14.35.18:028][227]LogWorld: Bringing World /Game/StarterContent/Maps/UEDPIE_0_Minimal_Default.Minimal_Default up for play (max tick rate 0) at 2018.12.12-15.35.18
[2018.12.12-14.35.18:029][227]LogWorld: Bringing up level for play took: 0.002724
[2018.12.12-14.35.18:033][227]PIE: Información Tiempo de inicio de la reproducción en el editor para  /Game/StarterContent/Maps/UEDPIE_0_Minimal_Default 0,125
[2018.12.12-14.35.18:033][227]LogBlueprintUserMessages: Late PlayInEditor Detection: Level '/Game/StarterContent/Maps/Minimal_Default.Minimal_Default:PersistentLevel' has LevelScriptBlueprint '/Game/StarterContent/Maps/Minimal_Default.Minimal_Default:PersistentLevel.Minimal_Default' with GeneratedClass '/Game/StarterContent/Maps/Minimal_Default.Minimal_Default_C' with ClassGeneratedBy '/Game/StarterContent/Maps/Minimal_Default.Minimal_Default:PersistentLevel.Minimal_Default'
[2018.12.12-14.40.31:653][473]LogBlueprintUserMessages: Early EndPlayMap Detection: Level '/Game/StarterContent/Maps/Minimal_Default.Minimal_Default:PersistentLevel' has LevelScriptBlueprint '/Game/StarterContent/Maps/Minimal_Default.Minimal_Default:PersistentLevel.Minimal_Default' with GeneratedClass '/Game/StarterContent/Maps/Minimal_Default.Minimal_Default_C' with ClassGeneratedBy '/Game/StarterContent/Maps/Minimal_Default.Minimal_Default:PersistentLevel.Minimal_Default'
[2018.12.12-14.40.31:727][473]LogBlueprintUserMessages: Late EndPlayMap Detection: Level '/Game/StarterContent/Maps/Minimal_Default.Minimal_Default:PersistentLevel' has LevelScriptBlueprint '/Game/StarterContent/Maps/Minimal_Default.Minimal_Default:PersistentLevel.Minimal_Default' with GeneratedClass '/Game/StarterContent/Maps/Minimal_Default.Minimal_Default_C' with ClassGeneratedBy '/Game/StarterContent/Maps/Minimal_Default.Minimal_Default:PersistentLevel.Minimal_Default'
[2018.12.12-14.43.44:147][119]LogSavePackage: Save=141.46ms
[2018.12.12-14.43.44:147][119]LogSavePackage: Moving 'D:/Usuarios/Alumno/Documentos/Unreal Projects/juego3d/Saved/Minimal_Default_Auto403529C5D4DB6DC51BE21FCBCF008BACC.tmp' to 'D:/Usuarios/Alumno/Documentos/Unreal Projects/juego3d/Saved/Autosaves/Game/StarterContent/Maps/Minimal_Default_Auto4.umap'
[2018.12.12-14.43.44:283][119]LogSavePackage:Display: Finished SavePackage D:/Usuarios/Alumno/Documentos/Unreal Projects/juego3d/Saved/Autosaves/Game/StarterContent/Maps/Minimal_Default_Auto4.umap
[2018.12.12-14.43.44:295][119]LogFileHelpers: Editor autosave (incl. sublevels) for '/Game/StarterContent/Maps/Minimal_Default' took 0.323
[2018.12.12-14.43.44:295][119]LogFileHelpers: Editor autosave (incl. sublevels) for all levels took 0.323
[2018.12.12-15.56.46:362][598]Cmd: OBJ SAVEPACKAGE PACKAGE="/Game/StarterContent/images/timer" FILE="D:/Usuarios/Alumno/Documentos/Unreal Projects/juego3d/Content/StarterContent/images/timer.uasset" SILENT=true
[2018.12.12-15.56.46:406][598]LogSavePackage: Save=34.72ms
[2018.12.12-15.56.46:406][598]LogSavePackage: Moving 'D:/Usuarios/Alumno/Documentos/Unreal Projects/juego3d/Saved/timer195B69D748F70B44100A1BA9E283AAEC.tmp' to 'D:/Usuarios/Alumno/Documentos/Unreal Projects/juego3d/Content/StarterContent/images/timer.uasset'
[2018.12.12-15.56.46:409][598]LogSavePackage:Display: Finished SavePackage D:/Usuarios/Alumno/Documentos/Unreal Projects/juego3d/Content/StarterContent/images/timer.uasset
[2018.12.12-15.56.50:323][598]LogSavePackage: Save=129.12ms
[2018.12.12-15.56.50:323][598]LogSavePackage: Moving 'D:/Usuarios/Alumno/Documentos/Unreal Projects/juego3d/Saved/Minimal_Default5AC0C3F045012749339F43AAD8B56123.tmp' to 'D:/Usuarios/Alumno/Documentos/Unreal Projects/juego3d/Content/StarterContent/Maps/Minimal_Default.umap'
[2018.12.12-15.56.50:328][598]LogSavePackage:Display: Finished SavePackage D:/Usuarios/Alumno/Documentos/Unreal Projects/juego3d/Content/StarterContent/Maps/Minimal_Default.umap
[2018.12.12-15.56.50:356][598]LogFileHelpers: Saving map 'Minimal_Default' took 3.294
[2018.12.12-15.56.50:799][599]Cmd: QUIT_EDITOR
[2018.12.12-15.56.51:028][599]LogExit: Preparing to exit.
[2018.12.12-15.56.51:650][599]LogExit: Editor shut down
[2018.12.12-15.56.51:651][599]LogExit: Transaction tracking system shut down
[2018.12.12-15.56.52:382][599]LogObj: Freed 0b from 0 cluster array pools.
[2018.12.12-15.56.52:382][599]LogExit: Object subsystem successfully closed.
[2018.12.12-15.56.52:516][599]LogD3D11RHI: Shutdown
[2018.12.12-15.56.52:516][599]LogD3D11RHI: CleanupD3DDevice
[2018.12.12-15.56.52:783][599]LogD3D11RHI: ~FD3D11DynamicRHI
[2018.12.12-15.56.53:120][599]LogModuleManager: Shutting down and abandoning module MovieSceneCapture (506)
[2018.12.12-15.56.53:120][599]LogModuleManager: Shutting down and abandoning module SequencerWidgets (504)
[2018.12.12-15.56.53:120][599]LogModuleManager: Shutting down and abandoning module BlueprintGraph (502)
[2018.12.12-15.56.53:121][599]LogModuleManager: Shutting down and abandoning module BlueprintProfiler (500)
[2018.12.12-15.56.53:168][599]LogModuleManager: Shutting down and abandoning module HierarchicalLODOutliner (498)
[2018.12.12-15.56.53:171][599]LogModuleManager: Shutting down and abandoning module CrashTracker (496)
[2018.12.12-15.56.53:171][599]LogModuleManager: Shutting down and abandoning module SceneOutliner (494)
[2018.12.12-15.56.53:171][599]LogModuleManager: Shutting down and abandoning module AddContentDialog (492)
[2018.12.12-15.56.53:175][599]LogDirectoryWatcher: A directory notification for 'C:/Program Files/Epic Games/UE_4.15/FeaturePacks/' was aborted.
[2018.12.12-15.56.53:185][599]LogModuleManager: Shutting down and abandoning module WidgetCarousel (491)
[2018.12.12-15.56.53:185][599]LogModuleManager: Shutting down and abandoning module EditorWidgets (488)
[2018.12.12-15.56.53:186][599]LogModuleManager: Shutting down and abandoning module CollectionManager (486)
[2018.12.12-15.56.53:220][599]LogDirectoryWatcher: A directory notification for 'D:/Usuarios/Alumno/Documentos/Unreal Projects/juego3d/Content/Collections/' was aborted.
[2018.12.12-15.56.53:220][599]LogDirectoryWatcher: A directory notification for 'D:/Usuarios/Alumno/Documentos/Unreal Projects/juego3d/Content/Developers/Alumno/Collections/' was aborted.
[2018.12.12-15.56.53:221][599]LogDirectoryWatcher: A directory notification for 'D:/Usuarios/Alumno/Documentos/Unreal Projects/juego3d/Saved/Collections/' was aborted.
[2018.12.12-15.56.53:221][599]LogModuleManager: Shutting down and abandoning module StatsViewer (484)
[2018.12.12-15.56.53:232][599]LogModuleManager: Shutting down and abandoning module FoliageEdit (482)
[2018.12.12-15.56.53:232][599]LogModuleManager: Shutting down and abandoning module LandscapeEditor (480)
[2018.12.12-15.56.53:236][599]LogModuleManager: Shutting down and abandoning module SceneDepthPickerMode (478)
[2018.12.12-15.56.53:236][599]LogModuleManager: Shutting down and abandoning module ActorPickerMode (476)
[2018.12.12-15.56.53:236][599]LogModuleManager: Shutting down and abandoning module GeometryMode (474)
[2018.12.12-15.56.53:236][599]LogModuleManager: Shutting down and abandoning module TextureAlignMode (472)
[2018.12.12-15.56.53:236][599]LogModuleManager: Shutting down and abandoning module BspMode (470)
[2018.12.12-15.56.53:259][599]LogModuleManager: Shutting down and abandoning module HardwareSurvey (468)
[2018.12.12-15.56.53:263][599]LogModuleManager: Shutting down and abandoning module SequenceRecorderSections (466)
[2018.12.12-15.56.53:266][599]LogModuleManager: Shutting down and abandoning module AutomationWorker (464)
[2018.12.12-15.56.53:269][599]LogModuleManager: Shutting down and abandoning module MatineeToLevelSequence (462)
[2018.12.12-15.56.53:271][599]LogModuleManager: Shutting down and abandoning module LevelSequenceEditor (460)
[2018.12.12-15.56.53:280][599]LogModuleManager: Shutting down and abandoning module PlacementMode (459)
[2018.12.12-15.56.53:280][599]LogModuleManager: Shutting down and abandoning module WmfMediaFactory (456)
[2018.12.12-15.56.53:280][599]LogModuleManager: Shutting down and abandoning module WmfMediaEditor (454)
[2018.12.12-15.56.53:280][599]LogModuleManager: Shutting down and abandoning module MfMediaFactory (452)
[2018.12.12-15.56.53:280][599]LogModuleManager: Shutting down and abandoning module MfMediaEditor (450)
[2018.12.12-15.56.53:280][599]LogModuleManager: Shutting down and abandoning module AvfMediaFactory (448)
[2018.12.12-15.56.53:280][599]LogModuleManager: Shutting down and abandoning module AvfMediaEditor (446)
[2018.12.12-15.56.53:280][599]LogModuleManager: Shutting down and abandoning module AndroidMediaFactory (444)
[2018.12.12-15.56.53:280][599]LogModuleManager: Shutting down and abandoning module Media (443)
[2018.12.12-15.56.53:280][599]LogModuleManager: Shutting down and abandoning module AndroidMediaEditor (440)
[2018.12.12-15.56.53:280][599]LogModuleManager: Shutting down and abandoning module CharacterAI (438)
[2018.12.12-15.56.53:280][599]LogModuleManager: Shutting down and abandoning module AudioCapture (436)
[2018.12.12-15.56.53:283][599]LogModuleManager: Shutting down and abandoning module SequenceRecorder (435)
[2018.12.12-15.56.53:296][599]LogModuleManager: Shutting down and abandoning module SmartSnapping (432)
[2018.12.12-15.56.53:296][599]LogModuleManager: Shutting down and abandoning module SessionServices (430)
[2018.12.12-15.56.53:296][599]LogModuleManager: Shutting down and abandoning module ViewportSnapping (428)
[2018.12.12-15.56.53:297][599]LogModuleManager: Shutting down and abandoning module ViewportInteraction (426)
[2018.12.12-15.56.53:297][599]LogModuleManager: Shutting down and abandoning module LogVisualizer (424)
[2018.12.12-15.56.53:303][599]LogModuleManager: Shutting down and abandoning module IntroTutorials (422)
[2018.12.12-15.56.53:309][599]LogModuleManager: Shutting down and abandoning module GameProjectGeneration (421)
[2018.12.12-15.56.53:316][599]LogModuleManager: Shutting down and abandoning module EditorLiveStreaming (418)
[2018.12.12-15.56.53:316][599]LogModuleManager: Shutting down and abandoning module IOSPlatformEditor (416)
[2018.12.12-15.56.53:316][599]LogModuleManager: Shutting down and abandoning module HTML5PlatformEditor (414)
[2018.12.12-15.56.53:316][599]LogModuleManager: Shutting down and abandoning module AndroidPlatformEditor (412)
[2018.12.12-15.56.53:320][599]LogModuleManager: Shutting down and abandoning module AndroidDeviceDetection (411)
[2018.12.12-15.56.54:075][599]LogModuleManager: Shutting down and abandoning module IOSRuntimeSettings (408)
[2018.12.12-15.56.54:075][599]LogModuleManager: Shutting down and abandoning module AndroidRuntimeSettings (406)
[2018.12.12-15.56.54:075][599]LogModuleManager: Shutting down and abandoning module InputBindingEditor (404)
[2018.12.12-15.56.54:080][599]LogModuleManager: Shutting down and abandoning module NiagaraEditor (402)
[2018.12.12-15.56.54:104][599]LogModuleManager: Shutting down and abandoning module MergeActors (400)
[2018.12.12-15.56.54:112][599]LogModuleManager: Shutting down and abandoning module SizeMap (398)
[2018.12.12-15.56.54:122][599]LogModuleManager: Shutting down and abandoning module TreeMap (396)
[2018.12.12-15.56.54:130][599]LogModuleManager: Shutting down and abandoning module ReferenceViewer (394)
[2018.12.12-15.56.54:130][599]LogModuleManager: Shutting down and abandoning module LocalizationDashboard (392)
[2018.12.12-15.56.54:144][599]LogModuleManager: Shutting down and abandoning module LocalizationService (391)
[2018.12.12-15.56.54:147][599]LogModuleManager: Shutting down and abandoning module HardwareTargeting (388)
[2018.12.12-15.56.54:150][599]LogModuleManager: Shutting down and abandoning module DeviceProfileEditor (386)
[2018.12.12-15.56.54:168][599]LogModuleManager: Shutting down and abandoning module UndoHistory (384)
[2018.12.12-15.56.54:188][599]LogModuleManager: Shutting down and abandoning module UserFeedback (382)
[2018.12.12-15.56.54:188][599]LogModuleManager: Shutting down and abandoning module XmlParser (380)
[2018.12.12-15.56.54:195][599]LogModuleManager: Shutting down and abandoning module Blutility (378)
[2018.12.12-15.56.54:227][599]LogModuleManager: Shutting down and abandoning module ProjectSettingsViewer (376)
[2018.12.12-15.56.54:227][599]LogModuleManager: Shutting down and abandoning module ProjectTargetPlatformEditor (375)
[2018.12.12-15.56.54:228][599]LogModuleManager: Shutting down and abandoning module EditorSettingsViewer (372)
[2018.12.12-15.56.54:228][599]LogModuleManager: Shutting down and abandoning module SettingsEditor (370)
[2018.12.12-15.56.54:297][599]LogModuleManager: Shutting down and abandoning module ProjectLauncher (368)
[2018.12.12-15.56.54:305][599]LogModuleManager: Shutting down and abandoning module SessionFrontend (366)
[2018.12.12-15.56.54:313][599]LogModuleManager: Shutting down and abandoning module ProfilerClient (364)
[2018.12.12-15.56.54:330][599]LogModuleManager: Shutting down and abandoning module DeviceManager (362)
[2018.12.12-15.56.54:341][599]LogModuleManager: Shutting down and abandoning module TargetDeviceServices (361)
[2018.12.12-15.56.54:391][599]LogModuleManager: Shutting down and abandoning module AutomationController (358)
[2018.12.12-15.56.54:401][599]LogModuleManager: Shutting down and abandoning module AutomationWindow (356)
[2018.12.12-15.56.54:411][599]LogModuleManager: Shutting down and abandoning module Layers (354)
[2018.12.12-15.56.54:422][599]LogModuleManager: Shutting down and abandoning module ComponentVisualizers (352)
[2018.12.12-15.56.54:422][599]LogModuleManager: Shutting down and abandoning module DetailCustomizations (350)
[2018.12.12-15.56.54:430][599]LogModuleManager: Shutting down and abandoning module PackagesDialog (348)
[2018.12.12-15.56.54:430][599]LogModuleManager: Shutting down and abandoning module Persona (346)
[2018.12.12-15.56.54:443][599]LogModuleManager: Shutting down and abandoning module AnimGraph (345)
[2018.12.12-15.56.54:443][599]LogModuleManager: Shutting down and abandoning module Kismet (342)
[2018.12.12-15.56.54:473][599]LogModuleManager: Shutting down and abandoning module GraphEditor (340)
[2018.12.12-15.56.54:473][599]LogModuleManager: Shutting down and abandoning module ClassViewer (338)
[2018.12.12-15.56.54:476][599]LogModuleManager: Shutting down and abandoning module Toolbox (336)
[2018.12.12-15.56.54:481][599]LogModuleManager: Shutting down and abandoning module ModuleUI (334)
[2018.12.12-15.56.54:488][599]LogModuleManager: Shutting down and abandoning module MovieSceneTools (332)
[2018.12.12-15.56.54:490][599]LogModuleManager: Shutting down and abandoning module OutputLog (330)
[2018.12.12-15.56.54:494][599]LogModuleManager: Shutting down and abandoning module GammaUI (328)
[2018.12.12-15.56.54:499][599]LogModuleManager: Shutting down and abandoning module Documentation (326)
[2018.12.12-15.56.54:499][599]LogModuleManager: Shutting down and abandoning module Niagara (324)
[2018.12.12-15.56.54:499][599]LogModuleManager: Shutting down and abandoning module StreamingPauseRendering (322)
[2018.12.12-15.56.54:499][599]LogModuleManager: Shutting down and abandoning module AnalyticsET (320)
[2018.12.12-15.56.54:499][599]LogModuleManager: Shutting down and abandoning module PortalServices (318)
[2018.12.12-15.56.54:499][599]LogModuleManager: Shutting down and abandoning module PortalRpc (316)
[2018.12.12-15.56.54:499][599]LogModuleManager: Shutting down and abandoning module MessagingRpc (314)
[2018.12.12-15.56.54:499][599]LogModuleManager: Shutting down and abandoning module AIModule (312)
[2018.12.12-15.56.54:499][599]LogModuleManager: Shutting down and abandoning module GameplayDebugger (311)
[2018.12.12-15.56.54:504][599]LogModuleManager: Shutting down and abandoning module AITestSuite (309)
[2018.12.12-15.56.54:504][599]LogModuleManager: Shutting down and abandoning module ProfilerService (306)
[2018.12.12-15.56.54:535][599]LogModuleManager: Shutting down and abandoning module TaskGraph (304)
[2018.12.12-15.56.54:544][599]LogModuleManager: Shutting down and abandoning module SteamVRController (302)
[2018.12.12-15.56.54:544][599]LogModuleManager: Shutting down and abandoning module SteamVR (300)
[2018.12.12-15.56.54:544][599]LogModuleManager: Shutting down and abandoning module ProceduralMeshComponentEditor (298)
[2018.12.12-15.56.54:544][599]LogModuleManager: Shutting down and abandoning module ProceduralMeshComponent (296)
[2018.12.12-15.56.54:549][599]LogModuleManager: Shutting down and abandoning module OculusLibrary (294)
[2018.12.12-15.56.54:549][599]LogModuleManager: Shutting down and abandoning module OculusInput (292)
[2018.12.12-15.56.54:550][599]LogModuleManager: Shutting down and abandoning module MobilePatchingUtils (290)
[2018.12.12-15.56.54:550][599]LogModuleManager: Shutting down and abandoning module CustomMeshComponent (288)
[2018.12.12-15.56.54:550][599]LogModuleManager: Shutting down and abandoning module CableComponent (286)
[2018.12.12-15.56.54:553][599]LogModuleManager: Shutting down and abandoning module ArchVisCharacter (284)
[2018.12.12-15.56.54:553][599]LogModuleManager: Shutting down and abandoning module MediaPlayerEditor (280)
[2018.12.12-15.56.54:572][599]LogModuleManager: Shutting down and abandoning module HTML5Networking (278)
[2018.12.12-15.56.54:573][599]LogModuleManager: Shutting down and abandoning module AlembicImporter (276)
[2018.12.12-15.56.54:576][599]LogModuleManager: Shutting down and abandoning module AlembicLibrary (275)
[2018.12.12-15.56.54:576][599]LogModuleManager: Shutting down and abandoning module GeometryCache (274)
[2018.12.12-15.56.54:580][599]LogModuleManager: Shutting down and abandoning module GeometryCacheEd (273)
[2018.12.12-15.56.54:580][599]LogModuleManager: Shutting down and abandoning module SuperSearchEditor (268)
[2018.12.12-15.56.54:580][599]LogModuleManager: Shutting down and abandoning module SuperSearch (267)
[2018.12.12-15.56.54:580][599]LogModuleManager: Shutting down and abandoning module SpeedTreeImporter (264)
[2018.12.12-15.56.54:580][599]LogModuleManager: Shutting down and abandoning module PluginBrowser (262)
[2018.12.12-15.56.54:591][599]LogModuleManager: Shutting down and abandoning module MobileLauncherProfileWizard (260)
[2018.12.12-15.56.54:602][599]LogModuleManager: Shutting down and abandoning module EpicSurvey (258)
[2018.12.12-15.56.54:602][599]LogModuleManager: Shutting down and abandoning module VisualStudioSourceCodeAccess (256)
[2018.12.12-15.56.54:602][599]LogModuleManager: Shutting down and abandoning module DesktopPlatform (255)
[2018.12.12-15.56.54:602][599]LogModuleManager: Shutting down and abandoning module UObjectPlugin (252)
[2018.12.12-15.56.54:602][599]LogModuleManager: Shutting down and abandoning module SubversionSourceControl (250)
[2018.12.12-15.56.54:612][599]LogModuleManager: Shutting down and abandoning module PerforceSourceControl (248)
[2018.12.12-15.56.54:621][599]LogModuleManager: Shutting down and abandoning module GitSourceControl (246)
[2018.12.12-15.56.54:622][599]LogModuleManager: Shutting down and abandoning module SourceControl (245)
[2018.12.12-15.56.54:622][599]LogModuleManager: Shutting down and abandoning module LightPropagationVolumeEditor (242)
[2018.12.12-15.56.54:622][599]LogModuleManager: Shutting down and abandoning module PaperTiledImporter (240)
[2018.12.12-15.56.54:622][599]LogModuleManager: Shutting down and abandoning module PaperSpriteSheetImporter (238)
[2018.12.12-15.56.54:622][599]LogModuleManager: Shutting down and abandoning module Paper2DEditor (236)
[2018.12.12-15.56.54:626][599]LogModuleManager: Shutting down and abandoning module MeshPaint (235)
[2018.12.12-15.56.54:629][599]LogModuleManager: Shutting down and abandoning module LevelEditor (233)
[2018.12.12-15.56.54:636][599]LogModuleManager: Shutting down and abandoning module PixelInspectorModule (232)
[2018.12.12-15.56.54:644][599]LogModuleManager: Shutting down and abandoning module MainFrame (230)
[2018.12.12-15.56.54:644][599]LogModuleManager: Shutting down and abandoning module HotReload (229)
[2018.12.12-15.56.54:653][599]LogModuleManager: Shutting down and abandoning module ContentBrowser (225)
[2018.12.12-15.56.54:654][599]LogModuleManager: Shutting down and abandoning module PhysXVehiclesEditor (222)
[2018.12.12-15.56.54:656][599]LogModuleManager: Shutting down and abandoning module PhysXVehicles (220)
[2018.12.12-15.56.54:656][599]LogModuleManager: Shutting down and abandoning module LocationServicesBPLibrary (218)
[2018.12.12-15.56.54:656][599]LogModuleManager: Shutting down and abandoning module UdpMessaging (216)
[2018.12.12-15.56.54:756][599]LogModuleManager: Shutting down and abandoning module TcpMessaging (214)
[2018.12.12-15.56.54:859][599]LogModuleManager: Shutting down and abandoning module GameplayTagsEditor (212)
[2018.12.12-15.56.54:868][599]LogModuleManager: Shutting down and abandoning module FacialAnimationEditor (210)
[2018.12.12-15.56.54:877][599]LogModuleManager: Shutting down and abandoning module FacialAnimation (208)
[2018.12.12-15.56.54:877][599]LogModuleManager: Shutting down and abandoning module LightPropagationVolumeRuntime (206)
[2018.12.12-15.56.54:877][599]LogModuleManager: Shutting down and abandoning module Paper2D (204)
[2018.12.12-15.56.54:882][599]LogModuleManager: Shutting down and abandoning module WindowsMoviePlayer (202)
[2018.12.12-15.56.54:887][599]LogModuleManager: Shutting down and abandoning module WmfMedia (200)
[2018.12.12-15.56.54:919][599]LogModuleManager: Shutting down and abandoning module MfMedia (198)
[2018.12.12-15.56.54:919][599]LogModuleManager: Shutting down and abandoning module MediaAssets (196)
[2018.12.12-15.56.54:919][599]LogModuleManager: Shutting down and abandoning module GameLiveStreaming (194)
[2018.12.12-15.56.54:922][599]LogModuleManager: Shutting down and abandoning module VREditor (192)
[2018.12.12-15.56.54:922][599]LogModuleManager: Shutting down and abandoning module GameplayTasksEditor (190)
[2018.12.12-15.56.54:922][599]LogModuleManager: Shutting down and abandoning module BehaviorTreeEditor (188)
[2018.12.12-15.56.54:935][599]LogModuleManager: Shutting down and abandoning module FunctionalTesting (186)
[2018.12.12-15.56.54:935][599]LogModuleManager: Shutting down and abandoning module CollisionAnalyzer (184)
[2018.12.12-15.56.54:937][599]LogModuleManager: Shutting down and abandoning module UMG (182)
[2018.12.12-15.56.54:937][599]LogModuleManager: Shutting down and abandoning module UMGEditor (181)
[2018.12.12-15.56.54:937][599]LogModuleManager: Shutting down and abandoning module Sequencer (180)
[2018.12.12-15.56.54:937][599]LogModuleManager: Shutting down and abandoning module AssetTools (178)
[2018.12.12-15.56.54:957][599]LogModuleManager: Shutting down and abandoning module MessageLog (177)
[2018.12.12-15.56.54:957][599]LogModuleManager: Shutting down and abandoning module WorkspaceMenuStructure (176)
[2018.12.12-15.56.54:957][599]LogModuleManager: Shutting down and abandoning module SlateReflector (170)
[2018.12.12-15.56.54:976][599]LogModuleManager: Shutting down and abandoning module Slate (168)
[2018.12.12-15.56.54:976][599]LogModuleManager: Shutting down and abandoning module EditorStyle (166)
[2018.12.12-15.56.54:984][599]LogModuleManager: Shutting down and abandoning module SourceCodeAccess (164)
[2018.12.12-15.56.54:987][599]LogModuleManager: Shutting down and abandoning module HeadMountedDisplay (162)
[2018.12.12-15.56.54:987][599]LogModuleManager: Shutting down and abandoning module XAudio2 (160)
[2018.12.12-15.56.54:987][599]LogModuleManager: Shutting down and abandoning module Networking (158)
[2018.12.12-15.56.54:987][599]LogModuleManager: Shutting down and abandoning module Core (154)
[2018.12.12-15.56.54:987][599]LogModuleManager: Shutting down and abandoning module AssetRegistry (152)
[2018.12.12-15.56.55:104][599]LogDirectoryWatcher: A directory notification for '../../../Engine/Content/' was aborted.
[2018.12.12-15.56.55:104][599]LogDirectoryWatcher: A directory notification for 'D:/Usuarios/Alumno/Documentos/Unreal Projects/juego3d/Content/' was aborted.
[2018.12.12-15.56.55:104][599]LogDirectoryWatcher: A directory notification for '../../../Engine/Plugins/2D/Paper2D/Content/' was aborted.
[2018.12.12-15.56.55:111][599]LogModuleManager: Shutting down and abandoning module DirectoryWatcher (151)
[2018.12.12-15.56.55:111][599]LogModuleManager: Shutting down and abandoning module KismetCompiler (148)
[2018.12.12-15.56.55:111][599]LogModuleManager: Shutting down and abandoning module PhysXFormats (146)
[2018.12.12-15.56.55:111][599]LogModuleManager: Shutting down and abandoning module MeshUtilities (144)
[2018.12.12-15.56.55:117][599]LogModuleManager: Shutting down and abandoning module SimplygonSwarm (143)
[2018.12.12-15.56.55:140][599]LogModuleManager: Shutting down and abandoning module SimplygonMeshReduction (141)
[2018.12.12-15.56.55:140][599]LogModuleManager: Shutting down and abandoning module QuadricMeshReduction (139)
[2018.12.12-15.56.55:149][599]LogModuleManager: Shutting down and abandoning module PropertyEditor (137)
[2018.12.12-15.56.55:152][599]LogModuleManager: Shutting down and abandoning module DerivedDataCache (134)
[2018.12.12-15.56.55:194][599]LogDerivedDataCache: Shutdown
[2018.12.12-15.56.55:194][599]LogModuleManager: Shutting down and abandoning module TargetPlatform (132)
[2018.12.12-15.56.55:194][599]LogModuleManager: Shutting down and abandoning module VulkanShaderFormat (131)
[2018.12.12-15.56.55:200][599]LogModuleManager: Shutting down and abandoning module ShaderFormatOpenGL (129)
[2018.12.12-15.56.55:206][599]LogModuleManager: Shutting down and abandoning module ShaderFormatD3D (127)
[2018.12.12-15.56.55:211][599]LogModuleManager: Shutting down and abandoning module MetalShaderFormat (125)
[2018.12.12-15.56.55:228][599]LogModuleManager: Shutting down and abandoning module TextureFormatUncompressed (123)
[2018.12.12-15.56.55:228][599]LogModuleManager: Shutting down and abandoning module TextureFormatPVR (121)
[2018.12.12-15.56.55:228][599]LogModuleManager: Shutting down and abandoning module TextureFormatDXT (119)
[2018.12.12-15.56.55:242][599]LogModuleManager: Shutting down and abandoning module TextureFormatIntelISPCTexComp (117)
[2018.12.12-15.56.55:263][599]LogModuleManager: Shutting down and abandoning module TextureFormatASTC (115)
[2018.12.12-15.56.55:263][599]LogModuleManager: Shutting down and abandoning module ImageWrapper (114)
[2018.12.12-15.56.55:263][599]LogModuleManager: Shutting down and abandoning module TextureFormatAndroid (111)
[2018.12.12-15.56.55:263][599]LogModuleManager: Shutting down and abandoning module AudioFormatOpus (109)
[2018.12.12-15.56.55:269][599]LogModuleManager: Shutting down and abandoning module AudioFormatOgg (107)
[2018.12.12-15.56.55:269][599]LogModuleManager: Shutting down and abandoning module AudioFormatADPCM (105)
[2018.12.12-15.56.55:269][599]LogModuleManager: Shutting down and abandoning module LinuxTargetPlatform (103)
[2018.12.12-15.56.55:269][599]LogModuleManager: Shutting down and abandoning module LinuxServerTargetPlatform (101)
[2018.12.12-15.56.55:269][599]LogModuleManager: Shutting down and abandoning module LinuxNoEditorTargetPlatform (99)
[2018.12.12-15.56.55:269][599]LogModuleManager: Shutting down and abandoning module LinuxClientTargetPlatform (97)
[2018.12.12-15.56.55:270][599]LogModuleManager: Shutting down and abandoning module TVOSTargetPlatform (95)
[2018.12.12-15.56.55:270][599]LogModuleManager: Shutting down and abandoning module Messaging (93)
[2018.12.12-15.56.55:270][599]LogModuleManager: Shutting down and abandoning module IOSTargetPlatform (91)
[2018.12.12-15.56.55:270][599]LogModuleManager: Shutting down and abandoning module HTML5TargetPlatform (89)
[2018.12.12-15.56.55:270][599]LogModuleManager: Shutting down and abandoning module Android_PVRTCTargetPlatform (87)
[2018.12.12-15.56.55:270][599]LogModuleManager: Shutting down and abandoning module Android_MultiTargetPlatform (85)
[2018.12.12-15.56.55:270][599]LogModuleManager: Shutting down and abandoning module Android_ETC2TargetPlatform (83)
[2018.12.12-15.56.55:270][599]LogModuleManager: Shutting down and abandoning module Android_ETC1TargetPlatform (81)
[2018.12.12-15.56.55:270][599]LogModuleManager: Shutting down and abandoning module Android_DXTTargetPlatform (79)
[2018.12.12-15.56.55:270][599]LogModuleManager: Shutting down and abandoning module Android_ATCTargetPlatform (77)
[2018.12.12-15.56.55:270][599]LogModuleManager: Shutting down and abandoning module Android_ASTCTargetPlatform (75)
[2018.12.12-15.56.55:270][599]LogModuleManager: Shutting down and abandoning module AndroidTargetPlatform (73)
[2018.12.12-15.56.55:270][599]LogModuleManager: Shutting down and abandoning module WindowsTargetPlatform (71)
[2018.12.12-15.56.55:270][599]LogModuleManager: Shutting down and abandoning module WindowsServerTargetPlatform (69)
[2018.12.12-15.56.55:270][599]LogModuleManager: Shutting down and abandoning module WindowsNoEditorTargetPlatform (67)
[2018.12.12-15.56.55:270][599]LogModuleManager: Shutting down and abandoning module WindowsClientTargetPlatform (65)
[2018.12.12-15.56.55:270][599]LogModuleManager: Shutting down and abandoning module MacTargetPlatform (63)
[2018.12.12-15.56.55:270][599]LogModuleManager: Shutting down and abandoning module MacServerTargetPlatform (61)
[2018.12.12-15.56.55:270][599]LogModuleManager: Shutting down and abandoning module MacNoEditorTargetPlatform (59)
[2018.12.12-15.56.55:270][599]LogModuleManager: Shutting down and abandoning module MacClientTargetPlatform (57)
[2018.12.12-15.56.55:270][599]LogModuleManager: Shutting down and abandoning module AllDesktopTargetPlatform (55)
[2018.12.12-15.56.55:270][599]LogModuleManager: Shutting down and abandoning module InputCore (52)
[2018.12.12-15.56.55:270][599]LogModuleManager: Shutting down and abandoning module Settings (50)
[2018.12.12-15.56.55:270][599]LogModuleManager: Shutting down and abandoning module OculusRift (48)
[2018.12.12-15.56.55:283][599]LogModuleManager: Shutting down and abandoning module GearVR (46)
[2018.12.12-15.56.55:283][599]LogModuleManager: Shutting down and abandoning module ExampleDeviceProfileSelector (44)
[2018.12.12-15.56.55:283][599]LogModuleManager: Shutting down and abandoning module OnlineBlueprintSupport (42)
[2018.12.12-15.56.55:283][599]LogModuleManager: Shutting down and abandoning module OnlineSubsystem (38)
[2018.12.12-15.56.55:283][599]LogOnline:Display: Unloading online subsystem: NULL
[2018.12.12-15.56.55:300][599]LogModuleManager: Shutting down and abandoning module XMPP (37)
[2018.12.12-15.56.55:329][599]LogModuleManager: Shutting down and abandoning module HTTP (35)
[2018.12.12-15.56.55:331][599]LogHttp:Display: Http module shutting down, but needs to wait on 1 outstanding Http requests:
[2018.12.12-15.56.55:332][599]LogHttp:Display: 	verb=[POST] url=[https://datarouter.ol.epicgames.com/datarouter/api/v1/public/data?SessionID=%7B7998184D-4729-6ED2-F966-FD87F9132E30%7D&AppID=UEEditor.Rocket.Release&AppVersion=4.15.3-3450819%2B%2B%2BUE4%2BRelease-4.15&UserID=aad17b8b475c9a2505f9a8a8be923e61%7C6c47af31020f48078c1f81d830452129%7Ce70b34dc-bb45-43b7-a933-94a96200fbf0&AppEnvironment=datacollector-binary&UploadType=eteventstream] status=Processing
[2018.12.12-15.56.55:349][599]LogModuleManager: Shutting down and abandoning module SSL (34)
[2018.12.12-15.56.55:358][599]LogModuleManager: Shutting down and abandoning module AudioEditor (30)
[2018.12.12-15.56.55:364][599]LogModuleManager: Shutting down and abandoning module TextureCompressor (28)
[2018.12.12-15.56.55:364][599]LogModuleManager: Shutting down and abandoning module ShaderCore (26)
[2018.12.12-15.56.55:364][599]LogModuleManager: Shutting down and abandoning module Landscape (24)
[2018.12.12-15.56.55:364][599]LogModuleManager: Shutting down and abandoning module SlateRHIRenderer (22)
[2018.12.12-15.56.55:380][599]LogModuleManager: Shutting down and abandoning module OpenGLDrv (20)
[2018.12.12-15.56.55:391][599]LogModuleManager: Shutting down and abandoning module D3D11RHI (18)
[2018.12.12-15.56.55:391][599]LogModuleManager: Shutting down and abandoning module AnimGraphRuntime (16)
[2018.12.12-15.56.55:397][599]LogModuleManager: Shutting down and abandoning module Renderer (14)
[2018.12.12-15.56.55:397][599]LogModuleManager: Shutting down and abandoning module Engine (12)
[2018.12.12-15.56.55:397][599]LogModuleManager: Shutting down and abandoning module CoreUObject (10)
[2018.12.12-15.56.55:397][599]LogModuleManager: Shutting down and abandoning module NetworkFile (8)
[2018.12.12-15.56.55:410][599]LogModuleManager: Shutting down and abandoning module StreamingFile (6)
[2018.12.12-15.56.55:416][599]LogModuleManager: Shutting down and abandoning module SandboxFile (4)
[2018.12.12-15.56.55:416][599]LogModuleManager: Shutting down and abandoning module PakFile (2)
[2018.12.12-15.56.55:458][599]LogExit: Exiting.
[2018.12.12-15.56.55:491][599]Log file closed, 12/12/18 16:56:55
